[2021-04-24 11:40:02,983] {taskinstance.py:877} INFO - Dependencies all met for <TaskInstance: project_dag.Stage_events 2020-03-01T00:00:00+00:00 [queued]>
[2021-04-24 11:40:03,178] {taskinstance.py:877} INFO - Dependencies all met for <TaskInstance: project_dag.Stage_events 2020-03-01T00:00:00+00:00 [queued]>
[2021-04-24 11:40:03,178] {taskinstance.py:1068} INFO - 
--------------------------------------------------------------------------------
[2021-04-24 11:40:03,178] {taskinstance.py:1069} INFO - Starting attempt 1 of 2
[2021-04-24 11:40:03,178] {taskinstance.py:1070} INFO - 
--------------------------------------------------------------------------------
[2021-04-24 11:40:03,362] {taskinstance.py:1089} INFO - Executing <Task(StageToRedshiftOperator): Stage_events> on 2020-03-01T00:00:00+00:00
[2021-04-24 11:40:03,453] {standard_task_runner.py:76} INFO - Running: ['airflow', 'tasks', 'run', 'project_dag', 'Stage_events', '2020-03-01T00:00:00+00:00', '--job-id', '49', '--pool', 'default_pool', '--raw', '--subdir', 'DAGS_FOLDER/udac_example_dag.py', '--cfg-path', '/tmp/tmp_ji_3f9b', '--error-file', '/tmp/tmpzu832_vn']
[2021-04-24 11:40:03,464] {standard_task_runner.py:77} INFO - Job 49: Subtask Stage_events
[2021-04-24 11:40:03,394] {standard_task_runner.py:52} INFO - Started process 133 to run task
[2021-04-24 11:40:04,083] {logging_mixin.py:104} INFO - Running <TaskInstance: project_dag.Stage_events 2020-03-01T00:00:00+00:00 [running]> on host 88dcd2a12842
[2021-04-24 11:40:04,787] {taskinstance.py:1283} INFO - Exporting the following env vars:
AIRFLOW_CTX_DAG_EMAIL=ernest@gmail.com.com
AIRFLOW_CTX_DAG_OWNER=udacity
AIRFLOW_CTX_DAG_ID=project_dag
AIRFLOW_CTX_TASK_ID=Stage_events
AIRFLOW_CTX_EXECUTION_DATE=2020-03-01T00:00:00+00:00
AIRFLOW_CTX_DAG_RUN_ID=scheduled__2020-03-01T00:00:00+00:00
[2021-04-24 11:40:04,787] {stage_redshift.py:38} INFO - Start implementation of StageToRedshiftOperator
[2021-04-24 11:40:04,842] {taskinstance.py:1482} ERROR - Task failed with exception
Traceback (most recent call last):
  File "/home/airflow/.local/lib/python3.6/site-packages/airflow/models/taskinstance.py", line 1138, in _run_raw_task
    self._prepare_and_execute_task_with_callbacks(context, task)
  File "/home/airflow/.local/lib/python3.6/site-packages/airflow/models/taskinstance.py", line 1311, in _prepare_and_execute_task_with_callbacks
    result = self._execute_task(context, task_copy)
  File "/home/airflow/.local/lib/python3.6/site-packages/airflow/models/taskinstance.py", line 1341, in _execute_task
    result = task_copy.execute(context=context)
  File "/opt/airflow/plugins/operators/stage_redshift.py", line 39, in execute
    aws_hook = AwsHook(self.aws_credentials_id)
  File "/home/airflow/.local/lib/python3.6/site-packages/airflow/contrib/hooks/aws_hook.py", line 41, in __init__
    super().__init__(*args, **kwargs)
  File "/home/airflow/.local/lib/python3.6/site-packages/airflow/providers/amazon/aws/hooks/base_aws.py", line 360, in __init__
    raise AirflowException('Either client_type or resource_type must be provided.')
airflow.exceptions.AirflowException: Either client_type or resource_type must be provided.
[2021-04-24 11:40:04,863] {taskinstance.py:1532} INFO - Marking task as UP_FOR_RETRY. dag_id=project_dag, task_id=Stage_events, execution_date=20200301T000000, start_date=20210424T114002, end_date=20210424T114004
[2021-04-24 11:40:05,161] {local_task_job.py:146} INFO - Task exited with return code 1
[2021-04-27 20:16:33,245] {taskinstance.py:877} INFO - Dependencies all met for <TaskInstance: project_dag.Stage_events 2020-03-01T00:00:00+00:00 [queued]>
[2021-04-27 20:16:33,891] {taskinstance.py:877} INFO - Dependencies all met for <TaskInstance: project_dag.Stage_events 2020-03-01T00:00:00+00:00 [queued]>
[2021-04-27 20:16:33,904] {taskinstance.py:1068} INFO - 
--------------------------------------------------------------------------------
[2021-04-27 20:16:33,936] {taskinstance.py:1069} INFO - Starting attempt 1 of 2
[2021-04-27 20:16:33,940] {taskinstance.py:1070} INFO - 
--------------------------------------------------------------------------------
[2021-04-27 20:16:34,598] {taskinstance.py:1089} INFO - Executing <Task(StageToRedshiftOperator): Stage_events> on 2020-03-01T00:00:00+00:00
[2021-04-27 20:16:35,254] {standard_task_runner.py:76} INFO - Running: ['airflow', 'tasks', 'run', 'project_dag', 'Stage_events', '2020-03-01T00:00:00+00:00', '--job-id', '45', '--pool', 'default_pool', '--raw', '--subdir', 'DAGS_FOLDER/udac_example_dag.py', '--cfg-path', '/tmp/tmpb5yytzlu', '--error-file', '/tmp/tmph3trgni2']
[2021-04-27 20:16:35,254] {standard_task_runner.py:77} INFO - Job 45: Subtask Stage_events
[2021-04-27 20:16:35,164] {standard_task_runner.py:52} INFO - Started process 131 to run task
[2021-04-27 20:16:37,605] {logging_mixin.py:104} INFO - Running <TaskInstance: project_dag.Stage_events 2020-03-01T00:00:00+00:00 [running]> on host 88b3af0c26c0
[2021-04-27 20:16:40,147] {taskinstance.py:1283} INFO - Exporting the following env vars:
AIRFLOW_CTX_DAG_EMAIL=ernestoffor@gmail.com.com
AIRFLOW_CTX_DAG_OWNER=udacity
AIRFLOW_CTX_DAG_ID=project_dag
AIRFLOW_CTX_TASK_ID=Stage_events
AIRFLOW_CTX_EXECUTION_DATE=2020-03-01T00:00:00+00:00
AIRFLOW_CTX_DAG_RUN_ID=scheduled__2020-03-01T00:00:00+00:00
[2021-04-27 20:16:40,195] {stage_redshift.py:65} INFO - Start implementation of StageToRedshiftOperator
[2021-04-27 20:16:40,195] {taskinstance.py:1482} ERROR - Task failed with exception
Traceback (most recent call last):
  File "/home/airflow/.local/lib/python3.6/site-packages/airflow/models/taskinstance.py", line 1138, in _run_raw_task
    self._prepare_and_execute_task_with_callbacks(context, task)
  File "/home/airflow/.local/lib/python3.6/site-packages/airflow/models/taskinstance.py", line 1311, in _prepare_and_execute_task_with_callbacks
    result = self._execute_task(context, task_copy)
  File "/home/airflow/.local/lib/python3.6/site-packages/airflow/models/taskinstance.py", line 1341, in _execute_task
    result = task_copy.execute(context=context)
  File "/opt/airflow/plugins/operators/stage_redshift.py", line 66, in execute
    s3 = S3Hook(aws_conn_id=self.aws_credentials_id)
AttributeError: 'StageToRedshiftOperator' object has no attribute 'aws_credentials_id'
[2021-04-27 20:16:40,311] {taskinstance.py:1532} INFO - Marking task as UP_FOR_RETRY. dag_id=project_dag, task_id=Stage_events, execution_date=20200301T000000, start_date=20210427T201633, end_date=20210427T201640
[2021-04-27 20:16:42,364] {local_task_job.py:146} INFO - Task exited with return code 1
[2021-04-27 20:33:59,357] {taskinstance.py:877} INFO - Dependencies all met for <TaskInstance: project_dag.Stage_events 2020-03-01T00:00:00+00:00 [queued]>
[2021-04-27 20:33:59,886] {taskinstance.py:877} INFO - Dependencies all met for <TaskInstance: project_dag.Stage_events 2020-03-01T00:00:00+00:00 [queued]>
[2021-04-27 20:33:59,886] {taskinstance.py:1068} INFO - 
--------------------------------------------------------------------------------
[2021-04-27 20:33:59,886] {taskinstance.py:1069} INFO - Starting attempt 1 of 2
[2021-04-27 20:33:59,886] {taskinstance.py:1070} INFO - 
--------------------------------------------------------------------------------
[2021-04-27 20:34:00,211] {taskinstance.py:1089} INFO - Executing <Task(StageToRedshiftOperator): Stage_events> on 2020-03-01T00:00:00+00:00
[2021-04-27 20:34:00,667] {standard_task_runner.py:52} INFO - Started process 123 to run task
[2021-04-27 20:34:01,190] {standard_task_runner.py:76} INFO - Running: ['airflow', 'tasks', 'run', 'project_dag', 'Stage_events', '2020-03-01T00:00:00+00:00', '--job-id', '42', '--pool', 'default_pool', '--raw', '--subdir', 'DAGS_FOLDER/udac_example_dag.py', '--cfg-path', '/tmp/tmpngze66pp', '--error-file', '/tmp/tmp296qky50']
[2021-04-27 20:34:01,283] {standard_task_runner.py:77} INFO - Job 42: Subtask Stage_events
[2021-04-27 20:34:02,839] {logging_mixin.py:104} INFO - Running <TaskInstance: project_dag.Stage_events 2020-03-01T00:00:00+00:00 [running]> on host 478c7ec349b0
[2021-04-27 20:34:03,456] {taskinstance.py:1283} INFO - Exporting the following env vars:
AIRFLOW_CTX_DAG_EMAIL=ernestoffor@gmail.com.com
AIRFLOW_CTX_DAG_OWNER=udacity
AIRFLOW_CTX_DAG_ID=project_dag
AIRFLOW_CTX_TASK_ID=Stage_events
AIRFLOW_CTX_EXECUTION_DATE=2020-03-01T00:00:00+00:00
AIRFLOW_CTX_DAG_RUN_ID=scheduled__2020-03-01T00:00:00+00:00
[2021-04-27 20:34:03,457] {stage_redshift.py:67} INFO - Start implementation of StageToRedshiftOperator
[2021-04-27 20:34:03,460] {stage_redshift.py:74} INFO - Preparing destination Redshift table
[2021-04-27 20:34:03,665] {base.py:78} INFO - Using connection to: id: redshift. Host: redshift.cxvwoeu3kuea.us-west-2.redshift.amazonaws.com, Port: 5439, Schema: dev, Login: awsuser, Password: XXXXXXXX, extra: None
[2021-04-27 20:34:05,213] {dbapi.py:180} INFO - Running statement: DELETE FROM staging_events, parameters: None
[2021-04-27 20:34:05,673] {dbapi.py:186} INFO - Rows affected: 0
[2021-04-27 20:34:05,992] {stage_redshift.py:77} INFO - Getting data from S3 to Redshift
[2021-04-27 20:34:10,157] {taskinstance.py:1482} ERROR - Task failed with exception
Traceback (most recent call last):
  File "/home/airflow/.local/lib/python3.6/site-packages/airflow/models/taskinstance.py", line 1138, in _run_raw_task
    self._prepare_and_execute_task_with_callbacks(context, task)
  File "/home/airflow/.local/lib/python3.6/site-packages/airflow/models/taskinstance.py", line 1311, in _prepare_and_execute_task_with_callbacks
    result = self._execute_task(context, task_copy)
  File "/home/airflow/.local/lib/python3.6/site-packages/airflow/models/taskinstance.py", line 1341, in _execute_task
    result = task_copy.execute(context=context)
  File "/opt/airflow/plugins/operators/stage_redshift.py", line 83, in execute
    s3.get_credentials().access_key,
  File "/home/airflow/.local/lib/python3.6/site-packages/airflow/providers/amazon/aws/hooks/base_aws.py", line 478, in get_credentials
    return session.get_credentials().get_frozen_credentials()
AttributeError: 'NoneType' object has no attribute 'get_frozen_credentials'
[2021-04-27 20:34:10,179] {taskinstance.py:1532} INFO - Marking task as UP_FOR_RETRY. dag_id=project_dag, task_id=Stage_events, execution_date=20200301T000000, start_date=20210427T203359, end_date=20210427T203410
[2021-04-27 20:34:10,595] {local_task_job.py:146} INFO - Task exited with return code 1
