[2021-04-24 11:38:55,750] {taskinstance.py:877} INFO - Dependencies all met for <TaskInstance: project_dag.Stage_songs 2019-05-01T00:00:00+00:00 [queued]>
[2021-04-24 11:38:55,936] {taskinstance.py:877} INFO - Dependencies all met for <TaskInstance: project_dag.Stage_songs 2019-05-01T00:00:00+00:00 [queued]>
[2021-04-24 11:38:55,936] {taskinstance.py:1068} INFO - 
--------------------------------------------------------------------------------
[2021-04-24 11:38:55,937] {taskinstance.py:1069} INFO - Starting attempt 1 of 2
[2021-04-24 11:38:55,937] {taskinstance.py:1070} INFO - 
--------------------------------------------------------------------------------
[2021-04-24 11:38:56,112] {taskinstance.py:1089} INFO - Executing <Task(StageToRedshiftOperator): Stage_songs> on 2019-05-01T00:00:00+00:00
[2021-04-24 11:38:56,123] {standard_task_runner.py:52} INFO - Started process 82 to run task
[2021-04-24 11:38:56,144] {standard_task_runner.py:76} INFO - Running: ['airflow', 'tasks', 'run', 'project_dag', 'Stage_songs', '2019-05-01T00:00:00+00:00', '--job-id', '20', '--pool', 'default_pool', '--raw', '--subdir', 'DAGS_FOLDER/udac_example_dag.py', '--cfg-path', '/tmp/tmpoyzzwl79', '--error-file', '/tmp/tmp1zm19fs7']
[2021-04-24 11:38:56,145] {standard_task_runner.py:77} INFO - Job 20: Subtask Stage_songs
[2021-04-24 11:38:56,685] {logging_mixin.py:104} INFO - Running <TaskInstance: project_dag.Stage_songs 2019-05-01T00:00:00+00:00 [running]> on host 88dcd2a12842
[2021-04-24 11:38:57,893] {taskinstance.py:1283} INFO - Exporting the following env vars:
AIRFLOW_CTX_DAG_EMAIL=ernest@gmail.com.com
AIRFLOW_CTX_DAG_OWNER=udacity
AIRFLOW_CTX_DAG_ID=project_dag
AIRFLOW_CTX_TASK_ID=Stage_songs
AIRFLOW_CTX_EXECUTION_DATE=2019-05-01T00:00:00+00:00
AIRFLOW_CTX_DAG_RUN_ID=scheduled__2019-05-01T00:00:00+00:00
[2021-04-24 11:38:57,895] {stage_redshift.py:38} INFO - Start implementation of StageToRedshiftOperator
[2021-04-24 11:38:57,927] {taskinstance.py:1482} ERROR - Task failed with exception
Traceback (most recent call last):
  File "/home/airflow/.local/lib/python3.6/site-packages/airflow/models/taskinstance.py", line 1138, in _run_raw_task
    self._prepare_and_execute_task_with_callbacks(context, task)
  File "/home/airflow/.local/lib/python3.6/site-packages/airflow/models/taskinstance.py", line 1311, in _prepare_and_execute_task_with_callbacks
    result = self._execute_task(context, task_copy)
  File "/home/airflow/.local/lib/python3.6/site-packages/airflow/models/taskinstance.py", line 1341, in _execute_task
    result = task_copy.execute(context=context)
  File "/opt/airflow/plugins/operators/stage_redshift.py", line 39, in execute
    aws_hook = AwsHook(self.aws_credentials_id)
  File "/home/airflow/.local/lib/python3.6/site-packages/airflow/contrib/hooks/aws_hook.py", line 41, in __init__
    super().__init__(*args, **kwargs)
  File "/home/airflow/.local/lib/python3.6/site-packages/airflow/providers/amazon/aws/hooks/base_aws.py", line 360, in __init__
    raise AirflowException('Either client_type or resource_type must be provided.')
airflow.exceptions.AirflowException: Either client_type or resource_type must be provided.
[2021-04-24 11:39:02,805] {taskinstance.py:1532} INFO - Marking task as UP_FOR_RETRY. dag_id=project_dag, task_id=Stage_songs, execution_date=20190501T000000, start_date=20210424T113855, end_date=20210424T113901
[2021-04-24 11:39:05,845] {local_task_job.py:146} INFO - Task exited with return code 1
[2021-04-27 20:15:54,738] {taskinstance.py:877} INFO - Dependencies all met for <TaskInstance: project_dag.Stage_songs 2019-05-01T00:00:00+00:00 [queued]>
[2021-04-27 20:15:55,293] {taskinstance.py:877} INFO - Dependencies all met for <TaskInstance: project_dag.Stage_songs 2019-05-01T00:00:00+00:00 [queued]>
[2021-04-27 20:15:55,294] {taskinstance.py:1068} INFO - 
--------------------------------------------------------------------------------
[2021-04-27 20:15:55,294] {taskinstance.py:1069} INFO - Starting attempt 1 of 2
[2021-04-27 20:15:55,294] {taskinstance.py:1070} INFO - 
--------------------------------------------------------------------------------
[2021-04-27 20:15:55,887] {taskinstance.py:1089} INFO - Executing <Task(StageToRedshiftOperator): Stage_songs> on 2019-05-01T00:00:00+00:00
[2021-04-27 20:15:56,058] {standard_task_runner.py:52} INFO - Started process 98 to run task
[2021-04-27 20:15:56,764] {standard_task_runner.py:76} INFO - Running: ['airflow', 'tasks', 'run', 'project_dag', 'Stage_songs', '2019-05-01T00:00:00+00:00', '--job-id', '24', '--pool', 'default_pool', '--raw', '--subdir', 'DAGS_FOLDER/udac_example_dag.py', '--cfg-path', '/tmp/tmpmz510uh8', '--error-file', '/tmp/tmpf55suk0t']
[2021-04-27 20:15:56,765] {standard_task_runner.py:77} INFO - Job 24: Subtask Stage_songs
[2021-04-27 20:15:58,734] {logging_mixin.py:104} INFO - Running <TaskInstance: project_dag.Stage_songs 2019-05-01T00:00:00+00:00 [running]> on host 88b3af0c26c0
[2021-04-27 20:16:00,927] {taskinstance.py:1283} INFO - Exporting the following env vars:
AIRFLOW_CTX_DAG_EMAIL=ernestoffor@gmail.com.com
AIRFLOW_CTX_DAG_OWNER=udacity
AIRFLOW_CTX_DAG_ID=project_dag
AIRFLOW_CTX_TASK_ID=Stage_songs
AIRFLOW_CTX_EXECUTION_DATE=2019-05-01T00:00:00+00:00
AIRFLOW_CTX_DAG_RUN_ID=scheduled__2019-05-01T00:00:00+00:00
[2021-04-27 20:16:00,933] {stage_redshift.py:65} INFO - Start implementation of StageToRedshiftOperator
[2021-04-27 20:16:00,933] {taskinstance.py:1482} ERROR - Task failed with exception
Traceback (most recent call last):
  File "/home/airflow/.local/lib/python3.6/site-packages/airflow/models/taskinstance.py", line 1138, in _run_raw_task
    self._prepare_and_execute_task_with_callbacks(context, task)
  File "/home/airflow/.local/lib/python3.6/site-packages/airflow/models/taskinstance.py", line 1311, in _prepare_and_execute_task_with_callbacks
    result = self._execute_task(context, task_copy)
  File "/home/airflow/.local/lib/python3.6/site-packages/airflow/models/taskinstance.py", line 1341, in _execute_task
    result = task_copy.execute(context=context)
  File "/opt/airflow/plugins/operators/stage_redshift.py", line 66, in execute
    s3 = S3Hook(aws_conn_id=self.aws_credentials_id)
AttributeError: 'StageToRedshiftOperator' object has no attribute 'aws_credentials_id'
[2021-04-27 20:16:01,116] {taskinstance.py:1532} INFO - Marking task as UP_FOR_RETRY. dag_id=project_dag, task_id=Stage_songs, execution_date=20190501T000000, start_date=20210427T201554, end_date=20210427T201601
[2021-04-27 20:16:03,329] {local_task_job.py:146} INFO - Task exited with return code 1
[2021-04-27 20:33:07,091] {taskinstance.py:877} INFO - Dependencies all met for <TaskInstance: project_dag.Stage_songs 2019-05-01T00:00:00+00:00 [queued]>
[2021-04-27 20:33:08,557] {taskinstance.py:877} INFO - Dependencies all met for <TaskInstance: project_dag.Stage_songs 2019-05-01T00:00:00+00:00 [queued]>
[2021-04-27 20:33:08,558] {taskinstance.py:1068} INFO - 
--------------------------------------------------------------------------------
[2021-04-27 20:33:08,558] {taskinstance.py:1069} INFO - Starting attempt 1 of 2
[2021-04-27 20:33:08,562] {taskinstance.py:1070} INFO - 
--------------------------------------------------------------------------------
[2021-04-27 20:33:09,052] {taskinstance.py:1089} INFO - Executing <Task(StageToRedshiftOperator): Stage_songs> on 2019-05-01T00:00:00+00:00
[2021-04-27 20:33:09,561] {standard_task_runner.py:76} INFO - Running: ['airflow', 'tasks', 'run', 'project_dag', 'Stage_songs', '2019-05-01T00:00:00+00:00', '--job-id', '23', '--pool', 'default_pool', '--raw', '--subdir', 'DAGS_FOLDER/udac_example_dag.py', '--cfg-path', '/tmp/tmp9uda2sc5', '--error-file', '/tmp/tmphpkivqpn']
[2021-04-27 20:33:09,562] {standard_task_runner.py:77} INFO - Job 23: Subtask Stage_songs
[2021-04-27 20:33:09,436] {standard_task_runner.py:52} INFO - Started process 85 to run task
[2021-04-27 20:33:11,992] {logging_mixin.py:104} INFO - Running <TaskInstance: project_dag.Stage_songs 2019-05-01T00:00:00+00:00 [running]> on host 478c7ec349b0
[2021-04-27 20:33:14,624] {taskinstance.py:1283} INFO - Exporting the following env vars:
AIRFLOW_CTX_DAG_EMAIL=ernestoffor@gmail.com.com
AIRFLOW_CTX_DAG_OWNER=udacity
AIRFLOW_CTX_DAG_ID=project_dag
AIRFLOW_CTX_TASK_ID=Stage_songs
AIRFLOW_CTX_EXECUTION_DATE=2019-05-01T00:00:00+00:00
AIRFLOW_CTX_DAG_RUN_ID=scheduled__2019-05-01T00:00:00+00:00
[2021-04-27 20:33:14,626] {stage_redshift.py:67} INFO - Start implementation of StageToRedshiftOperator
[2021-04-27 20:33:14,627] {stage_redshift.py:74} INFO - Preparing destination Redshift table
[2021-04-27 20:33:14,902] {base.py:78} INFO - Using connection to: id: redshift. Host: redshift.cxvwoeu3kuea.us-west-2.redshift.amazonaws.com, Port: 5439, Schema: dev, Login: awsuser, Password: XXXXXXXX, extra: None
[2021-04-27 20:33:16,480] {dbapi.py:180} INFO - Running statement: DELETE FROM staging_songs, parameters: None
[2021-04-27 20:33:16,960] {dbapi.py:186} INFO - Rows affected: 0
[2021-04-27 20:33:17,257] {stage_redshift.py:77} INFO - Getting data from S3 to Redshift
[2021-04-27 20:33:22,676] {taskinstance.py:1482} ERROR - Task failed with exception
Traceback (most recent call last):
  File "/home/airflow/.local/lib/python3.6/site-packages/airflow/models/taskinstance.py", line 1138, in _run_raw_task
    self._prepare_and_execute_task_with_callbacks(context, task)
  File "/home/airflow/.local/lib/python3.6/site-packages/airflow/models/taskinstance.py", line 1311, in _prepare_and_execute_task_with_callbacks
    result = self._execute_task(context, task_copy)
  File "/home/airflow/.local/lib/python3.6/site-packages/airflow/models/taskinstance.py", line 1341, in _execute_task
    result = task_copy.execute(context=context)
  File "/opt/airflow/plugins/operators/stage_redshift.py", line 83, in execute
    s3.get_credentials().access_key,
  File "/home/airflow/.local/lib/python3.6/site-packages/airflow/providers/amazon/aws/hooks/base_aws.py", line 478, in get_credentials
    return session.get_credentials().get_frozen_credentials()
AttributeError: 'NoneType' object has no attribute 'get_frozen_credentials'
[2021-04-27 20:33:22,685] {taskinstance.py:1532} INFO - Marking task as UP_FOR_RETRY. dag_id=project_dag, task_id=Stage_songs, execution_date=20190501T000000, start_date=20210427T203307, end_date=20210427T203322
[2021-04-27 20:33:23,558] {local_task_job.py:146} INFO - Task exited with return code 1
