[2021-06-25 16:34:07,602] {taskinstance.py:877} INFO - Dependencies all met for <TaskInstance: project_dag.Stage_events 2019-01-12T08:00:00+00:00 [queued]>
[2021-06-25 16:34:07,672] {taskinstance.py:877} INFO - Dependencies all met for <TaskInstance: project_dag.Stage_events 2019-01-12T08:00:00+00:00 [queued]>
[2021-06-25 16:34:07,674] {taskinstance.py:1068} INFO - 
--------------------------------------------------------------------------------
[2021-06-25 16:34:07,675] {taskinstance.py:1069} INFO - Starting attempt 1 of 2
[2021-06-25 16:34:07,676] {taskinstance.py:1070} INFO - 
--------------------------------------------------------------------------------
[2021-06-25 16:34:07,712] {taskinstance.py:1089} INFO - Executing <Task(StageToRedshiftOperator): Stage_events> on 2019-01-12T08:00:00+00:00
[2021-06-25 16:34:07,722] {standard_task_runner.py:52} INFO - Started process 125 to run task
[2021-06-25 16:34:07,745] {standard_task_runner.py:76} INFO - Running: ['airflow', 'tasks', 'run', 'project_dag', 'Stage_events', '2019-01-12T08:00:00+00:00', '--job-id', '45', '--pool', 'default_pool', '--raw', '--subdir', 'DAGS_FOLDER/udac_example_dag.py', '--cfg-path', '/tmp/tmpkzn20ft5', '--error-file', '/tmp/tmp70s85dda']
[2021-06-25 16:34:07,750] {standard_task_runner.py:77} INFO - Job 45: Subtask Stage_events
[2021-06-25 16:34:07,991] {logging_mixin.py:104} INFO - Running <TaskInstance: project_dag.Stage_events 2019-01-12T08:00:00+00:00 [running]> on host c19f75550f33
[2021-06-25 16:34:08,336] {taskinstance.py:1283} INFO - Exporting the following env vars:
AIRFLOW_CTX_DAG_EMAIL=airflow@example.com
AIRFLOW_CTX_DAG_OWNER=udacity
AIRFLOW_CTX_DAG_ID=project_dag
AIRFLOW_CTX_TASK_ID=Stage_events
AIRFLOW_CTX_EXECUTION_DATE=2019-01-12T08:00:00+00:00
AIRFLOW_CTX_DAG_RUN_ID=scheduled__2019-01-12T08:00:00+00:00
[2021-06-25 16:34:08,337] {stage_redshift.py:67} INFO - Start implementation of StageToRedshiftOperator
[2021-06-25 16:34:08,337] {stage_redshift.py:74} INFO - Preparing destination Redshift table
[2021-06-25 16:34:08,360] {base.py:78} INFO - Using connection to: id: redshift. Host: redshift.cxvwoeu3kuea.us-west-2.redshift.amazonaws.com, Port: 5439, Schema: dev, Login: awsuser, Password: XXXXXXXX, extra: None
[2021-06-25 16:34:09,777] {dbapi.py:180} INFO - Running statement: DELETE FROM staging_events, parameters: None
[2021-06-25 16:34:10,212] {dbapi.py:186} INFO - Rows affected: 0
[2021-06-25 16:34:10,447] {stage_redshift.py:77} INFO - Getting data from S3 to Redshift
[2021-06-25 16:34:12,507] {taskinstance.py:1482} ERROR - Task failed with exception
Traceback (most recent call last):
  File "/home/airflow/.local/lib/python3.6/site-packages/airflow/models/taskinstance.py", line 1138, in _run_raw_task
    self._prepare_and_execute_task_with_callbacks(context, task)
  File "/home/airflow/.local/lib/python3.6/site-packages/airflow/models/taskinstance.py", line 1311, in _prepare_and_execute_task_with_callbacks
    result = self._execute_task(context, task_copy)
  File "/home/airflow/.local/lib/python3.6/site-packages/airflow/models/taskinstance.py", line 1341, in _execute_task
    result = task_copy.execute(context=context)
  File "/opt/airflow/plugins/operators/stage_redshift.py", line 83, in execute
    s3.get_credentials().access_key,
  File "/home/airflow/.local/lib/python3.6/site-packages/airflow/providers/amazon/aws/hooks/base_aws.py", line 478, in get_credentials
    return session.get_credentials().get_frozen_credentials()
AttributeError: 'NoneType' object has no attribute 'get_frozen_credentials'
[2021-06-25 16:34:12,512] {taskinstance.py:1532} INFO - Marking task as UP_FOR_RETRY. dag_id=project_dag, task_id=Stage_events, execution_date=20190112T080000, start_date=20210625T163407, end_date=20210625T163412
[2021-06-25 16:34:12,632] {local_task_job.py:146} INFO - Task exited with return code 1
