[2021-04-24 11:38:56,139] {taskinstance.py:877} INFO - Dependencies all met for <TaskInstance: project_dag.Stage_songs 2019-02-01T00:00:00+00:00 [queued]>
[2021-04-24 11:38:56,786] {taskinstance.py:877} INFO - Dependencies all met for <TaskInstance: project_dag.Stage_songs 2019-02-01T00:00:00+00:00 [queued]>
[2021-04-24 11:38:56,788] {taskinstance.py:1068} INFO - 
--------------------------------------------------------------------------------
[2021-04-24 11:38:56,794] {taskinstance.py:1069} INFO - Starting attempt 1 of 2
[2021-04-24 11:38:56,795] {taskinstance.py:1070} INFO - 
--------------------------------------------------------------------------------
[2021-04-24 11:38:56,976] {taskinstance.py:1089} INFO - Executing <Task(StageToRedshiftOperator): Stage_songs> on 2019-02-01T00:00:00+00:00
[2021-04-24 11:38:57,158] {standard_task_runner.py:76} INFO - Running: ['airflow', 'tasks', 'run', 'project_dag', 'Stage_songs', '2019-02-01T00:00:00+00:00', '--job-id', '25', '--pool', 'default_pool', '--raw', '--subdir', 'DAGS_FOLDER/udac_example_dag.py', '--cfg-path', '/tmp/tmplce8dg9l', '--error-file', '/tmp/tmp8dphx7tg']
[2021-04-24 11:38:57,173] {standard_task_runner.py:77} INFO - Job 25: Subtask Stage_songs
[2021-04-24 11:38:57,128] {standard_task_runner.py:52} INFO - Started process 87 to run task
[2021-04-24 11:38:58,145] {logging_mixin.py:104} INFO - Running <TaskInstance: project_dag.Stage_songs 2019-02-01T00:00:00+00:00 [running]> on host 88dcd2a12842
[2021-04-24 11:39:00,527] {taskinstance.py:1283} INFO - Exporting the following env vars:
AIRFLOW_CTX_DAG_EMAIL=ernest@gmail.com.com
AIRFLOW_CTX_DAG_OWNER=udacity
AIRFLOW_CTX_DAG_ID=project_dag
AIRFLOW_CTX_TASK_ID=Stage_songs
AIRFLOW_CTX_EXECUTION_DATE=2019-02-01T00:00:00+00:00
AIRFLOW_CTX_DAG_RUN_ID=scheduled__2019-02-01T00:00:00+00:00
[2021-04-24 11:39:00,528] {stage_redshift.py:38} INFO - Start implementation of StageToRedshiftOperator
[2021-04-24 11:39:00,784] {taskinstance.py:1482} ERROR - Task failed with exception
Traceback (most recent call last):
  File "/home/airflow/.local/lib/python3.6/site-packages/airflow/models/taskinstance.py", line 1138, in _run_raw_task
    self._prepare_and_execute_task_with_callbacks(context, task)
  File "/home/airflow/.local/lib/python3.6/site-packages/airflow/models/taskinstance.py", line 1311, in _prepare_and_execute_task_with_callbacks
    result = self._execute_task(context, task_copy)
  File "/home/airflow/.local/lib/python3.6/site-packages/airflow/models/taskinstance.py", line 1341, in _execute_task
    result = task_copy.execute(context=context)
  File "/opt/airflow/plugins/operators/stage_redshift.py", line 39, in execute
    aws_hook = AwsHook(self.aws_credentials_id)
  File "/home/airflow/.local/lib/python3.6/site-packages/airflow/contrib/hooks/aws_hook.py", line 41, in __init__
    super().__init__(*args, **kwargs)
  File "/home/airflow/.local/lib/python3.6/site-packages/airflow/providers/amazon/aws/hooks/base_aws.py", line 360, in __init__
    raise AirflowException('Either client_type or resource_type must be provided.')
airflow.exceptions.AirflowException: Either client_type or resource_type must be provided.
[2021-04-24 11:39:02,803] {taskinstance.py:1532} INFO - Marking task as UP_FOR_RETRY. dag_id=project_dag, task_id=Stage_songs, execution_date=20190201T000000, start_date=20210424T113856, end_date=20210424T113901
[2021-04-24 11:39:05,835] {local_task_job.py:146} INFO - Task exited with return code 1
[2021-04-26 09:12:36,007] {taskinstance.py:877} INFO - Dependencies all met for <TaskInstance: project_dag.Stage_songs 2019-02-01T00:00:00+00:00 [queued]>
[2021-04-26 09:12:36,143] {taskinstance.py:877} INFO - Dependencies all met for <TaskInstance: project_dag.Stage_songs 2019-02-01T00:00:00+00:00 [queued]>
[2021-04-26 09:12:36,144] {taskinstance.py:1068} INFO - 
--------------------------------------------------------------------------------
[2021-04-26 09:12:36,144] {taskinstance.py:1069} INFO - Starting attempt 1 of 2
[2021-04-26 09:12:36,144] {taskinstance.py:1070} INFO - 
--------------------------------------------------------------------------------
[2021-04-26 09:12:36,256] {taskinstance.py:1089} INFO - Executing <Task(StageToRedshiftOperator): Stage_songs> on 2019-02-01T00:00:00+00:00
[2021-04-26 09:12:36,267] {standard_task_runner.py:52} INFO - Started process 128 to run task
[2021-04-26 09:12:36,289] {standard_task_runner.py:76} INFO - Running: ['airflow', 'tasks', 'run', 'project_dag', 'Stage_songs', '2019-02-01T00:00:00+00:00', '--job-id', '44', '--pool', 'default_pool', '--raw', '--subdir', 'DAGS_FOLDER/udac_example_dag.py', '--cfg-path', '/tmp/tmpsj2_7cdv', '--error-file', '/tmp/tmpm1u21jkp']
[2021-04-26 09:12:36,293] {standard_task_runner.py:77} INFO - Job 44: Subtask Stage_songs
[2021-04-26 09:12:36,457] {logging_mixin.py:104} INFO - Running <TaskInstance: project_dag.Stage_songs 2019-02-01T00:00:00+00:00 [running]> on host b5c40a6f08c7
[2021-04-26 09:12:36,721] {taskinstance.py:1283} INFO - Exporting the following env vars:
AIRFLOW_CTX_DAG_EMAIL=ernestoffor@gmail.com.com
AIRFLOW_CTX_DAG_OWNER=udacity
AIRFLOW_CTX_DAG_ID=project_dag
AIRFLOW_CTX_TASK_ID=Stage_songs
AIRFLOW_CTX_EXECUTION_DATE=2019-02-01T00:00:00+00:00
AIRFLOW_CTX_DAG_RUN_ID=scheduled__2019-02-01T00:00:00+00:00
[2021-04-26 09:12:36,722] {stage_redshift.py:63} INFO - Start implementation of StageToRedshiftOperator
[2021-04-26 09:12:36,723] {stage_redshift.py:68} INFO - Preparing destination Redshift table
[2021-04-26 09:12:36,813] {base.py:78} INFO - Using connection to: id: redshift. Host: redshift.cxvwoeu3kuea.us-west-2.redshift.amazonaws.com, Port: 5439, Schema: dev, Login: awsuser, Password: XXXXXXXX, extra: None
[2021-04-26 09:12:38,255] {dbapi.py:180} INFO - Running statement: DELETE FROM staging_songs, parameters: None
[2021-04-26 09:12:38,681] {dbapi.py:186} INFO - Rows affected: 0
[2021-04-26 09:12:38,960] {stage_redshift.py:71} INFO - Getting data from S3 to Redshift
[2021-04-26 09:12:39,018] {base.py:78} INFO - Using connection to: id: redshift. Host: redshift.cxvwoeu3kuea.us-west-2.redshift.amazonaws.com, Port: 5439, Schema: dev, Login: awsuser, Password: XXXXXXXX, extra: None
[2021-04-26 09:12:40,397] {dbapi.py:180} INFO - Running statement: 
             COPY staging_songs 
             FROM 's3://udacity-dend/song_data/*/*/*/'
             FORMAT AS JSON 'JSON 'auto''
             CREDENTIALS
             'aws_access_key_id=None;aws_secret_access_key=None'
                , parameters: None
[2021-04-26 09:12:40,789] {taskinstance.py:1482} ERROR - Task failed with exception
Traceback (most recent call last):
  File "/home/airflow/.local/lib/python3.6/site-packages/airflow/models/taskinstance.py", line 1138, in _run_raw_task
    self._prepare_and_execute_task_with_callbacks(context, task)
  File "/home/airflow/.local/lib/python3.6/site-packages/airflow/models/taskinstance.py", line 1311, in _prepare_and_execute_task_with_callbacks
    result = self._execute_task(context, task_copy)
  File "/home/airflow/.local/lib/python3.6/site-packages/airflow/models/taskinstance.py", line 1341, in _execute_task
    result = task_copy.execute(context=context)
  File "/opt/airflow/plugins/operators/stage_redshift.py", line 81, in execute
    redshift.run(execution_sql)
  File "/home/airflow/.local/lib/python3.6/site-packages/airflow/hooks/dbapi.py", line 184, in run
    cur.execute(sql_statement)
psycopg2.errors.SyntaxError: syntax error at or near "auto"
LINE 4:              FORMAT AS JSON 'JSON 'auto''
                                           ^

[2021-04-26 09:12:40,794] {taskinstance.py:1532} INFO - Marking task as UP_FOR_RETRY. dag_id=project_dag, task_id=Stage_songs, execution_date=20190201T000000, start_date=20210426T091236, end_date=20210426T091240
[2021-04-26 09:12:40,946] {local_task_job.py:146} INFO - Task exited with return code 1
[2021-04-27 20:16:28,760] {taskinstance.py:877} INFO - Dependencies all met for <TaskInstance: project_dag.Stage_songs 2019-02-01T00:00:00+00:00 [queued]>
[2021-04-27 20:16:30,403] {taskinstance.py:877} INFO - Dependencies all met for <TaskInstance: project_dag.Stage_songs 2019-02-01T00:00:00+00:00 [queued]>
[2021-04-27 20:16:30,403] {taskinstance.py:1068} INFO - 
--------------------------------------------------------------------------------
[2021-04-27 20:16:30,403] {taskinstance.py:1069} INFO - Starting attempt 1 of 2
[2021-04-27 20:16:30,403] {taskinstance.py:1070} INFO - 
--------------------------------------------------------------------------------
[2021-04-27 20:16:31,252] {taskinstance.py:1089} INFO - Executing <Task(StageToRedshiftOperator): Stage_songs> on 2019-02-01T00:00:00+00:00
[2021-04-27 20:16:31,691] {standard_task_runner.py:76} INFO - Running: ['airflow', 'tasks', 'run', 'project_dag', 'Stage_songs', '2019-02-01T00:00:00+00:00', '--job-id', '35', '--pool', 'default_pool', '--raw', '--subdir', 'DAGS_FOLDER/udac_example_dag.py', '--cfg-path', '/tmp/tmpg3i743w6', '--error-file', '/tmp/tmpy80lyumt']
[2021-04-27 20:16:31,498] {standard_task_runner.py:52} INFO - Started process 121 to run task
[2021-04-27 20:16:31,724] {standard_task_runner.py:77} INFO - Job 35: Subtask Stage_songs
[2021-04-27 20:16:33,595] {logging_mixin.py:104} INFO - Running <TaskInstance: project_dag.Stage_songs 2019-02-01T00:00:00+00:00 [running]> on host 88b3af0c26c0
[2021-04-27 20:16:35,963] {taskinstance.py:1283} INFO - Exporting the following env vars:
AIRFLOW_CTX_DAG_EMAIL=ernestoffor@gmail.com.com
AIRFLOW_CTX_DAG_OWNER=udacity
AIRFLOW_CTX_DAG_ID=project_dag
AIRFLOW_CTX_TASK_ID=Stage_songs
AIRFLOW_CTX_EXECUTION_DATE=2019-02-01T00:00:00+00:00
AIRFLOW_CTX_DAG_RUN_ID=scheduled__2019-02-01T00:00:00+00:00
[2021-04-27 20:16:35,984] {stage_redshift.py:65} INFO - Start implementation of StageToRedshiftOperator
[2021-04-27 20:16:35,985] {taskinstance.py:1482} ERROR - Task failed with exception
Traceback (most recent call last):
  File "/home/airflow/.local/lib/python3.6/site-packages/airflow/models/taskinstance.py", line 1138, in _run_raw_task
    self._prepare_and_execute_task_with_callbacks(context, task)
  File "/home/airflow/.local/lib/python3.6/site-packages/airflow/models/taskinstance.py", line 1311, in _prepare_and_execute_task_with_callbacks
    result = self._execute_task(context, task_copy)
  File "/home/airflow/.local/lib/python3.6/site-packages/airflow/models/taskinstance.py", line 1341, in _execute_task
    result = task_copy.execute(context=context)
  File "/opt/airflow/plugins/operators/stage_redshift.py", line 66, in execute
    s3 = S3Hook(aws_conn_id=self.aws_credentials_id)
AttributeError: 'StageToRedshiftOperator' object has no attribute 'aws_credentials_id'
[2021-04-27 20:16:36,235] {taskinstance.py:1532} INFO - Marking task as UP_FOR_RETRY. dag_id=project_dag, task_id=Stage_songs, execution_date=20190201T000000, start_date=20210427T201629, end_date=20210427T201636
[2021-04-27 20:16:38,007] {local_task_job.py:146} INFO - Task exited with return code 1
[2021-04-27 20:37:45,040] {taskinstance.py:877} INFO - Dependencies all met for <TaskInstance: project_dag.Stage_songs 2019-02-01T00:00:00+00:00 [queued]>
[2021-04-27 20:37:45,258] {taskinstance.py:877} INFO - Dependencies all met for <TaskInstance: project_dag.Stage_songs 2019-02-01T00:00:00+00:00 [queued]>
[2021-04-27 20:37:45,265] {taskinstance.py:1068} INFO - 
--------------------------------------------------------------------------------
[2021-04-27 20:37:45,269] {taskinstance.py:1069} INFO - Starting attempt 1 of 2
[2021-04-27 20:37:45,276] {taskinstance.py:1070} INFO - 
--------------------------------------------------------------------------------
[2021-04-27 20:37:45,405] {taskinstance.py:1089} INFO - Executing <Task(StageToRedshiftOperator): Stage_songs> on 2019-02-01T00:00:00+00:00
[2021-04-27 20:37:45,545] {standard_task_runner.py:76} INFO - Running: ['airflow', 'tasks', 'run', 'project_dag', 'Stage_songs', '2019-02-01T00:00:00+00:00', '--job-id', '51', '--pool', 'default_pool', '--raw', '--subdir', 'DAGS_FOLDER/udac_example_dag.py', '--cfg-path', '/tmp/tmpodc6zxg0', '--error-file', '/tmp/tmp_2u9hpcz']
[2021-04-27 20:37:45,545] {standard_task_runner.py:77} INFO - Job 51: Subtask Stage_songs
[2021-04-27 20:37:45,487] {standard_task_runner.py:52} INFO - Started process 138 to run task
[2021-04-27 20:37:46,139] {logging_mixin.py:104} INFO - Running <TaskInstance: project_dag.Stage_songs 2019-02-01T00:00:00+00:00 [running]> on host 478c7ec349b0
[2021-04-27 20:37:46,749] {taskinstance.py:1283} INFO - Exporting the following env vars:
AIRFLOW_CTX_DAG_EMAIL=ernestoffor@gmail.com.com
AIRFLOW_CTX_DAG_OWNER=udacity
AIRFLOW_CTX_DAG_ID=project_dag
AIRFLOW_CTX_TASK_ID=Stage_songs
AIRFLOW_CTX_EXECUTION_DATE=2019-02-01T00:00:00+00:00
AIRFLOW_CTX_DAG_RUN_ID=scheduled__2019-02-01T00:00:00+00:00
[2021-04-27 20:37:46,752] {stage_redshift.py:67} INFO - Start implementation of StageToRedshiftOperator
[2021-04-27 20:37:46,753] {stage_redshift.py:74} INFO - Preparing destination Redshift table
[2021-04-27 20:37:46,811] {base.py:78} INFO - Using connection to: id: redshift. Host: redshift.cxvwoeu3kuea.us-west-2.redshift.amazonaws.com, Port: 5439, Schema: dev, Login: awsuser, Password: XXXXXXXX, extra: None
[2021-04-27 20:37:48,276] {dbapi.py:180} INFO - Running statement: DELETE FROM staging_songs, parameters: None
[2021-04-27 20:37:48,721] {dbapi.py:186} INFO - Rows affected: 0
[2021-04-27 20:37:49,038] {stage_redshift.py:77} INFO - Getting data from S3 to Redshift
[2021-04-27 20:37:51,234] {taskinstance.py:1482} ERROR - Task failed with exception
Traceback (most recent call last):
  File "/home/airflow/.local/lib/python3.6/site-packages/airflow/models/taskinstance.py", line 1138, in _run_raw_task
    self._prepare_and_execute_task_with_callbacks(context, task)
  File "/home/airflow/.local/lib/python3.6/site-packages/airflow/models/taskinstance.py", line 1311, in _prepare_and_execute_task_with_callbacks
    result = self._execute_task(context, task_copy)
  File "/home/airflow/.local/lib/python3.6/site-packages/airflow/models/taskinstance.py", line 1341, in _execute_task
    result = task_copy.execute(context=context)
  File "/opt/airflow/plugins/operators/stage_redshift.py", line 83, in execute
    s3.get_credentials().access_key,
  File "/home/airflow/.local/lib/python3.6/site-packages/airflow/providers/amazon/aws/hooks/base_aws.py", line 478, in get_credentials
    return session.get_credentials().get_frozen_credentials()
AttributeError: 'NoneType' object has no attribute 'get_frozen_credentials'
[2021-04-27 20:37:51,239] {taskinstance.py:1532} INFO - Marking task as UP_FOR_RETRY. dag_id=project_dag, task_id=Stage_songs, execution_date=20190201T000000, start_date=20210427T203745, end_date=20210427T203751
[2021-04-27 20:37:51,342] {local_task_job.py:146} INFO - Task exited with return code 1
