[2021-04-24 11:46:05,899] {taskinstance.py:877} INFO - Dependencies all met for <TaskInstance: project_dag.Stage_events 2020-12-01T00:00:00+00:00 [queued]>
[2021-04-24 11:46:06,332] {taskinstance.py:877} INFO - Dependencies all met for <TaskInstance: project_dag.Stage_events 2020-12-01T00:00:00+00:00 [queued]>
[2021-04-24 11:46:06,332] {taskinstance.py:1068} INFO - 
--------------------------------------------------------------------------------
[2021-04-24 11:46:06,332] {taskinstance.py:1069} INFO - Starting attempt 1 of 2
[2021-04-24 11:46:06,332] {taskinstance.py:1070} INFO - 
--------------------------------------------------------------------------------
[2021-04-24 11:46:06,537] {taskinstance.py:1089} INFO - Executing <Task(StageToRedshiftOperator): Stage_events> on 2020-12-01T00:00:00+00:00
[2021-04-24 11:46:06,602] {standard_task_runner.py:52} INFO - Started process 250 to run task
[2021-04-24 11:46:06,653] {standard_task_runner.py:76} INFO - Running: ['airflow', 'tasks', 'run', 'project_dag', 'Stage_events', '2020-12-01T00:00:00+00:00', '--job-id', '105', '--pool', 'default_pool', '--raw', '--subdir', 'DAGS_FOLDER/udac_example_dag.py', '--cfg-path', '/tmp/tmphtb6o61q', '--error-file', '/tmp/tmpic1kr3n1']
[2021-04-24 11:46:06,661] {standard_task_runner.py:77} INFO - Job 105: Subtask Stage_events
[2021-04-24 11:46:07,375] {logging_mixin.py:104} INFO - Running <TaskInstance: project_dag.Stage_events 2020-12-01T00:00:00+00:00 [running]> on host 88dcd2a12842
[2021-04-24 11:46:07,662] {taskinstance.py:1283} INFO - Exporting the following env vars:
AIRFLOW_CTX_DAG_EMAIL=ernest@gmail.com.com
AIRFLOW_CTX_DAG_OWNER=udacity
AIRFLOW_CTX_DAG_ID=project_dag
AIRFLOW_CTX_TASK_ID=Stage_events
AIRFLOW_CTX_EXECUTION_DATE=2020-12-01T00:00:00+00:00
AIRFLOW_CTX_DAG_RUN_ID=scheduled__2020-12-01T00:00:00+00:00
[2021-04-24 11:46:07,668] {stage_redshift.py:38} INFO - Start implementation of StageToRedshiftOperator
[2021-04-24 11:46:07,750] {taskinstance.py:1482} ERROR - Task failed with exception
Traceback (most recent call last):
  File "/home/airflow/.local/lib/python3.6/site-packages/airflow/models/taskinstance.py", line 1138, in _run_raw_task
    self._prepare_and_execute_task_with_callbacks(context, task)
  File "/home/airflow/.local/lib/python3.6/site-packages/airflow/models/taskinstance.py", line 1311, in _prepare_and_execute_task_with_callbacks
    result = self._execute_task(context, task_copy)
  File "/home/airflow/.local/lib/python3.6/site-packages/airflow/models/taskinstance.py", line 1341, in _execute_task
    result = task_copy.execute(context=context)
  File "/opt/airflow/plugins/operators/stage_redshift.py", line 39, in execute
    aws_hook = AwsHook(self.aws_credentials_id)
  File "/home/airflow/.local/lib/python3.6/site-packages/airflow/contrib/hooks/aws_hook.py", line 41, in __init__
    super().__init__(*args, **kwargs)
  File "/home/airflow/.local/lib/python3.6/site-packages/airflow/providers/amazon/aws/hooks/base_aws.py", line 360, in __init__
    raise AirflowException('Either client_type or resource_type must be provided.')
airflow.exceptions.AirflowException: Either client_type or resource_type must be provided.
[2021-04-24 11:46:07,771] {taskinstance.py:1532} INFO - Marking task as UP_FOR_RETRY. dag_id=project_dag, task_id=Stage_events, execution_date=20201201T000000, start_date=20210424T114605, end_date=20210424T114607
[2021-04-24 11:46:07,943] {local_task_job.py:146} INFO - Task exited with return code 1
[2021-04-26 09:08:31,116] {taskinstance.py:877} INFO - Dependencies all met for <TaskInstance: project_dag.Stage_events 2020-12-01T00:00:00+00:00 [queued]>
[2021-04-26 09:08:33,171] {taskinstance.py:877} INFO - Dependencies all met for <TaskInstance: project_dag.Stage_events 2020-12-01T00:00:00+00:00 [queued]>
[2021-04-26 09:08:33,172] {taskinstance.py:1068} INFO - 
--------------------------------------------------------------------------------
[2021-04-26 09:08:33,172] {taskinstance.py:1069} INFO - Starting attempt 1 of 2
[2021-04-26 09:08:33,172] {taskinstance.py:1070} INFO - 
--------------------------------------------------------------------------------
[2021-04-26 09:08:34,081] {taskinstance.py:1089} INFO - Executing <Task(StageToRedshiftOperator): Stage_events> on 2020-12-01T00:00:00+00:00
[2021-04-26 09:08:34,646] {standard_task_runner.py:76} INFO - Running: ['airflow', 'tasks', 'run', 'project_dag', 'Stage_events', '2020-12-01T00:00:00+00:00', '--job-id', '31', '--pool', 'default_pool', '--raw', '--subdir', 'DAGS_FOLDER/udac_example_dag.py', '--cfg-path', '/tmp/tmp77cttwwe', '--error-file', '/tmp/tmpdqotme9p']
[2021-04-26 09:08:34,657] {standard_task_runner.py:77} INFO - Job 31: Subtask Stage_events
[2021-04-26 09:08:34,409] {standard_task_runner.py:52} INFO - Started process 112 to run task
[2021-04-26 09:08:36,387] {logging_mixin.py:104} INFO - Running <TaskInstance: project_dag.Stage_events 2020-12-01T00:00:00+00:00 [running]> on host b5c40a6f08c7
[2021-04-26 09:08:38,200] {taskinstance.py:1283} INFO - Exporting the following env vars:
AIRFLOW_CTX_DAG_EMAIL=ernestoffor@gmail.com.com
AIRFLOW_CTX_DAG_OWNER=udacity
AIRFLOW_CTX_DAG_ID=project_dag
AIRFLOW_CTX_TASK_ID=Stage_events
AIRFLOW_CTX_EXECUTION_DATE=2020-12-01T00:00:00+00:00
AIRFLOW_CTX_DAG_RUN_ID=scheduled__2020-12-01T00:00:00+00:00
[2021-04-26 09:08:38,201] {stage_redshift.py:63} INFO - Start implementation of StageToRedshiftOperator
[2021-04-26 09:08:38,202] {stage_redshift.py:68} INFO - Preparing destination Redshift table
[2021-04-26 09:08:38,427] {base.py:78} INFO - Using connection to: id: redshift. Host: redshift.cxvwoeu3kuea.us-west-2.redshift.amazonaws.com, Port: 5439, Schema: dev, Login: awsuser, Password: XXXXXXXX, extra: None
[2021-04-26 09:08:39,936] {dbapi.py:180} INFO - Running statement: DELETE FROM staging_events, parameters: None
[2021-04-26 09:08:40,397] {dbapi.py:186} INFO - Rows affected: 0
[2021-04-26 09:08:40,715] {stage_redshift.py:71} INFO - Getting data from S3 to Redshift
[2021-04-26 09:08:41,195] {base.py:78} INFO - Using connection to: id: redshift. Host: redshift.cxvwoeu3kuea.us-west-2.redshift.amazonaws.com, Port: 5439, Schema: dev, Login: awsuser, Password: XXXXXXXX, extra: None
[2021-04-26 09:08:42,771] {dbapi.py:180} INFO - Running statement: 
             COPY staging_events 
             FROM 's3://udacity-dend/log_data/2018/11/*'
             FORMAT AS JSON 'log_json_path.json'
             CREDENTIALS
             'aws_access_key_id=None;aws_secret_access_key=None'
                , parameters: None
[2021-04-26 09:08:43,448] {taskinstance.py:1482} ERROR - Task failed with exception
Traceback (most recent call last):
  File "/home/airflow/.local/lib/python3.6/site-packages/airflow/models/taskinstance.py", line 1138, in _run_raw_task
    self._prepare_and_execute_task_with_callbacks(context, task)
  File "/home/airflow/.local/lib/python3.6/site-packages/airflow/models/taskinstance.py", line 1311, in _prepare_and_execute_task_with_callbacks
    result = self._execute_task(context, task_copy)
  File "/home/airflow/.local/lib/python3.6/site-packages/airflow/models/taskinstance.py", line 1341, in _execute_task
    result = task_copy.execute(context=context)
  File "/opt/airflow/plugins/operators/stage_redshift.py", line 81, in execute
    redshift.run(execution_sql)
  File "/home/airflow/.local/lib/python3.6/site-packages/airflow/hooks/dbapi.py", line 184, in run
    cur.execute(sql_statement)
psycopg2.errors.InternalError_: S3ServiceException:The AWS Access Key Id you provided does not exist in our records.,Status 403,Error InvalidAccessKeyId,Rid RB6R2EBT09H1K3MS,ExtRid gq2xRWyFldkwTjD/DtJ8RRlq3jRqix7QdAWL3Zc/liPErR21vxkGaGDdhphL8mwYCoYpoDgl7L4=,CanRetry 1
DETAIL:  
  -----------------------------------------------
  error:  S3ServiceException:The AWS Access Key Id you provided does not exist in our records.,Status 403,Error InvalidAccessKeyId,Rid RB6R2EBT09H1K3MS,ExtRid gq2xRWyFldkwTjD/DtJ8RRlq3jRqix7QdAWL3Zc/liPErR21vxkGaGDdhphL8mwYCoYpoDgl7L4=,CanRetry 1
  code:      8001
  context:   Listing bucket=udacity-dend prefix=log_data/2018/11/*
  query:     227
  location:  s3_utility.cpp:654
  process:   padbmaster [pid=13903]
  -----------------------------------------------


[2021-04-26 09:08:43,772] {taskinstance.py:1532} INFO - Marking task as UP_FOR_RETRY. dag_id=project_dag, task_id=Stage_events, execution_date=20201201T000000, start_date=20210426T090831, end_date=20210426T090843
[2021-04-26 09:08:45,591] {local_task_job.py:146} INFO - Task exited with return code 1
[2021-04-26 12:36:04,855] {taskinstance.py:877} INFO - Dependencies all met for <TaskInstance: project_dag.Stage_events 2020-12-01T00:00:00+00:00 [queued]>
[2021-04-26 12:36:05,574] {taskinstance.py:877} INFO - Dependencies all met for <TaskInstance: project_dag.Stage_events 2020-12-01T00:00:00+00:00 [queued]>
[2021-04-26 12:36:05,574] {taskinstance.py:1068} INFO - 
--------------------------------------------------------------------------------
[2021-04-26 12:36:05,574] {taskinstance.py:1069} INFO - Starting attempt 1 of 2
[2021-04-26 12:36:05,578] {taskinstance.py:1070} INFO - 
--------------------------------------------------------------------------------
[2021-04-26 12:36:06,679] {taskinstance.py:1089} INFO - Executing <Task(StageToRedshiftOperator): Stage_events> on 2020-12-01T00:00:00+00:00
[2021-04-26 12:36:07,125] {standard_task_runner.py:76} INFO - Running: ['airflow', 'tasks', 'run', 'project_dag', 'Stage_events', '2020-12-01T00:00:00+00:00', '--job-id', '24', '--pool', 'default_pool', '--raw', '--subdir', 'DAGS_FOLDER/udac_example_dag.py', '--cfg-path', '/tmp/tmp7ufqg74a', '--error-file', '/tmp/tmpfg3cu_uz']
[2021-04-26 12:36:06,987] {standard_task_runner.py:52} INFO - Started process 108 to run task
[2021-04-26 12:36:07,126] {standard_task_runner.py:77} INFO - Job 24: Subtask Stage_events
[2021-04-26 12:36:11,434] {logging_mixin.py:104} INFO - Running <TaskInstance: project_dag.Stage_events 2020-12-01T00:00:00+00:00 [running]> on host 0f1e1da1f4f6
[2021-04-26 12:36:12,804] {taskinstance.py:1283} INFO - Exporting the following env vars:
AIRFLOW_CTX_DAG_EMAIL=ernestoffor@gmail.com.com
AIRFLOW_CTX_DAG_OWNER=udacity
AIRFLOW_CTX_DAG_ID=project_dag
AIRFLOW_CTX_TASK_ID=Stage_events
AIRFLOW_CTX_EXECUTION_DATE=2020-12-01T00:00:00+00:00
AIRFLOW_CTX_DAG_RUN_ID=scheduled__2020-12-01T00:00:00+00:00
[2021-04-26 12:36:12,805] {stage_redshift.py:62} INFO - Start implementation of StageToRedshiftOperator
[2021-04-26 12:36:12,806] {stage_redshift.py:67} INFO - Preparing destination Redshift table
[2021-04-26 12:36:13,573] {base.py:78} INFO - Using connection to: id: redshift. Host: redshift.cxvwoeu3kuea.us-west-2.redshift.amazonaws.com, Port: 5439, Schema: dev, Login: awsuser, Password: XXXXXXXX, extra: None
[2021-04-26 12:36:18,362] {dbapi.py:180} INFO - Running statement: DELETE FROM staging_events, parameters: None
[2021-04-26 12:36:18,801] {dbapi.py:186} INFO - Rows affected: 0
[2021-04-26 12:36:19,096] {stage_redshift.py:70} INFO - Getting data from S3 to Redshift
[2021-04-26 12:36:19,135] {base.py:78} INFO - Using connection to: id: redshift. Host: redshift.cxvwoeu3kuea.us-west-2.redshift.amazonaws.com, Port: 5439, Schema: dev, Login: awsuser, Password: XXXXXXXX, extra: None
[2021-04-26 12:36:20,531] {dbapi.py:180} INFO - Running statement: 
             COPY staging_events 
             FROM '/offor_data/log_data/2018/11/*'
             FORMAT AS JSON 'log_json_path.json'
                  , parameters: None
[2021-04-26 12:36:20,924] {taskinstance.py:1482} ERROR - Task failed with exception
Traceback (most recent call last):
  File "/home/airflow/.local/lib/python3.6/site-packages/airflow/models/taskinstance.py", line 1138, in _run_raw_task
    self._prepare_and_execute_task_with_callbacks(context, task)
  File "/home/airflow/.local/lib/python3.6/site-packages/airflow/models/taskinstance.py", line 1311, in _prepare_and_execute_task_with_callbacks
    result = self._execute_task(context, task_copy)
  File "/home/airflow/.local/lib/python3.6/site-packages/airflow/models/taskinstance.py", line 1341, in _execute_task
    result = task_copy.execute(context=context)
  File "/opt/airflow/plugins/operators/stage_redshift.py", line 80, in execute
    redshift.run(execution_sql)
  File "/home/airflow/.local/lib/python3.6/site-packages/airflow/hooks/dbapi.py", line 184, in run
    cur.execute(sql_statement)
psycopg2.errors.InternalError_: LOAD source is not supported. (Hint: only S3 or DynamoDB or EMR based load is allowed)

[2021-04-26 12:36:21,031] {taskinstance.py:1532} INFO - Marking task as UP_FOR_RETRY. dag_id=project_dag, task_id=Stage_events, execution_date=20201201T000000, start_date=20210426T123604, end_date=20210426T123621
[2021-04-26 12:36:21,467] {local_task_job.py:146} INFO - Task exited with return code 1
[2021-04-27 20:40:26,731] {taskinstance.py:877} INFO - Dependencies all met for <TaskInstance: project_dag.Stage_events 2020-12-01T00:00:00+00:00 [queued]>
[2021-04-27 20:40:27,202] {taskinstance.py:877} INFO - Dependencies all met for <TaskInstance: project_dag.Stage_events 2020-12-01T00:00:00+00:00 [queued]>
[2021-04-27 20:40:27,209] {taskinstance.py:1068} INFO - 
--------------------------------------------------------------------------------
[2021-04-27 20:40:27,212] {taskinstance.py:1069} INFO - Starting attempt 1 of 2
[2021-04-27 20:40:27,220] {taskinstance.py:1070} INFO - 
--------------------------------------------------------------------------------
[2021-04-27 20:40:27,630] {taskinstance.py:1089} INFO - Executing <Task(StageToRedshiftOperator): Stage_events> on 2020-12-01T00:00:00+00:00
[2021-04-27 20:40:27,895] {standard_task_runner.py:76} INFO - Running: ['airflow', 'tasks', 'run', 'project_dag', 'Stage_events', '2020-12-01T00:00:00+00:00', '--job-id', '104', '--pool', 'default_pool', '--raw', '--subdir', 'DAGS_FOLDER/udac_example_dag.py', '--cfg-path', '/tmp/tmpal6znz6d', '--error-file', '/tmp/tmp0y7vg7su']
[2021-04-27 20:40:27,794] {standard_task_runner.py:52} INFO - Started process 249 to run task
[2021-04-27 20:40:28,023] {standard_task_runner.py:77} INFO - Job 104: Subtask Stage_events
[2021-04-27 20:40:29,201] {logging_mixin.py:104} INFO - Running <TaskInstance: project_dag.Stage_events 2020-12-01T00:00:00+00:00 [running]> on host 478c7ec349b0
[2021-04-27 20:40:29,997] {taskinstance.py:1283} INFO - Exporting the following env vars:
AIRFLOW_CTX_DAG_EMAIL=ernestoffor@gmail.com.com
AIRFLOW_CTX_DAG_OWNER=udacity
AIRFLOW_CTX_DAG_ID=project_dag
AIRFLOW_CTX_TASK_ID=Stage_events
AIRFLOW_CTX_EXECUTION_DATE=2020-12-01T00:00:00+00:00
AIRFLOW_CTX_DAG_RUN_ID=scheduled__2020-12-01T00:00:00+00:00
[2021-04-27 20:40:29,998] {stage_redshift.py:67} INFO - Start implementation of StageToRedshiftOperator
[2021-04-27 20:40:29,998] {stage_redshift.py:74} INFO - Preparing destination Redshift table
[2021-04-27 20:40:30,404] {base.py:78} INFO - Using connection to: id: redshift. Host: redshift.cxvwoeu3kuea.us-west-2.redshift.amazonaws.com, Port: 5439, Schema: dev, Login: awsuser, Password: XXXXXXXX, extra: None
[2021-04-27 20:40:31,928] {dbapi.py:180} INFO - Running statement: DELETE FROM staging_events, parameters: None
[2021-04-27 20:40:32,393] {dbapi.py:186} INFO - Rows affected: 0
[2021-04-27 20:40:32,718] {stage_redshift.py:77} INFO - Getting data from S3 to Redshift
[2021-04-27 20:40:35,365] {taskinstance.py:1482} ERROR - Task failed with exception
Traceback (most recent call last):
  File "/home/airflow/.local/lib/python3.6/site-packages/airflow/models/taskinstance.py", line 1138, in _run_raw_task
    self._prepare_and_execute_task_with_callbacks(context, task)
  File "/home/airflow/.local/lib/python3.6/site-packages/airflow/models/taskinstance.py", line 1311, in _prepare_and_execute_task_with_callbacks
    result = self._execute_task(context, task_copy)
  File "/home/airflow/.local/lib/python3.6/site-packages/airflow/models/taskinstance.py", line 1341, in _execute_task
    result = task_copy.execute(context=context)
  File "/opt/airflow/plugins/operators/stage_redshift.py", line 83, in execute
    s3.get_credentials().access_key,
  File "/home/airflow/.local/lib/python3.6/site-packages/airflow/providers/amazon/aws/hooks/base_aws.py", line 478, in get_credentials
    return session.get_credentials().get_frozen_credentials()
AttributeError: 'NoneType' object has no attribute 'get_frozen_credentials'
[2021-04-27 20:40:35,467] {taskinstance.py:1532} INFO - Marking task as UP_FOR_RETRY. dag_id=project_dag, task_id=Stage_events, execution_date=20201201T000000, start_date=20210427T204026, end_date=20210427T204035
[2021-04-27 20:40:35,863] {local_task_job.py:146} INFO - Task exited with return code 1
