[2021-04-24 11:39:51,335] {taskinstance.py:877} INFO - Dependencies all met for <TaskInstance: project_dag.Stage_songs 2019-06-01T00:00:00+00:00 [queued]>
[2021-04-24 11:39:51,556] {taskinstance.py:877} INFO - Dependencies all met for <TaskInstance: project_dag.Stage_songs 2019-06-01T00:00:00+00:00 [queued]>
[2021-04-24 11:39:51,557] {taskinstance.py:1068} INFO - 
--------------------------------------------------------------------------------
[2021-04-24 11:39:51,557] {taskinstance.py:1069} INFO - Starting attempt 1 of 2
[2021-04-24 11:39:51,557] {taskinstance.py:1070} INFO - 
--------------------------------------------------------------------------------
[2021-04-24 11:39:51,832] {taskinstance.py:1089} INFO - Executing <Task(StageToRedshiftOperator): Stage_songs> on 2019-06-01T00:00:00+00:00
[2021-04-24 11:39:51,933] {standard_task_runner.py:52} INFO - Started process 120 to run task
[2021-04-24 11:39:52,130] {standard_task_runner.py:76} INFO - Running: ['airflow', 'tasks', 'run', 'project_dag', 'Stage_songs', '2019-06-01T00:00:00+00:00', '--job-id', '36', '--pool', 'default_pool', '--raw', '--subdir', 'DAGS_FOLDER/udac_example_dag.py', '--cfg-path', '/tmp/tmplwrp1j2z', '--error-file', '/tmp/tmpic_s7u3h']
[2021-04-24 11:39:52,140] {standard_task_runner.py:77} INFO - Job 36: Subtask Stage_songs
[2021-04-24 11:39:53,420] {logging_mixin.py:104} INFO - Running <TaskInstance: project_dag.Stage_songs 2019-06-01T00:00:00+00:00 [running]> on host 88dcd2a12842
[2021-04-24 11:39:54,465] {taskinstance.py:1283} INFO - Exporting the following env vars:
AIRFLOW_CTX_DAG_EMAIL=ernest@gmail.com.com
AIRFLOW_CTX_DAG_OWNER=udacity
AIRFLOW_CTX_DAG_ID=project_dag
AIRFLOW_CTX_TASK_ID=Stage_songs
AIRFLOW_CTX_EXECUTION_DATE=2019-06-01T00:00:00+00:00
AIRFLOW_CTX_DAG_RUN_ID=scheduled__2019-06-01T00:00:00+00:00
[2021-04-24 11:39:54,468] {stage_redshift.py:38} INFO - Start implementation of StageToRedshiftOperator
[2021-04-24 11:39:54,749] {taskinstance.py:1482} ERROR - Task failed with exception
Traceback (most recent call last):
  File "/home/airflow/.local/lib/python3.6/site-packages/airflow/models/taskinstance.py", line 1138, in _run_raw_task
    self._prepare_and_execute_task_with_callbacks(context, task)
  File "/home/airflow/.local/lib/python3.6/site-packages/airflow/models/taskinstance.py", line 1311, in _prepare_and_execute_task_with_callbacks
    result = self._execute_task(context, task_copy)
  File "/home/airflow/.local/lib/python3.6/site-packages/airflow/models/taskinstance.py", line 1341, in _execute_task
    result = task_copy.execute(context=context)
  File "/opt/airflow/plugins/operators/stage_redshift.py", line 39, in execute
    aws_hook = AwsHook(self.aws_credentials_id)
  File "/home/airflow/.local/lib/python3.6/site-packages/airflow/contrib/hooks/aws_hook.py", line 41, in __init__
    super().__init__(*args, **kwargs)
  File "/home/airflow/.local/lib/python3.6/site-packages/airflow/providers/amazon/aws/hooks/base_aws.py", line 360, in __init__
    raise AirflowException('Either client_type or resource_type must be provided.')
airflow.exceptions.AirflowException: Either client_type or resource_type must be provided.
[2021-04-24 11:39:54,769] {taskinstance.py:1532} INFO - Marking task as UP_FOR_RETRY. dag_id=project_dag, task_id=Stage_songs, execution_date=20190601T000000, start_date=20210424T113951, end_date=20210424T113954
[2021-04-24 11:39:55,651] {local_task_job.py:146} INFO - Task exited with return code 1
[2021-04-27 20:15:54,806] {taskinstance.py:877} INFO - Dependencies all met for <TaskInstance: project_dag.Stage_songs 2019-06-01T00:00:00+00:00 [queued]>
[2021-04-27 20:15:55,600] {taskinstance.py:877} INFO - Dependencies all met for <TaskInstance: project_dag.Stage_songs 2019-06-01T00:00:00+00:00 [queued]>
[2021-04-27 20:15:55,626] {taskinstance.py:1068} INFO - 
--------------------------------------------------------------------------------
[2021-04-27 20:15:55,677] {taskinstance.py:1069} INFO - Starting attempt 1 of 2
[2021-04-27 20:15:55,681] {taskinstance.py:1070} INFO - 
--------------------------------------------------------------------------------
[2021-04-27 20:15:56,064] {taskinstance.py:1089} INFO - Executing <Task(StageToRedshiftOperator): Stage_songs> on 2019-06-01T00:00:00+00:00
[2021-04-27 20:15:56,643] {standard_task_runner.py:52} INFO - Started process 101 to run task
[2021-04-27 20:15:57,344] {standard_task_runner.py:76} INFO - Running: ['airflow', 'tasks', 'run', 'project_dag', 'Stage_songs', '2019-06-01T00:00:00+00:00', '--job-id', '25', '--pool', 'default_pool', '--raw', '--subdir', 'DAGS_FOLDER/udac_example_dag.py', '--cfg-path', '/tmp/tmp_fgaeax6', '--error-file', '/tmp/tmp34mg3u78']
[2021-04-27 20:15:57,344] {standard_task_runner.py:77} INFO - Job 25: Subtask Stage_songs
[2021-04-27 20:15:58,973] {logging_mixin.py:104} INFO - Running <TaskInstance: project_dag.Stage_songs 2019-06-01T00:00:00+00:00 [running]> on host 88b3af0c26c0
[2021-04-27 20:16:01,147] {taskinstance.py:1283} INFO - Exporting the following env vars:
AIRFLOW_CTX_DAG_EMAIL=ernestoffor@gmail.com.com
AIRFLOW_CTX_DAG_OWNER=udacity
AIRFLOW_CTX_DAG_ID=project_dag
AIRFLOW_CTX_TASK_ID=Stage_songs
AIRFLOW_CTX_EXECUTION_DATE=2019-06-01T00:00:00+00:00
AIRFLOW_CTX_DAG_RUN_ID=scheduled__2019-06-01T00:00:00+00:00
[2021-04-27 20:16:01,147] {stage_redshift.py:65} INFO - Start implementation of StageToRedshiftOperator
[2021-04-27 20:16:01,164] {taskinstance.py:1482} ERROR - Task failed with exception
Traceback (most recent call last):
  File "/home/airflow/.local/lib/python3.6/site-packages/airflow/models/taskinstance.py", line 1138, in _run_raw_task
    self._prepare_and_execute_task_with_callbacks(context, task)
  File "/home/airflow/.local/lib/python3.6/site-packages/airflow/models/taskinstance.py", line 1311, in _prepare_and_execute_task_with_callbacks
    result = self._execute_task(context, task_copy)
  File "/home/airflow/.local/lib/python3.6/site-packages/airflow/models/taskinstance.py", line 1341, in _execute_task
    result = task_copy.execute(context=context)
  File "/opt/airflow/plugins/operators/stage_redshift.py", line 66, in execute
    s3 = S3Hook(aws_conn_id=self.aws_credentials_id)
AttributeError: 'StageToRedshiftOperator' object has no attribute 'aws_credentials_id'
[2021-04-27 20:16:01,296] {taskinstance.py:1532} INFO - Marking task as UP_FOR_RETRY. dag_id=project_dag, task_id=Stage_songs, execution_date=20190601T000000, start_date=20210427T201554, end_date=20210427T201601
[2021-04-27 20:16:04,183] {local_task_job.py:146} INFO - Task exited with return code 1
[2021-04-27 20:33:00,201] {taskinstance.py:877} INFO - Dependencies all met for <TaskInstance: project_dag.Stage_songs 2019-06-01T00:00:00+00:00 [queued]>
[2021-04-27 20:33:01,049] {taskinstance.py:877} INFO - Dependencies all met for <TaskInstance: project_dag.Stage_songs 2019-06-01T00:00:00+00:00 [queued]>
[2021-04-27 20:33:01,069] {taskinstance.py:1068} INFO - 
--------------------------------------------------------------------------------
[2021-04-27 20:33:01,079] {taskinstance.py:1069} INFO - Starting attempt 1 of 2
[2021-04-27 20:33:01,079] {taskinstance.py:1070} INFO - 
--------------------------------------------------------------------------------
[2021-04-27 20:33:01,832] {taskinstance.py:1089} INFO - Executing <Task(StageToRedshiftOperator): Stage_songs> on 2019-06-01T00:00:00+00:00
[2021-04-27 20:33:02,425] {standard_task_runner.py:76} INFO - Running: ['airflow', 'tasks', 'run', 'project_dag', 'Stage_songs', '2019-06-01T00:00:00+00:00', '--job-id', '17', '--pool', 'default_pool', '--raw', '--subdir', 'DAGS_FOLDER/udac_example_dag.py', '--cfg-path', '/tmp/tmpx8ppc0ki', '--error-file', '/tmp/tmpbhsxvy_l']
[2021-04-27 20:33:02,426] {standard_task_runner.py:77} INFO - Job 17: Subtask Stage_songs
[2021-04-27 20:33:02,261] {standard_task_runner.py:52} INFO - Started process 78 to run task
[2021-04-27 20:33:05,473] {logging_mixin.py:104} INFO - Running <TaskInstance: project_dag.Stage_songs 2019-06-01T00:00:00+00:00 [running]> on host 478c7ec349b0
[2021-04-27 20:33:07,961] {taskinstance.py:1283} INFO - Exporting the following env vars:
AIRFLOW_CTX_DAG_EMAIL=ernestoffor@gmail.com.com
AIRFLOW_CTX_DAG_OWNER=udacity
AIRFLOW_CTX_DAG_ID=project_dag
AIRFLOW_CTX_TASK_ID=Stage_songs
AIRFLOW_CTX_EXECUTION_DATE=2019-06-01T00:00:00+00:00
AIRFLOW_CTX_DAG_RUN_ID=scheduled__2019-06-01T00:00:00+00:00
[2021-04-27 20:33:07,968] {stage_redshift.py:67} INFO - Start implementation of StageToRedshiftOperator
[2021-04-27 20:33:07,970] {stage_redshift.py:74} INFO - Preparing destination Redshift table
[2021-04-27 20:33:08,302] {base.py:78} INFO - Using connection to: id: redshift. Host: redshift.cxvwoeu3kuea.us-west-2.redshift.amazonaws.com, Port: 5439, Schema: dev, Login: awsuser, Password: XXXXXXXX, extra: None
[2021-04-27 20:33:09,918] {dbapi.py:180} INFO - Running statement: DELETE FROM staging_songs, parameters: None
[2021-04-27 20:33:10,576] {dbapi.py:186} INFO - Rows affected: 0
[2021-04-27 20:33:10,889] {stage_redshift.py:77} INFO - Getting data from S3 to Redshift
[2021-04-27 20:33:15,209] {taskinstance.py:1482} ERROR - Task failed with exception
Traceback (most recent call last):
  File "/home/airflow/.local/lib/python3.6/site-packages/airflow/models/taskinstance.py", line 1138, in _run_raw_task
    self._prepare_and_execute_task_with_callbacks(context, task)
  File "/home/airflow/.local/lib/python3.6/site-packages/airflow/models/taskinstance.py", line 1311, in _prepare_and_execute_task_with_callbacks
    result = self._execute_task(context, task_copy)
  File "/home/airflow/.local/lib/python3.6/site-packages/airflow/models/taskinstance.py", line 1341, in _execute_task
    result = task_copy.execute(context=context)
  File "/opt/airflow/plugins/operators/stage_redshift.py", line 83, in execute
    s3.get_credentials().access_key,
  File "/home/airflow/.local/lib/python3.6/site-packages/airflow/providers/amazon/aws/hooks/base_aws.py", line 478, in get_credentials
    return session.get_credentials().get_frozen_credentials()
AttributeError: 'NoneType' object has no attribute 'get_frozen_credentials'
[2021-04-27 20:33:15,226] {taskinstance.py:1532} INFO - Marking task as UP_FOR_RETRY. dag_id=project_dag, task_id=Stage_songs, execution_date=20190601T000000, start_date=20210427T203300, end_date=20210427T203315
[2021-04-27 20:33:17,012] {local_task_job.py:146} INFO - Task exited with return code 1
