[2021-04-24 11:40:02,908] {taskinstance.py:877} INFO - Dependencies all met for <TaskInstance: project_dag.Stage_events 2020-02-01T00:00:00+00:00 [queued]>
[2021-04-24 11:40:03,062] {taskinstance.py:877} INFO - Dependencies all met for <TaskInstance: project_dag.Stage_events 2020-02-01T00:00:00+00:00 [queued]>
[2021-04-24 11:40:03,063] {taskinstance.py:1068} INFO - 
--------------------------------------------------------------------------------
[2021-04-24 11:40:03,063] {taskinstance.py:1069} INFO - Starting attempt 1 of 2
[2021-04-24 11:40:03,063] {taskinstance.py:1070} INFO - 
--------------------------------------------------------------------------------
[2021-04-24 11:40:03,315] {taskinstance.py:1089} INFO - Executing <Task(StageToRedshiftOperator): Stage_events> on 2020-02-01T00:00:00+00:00
[2021-04-24 11:40:03,332] {standard_task_runner.py:52} INFO - Started process 132 to run task
[2021-04-24 11:40:03,368] {standard_task_runner.py:76} INFO - Running: ['airflow', 'tasks', 'run', 'project_dag', 'Stage_events', '2020-02-01T00:00:00+00:00', '--job-id', '47', '--pool', 'default_pool', '--raw', '--subdir', 'DAGS_FOLDER/udac_example_dag.py', '--cfg-path', '/tmp/tmpbejlbqqc', '--error-file', '/tmp/tmpmxmqs3y0']
[2021-04-24 11:40:03,374] {standard_task_runner.py:77} INFO - Job 47: Subtask Stage_events
[2021-04-24 11:40:04,114] {logging_mixin.py:104} INFO - Running <TaskInstance: project_dag.Stage_events 2020-02-01T00:00:00+00:00 [running]> on host 88dcd2a12842
[2021-04-24 11:40:04,879] {taskinstance.py:1283} INFO - Exporting the following env vars:
AIRFLOW_CTX_DAG_EMAIL=ernest@gmail.com.com
AIRFLOW_CTX_DAG_OWNER=udacity
AIRFLOW_CTX_DAG_ID=project_dag
AIRFLOW_CTX_TASK_ID=Stage_events
AIRFLOW_CTX_EXECUTION_DATE=2020-02-01T00:00:00+00:00
AIRFLOW_CTX_DAG_RUN_ID=scheduled__2020-02-01T00:00:00+00:00
[2021-04-24 11:40:04,882] {stage_redshift.py:38} INFO - Start implementation of StageToRedshiftOperator
[2021-04-24 11:40:04,928] {taskinstance.py:1482} ERROR - Task failed with exception
Traceback (most recent call last):
  File "/home/airflow/.local/lib/python3.6/site-packages/airflow/models/taskinstance.py", line 1138, in _run_raw_task
    self._prepare_and_execute_task_with_callbacks(context, task)
  File "/home/airflow/.local/lib/python3.6/site-packages/airflow/models/taskinstance.py", line 1311, in _prepare_and_execute_task_with_callbacks
    result = self._execute_task(context, task_copy)
  File "/home/airflow/.local/lib/python3.6/site-packages/airflow/models/taskinstance.py", line 1341, in _execute_task
    result = task_copy.execute(context=context)
  File "/opt/airflow/plugins/operators/stage_redshift.py", line 39, in execute
    aws_hook = AwsHook(self.aws_credentials_id)
  File "/home/airflow/.local/lib/python3.6/site-packages/airflow/contrib/hooks/aws_hook.py", line 41, in __init__
    super().__init__(*args, **kwargs)
  File "/home/airflow/.local/lib/python3.6/site-packages/airflow/providers/amazon/aws/hooks/base_aws.py", line 360, in __init__
    raise AirflowException('Either client_type or resource_type must be provided.')
airflow.exceptions.AirflowException: Either client_type or resource_type must be provided.
[2021-04-24 11:40:04,951] {taskinstance.py:1532} INFO - Marking task as UP_FOR_RETRY. dag_id=project_dag, task_id=Stage_events, execution_date=20200201T000000, start_date=20210424T114002, end_date=20210424T114004
[2021-04-24 11:40:05,248] {local_task_job.py:146} INFO - Task exited with return code 1
[2021-04-26 09:07:30,459] {taskinstance.py:877} INFO - Dependencies all met for <TaskInstance: project_dag.Stage_events 2020-02-01T00:00:00+00:00 [queued]>
[2021-04-26 09:07:30,948] {taskinstance.py:877} INFO - Dependencies all met for <TaskInstance: project_dag.Stage_events 2020-02-01T00:00:00+00:00 [queued]>
[2021-04-26 09:07:30,948] {taskinstance.py:1068} INFO - 
--------------------------------------------------------------------------------
[2021-04-26 09:07:30,948] {taskinstance.py:1069} INFO - Starting attempt 1 of 2
[2021-04-26 09:07:30,948] {taskinstance.py:1070} INFO - 
--------------------------------------------------------------------------------
[2021-04-26 09:07:31,291] {taskinstance.py:1089} INFO - Executing <Task(StageToRedshiftOperator): Stage_events> on 2020-02-01T00:00:00+00:00
[2021-04-26 09:07:31,359] {standard_task_runner.py:52} INFO - Started process 69 to run task
[2021-04-26 09:07:31,425] {standard_task_runner.py:76} INFO - Running: ['airflow', 'tasks', 'run', 'project_dag', 'Stage_events', '2020-02-01T00:00:00+00:00', '--job-id', '12', '--pool', 'default_pool', '--raw', '--subdir', 'DAGS_FOLDER/udac_example_dag.py', '--cfg-path', '/tmp/tmpntupih2p', '--error-file', '/tmp/tmp4ql6y2hp']
[2021-04-26 09:07:31,429] {standard_task_runner.py:77} INFO - Job 12: Subtask Stage_events
[2021-04-26 09:07:34,229] {logging_mixin.py:104} INFO - Running <TaskInstance: project_dag.Stage_events 2020-02-01T00:00:00+00:00 [running]> on host b5c40a6f08c7
[2021-04-26 09:07:36,251] {taskinstance.py:1283} INFO - Exporting the following env vars:
AIRFLOW_CTX_DAG_EMAIL=ernestoffor@gmail.com.com
AIRFLOW_CTX_DAG_OWNER=udacity
AIRFLOW_CTX_DAG_ID=project_dag
AIRFLOW_CTX_TASK_ID=Stage_events
AIRFLOW_CTX_EXECUTION_DATE=2020-02-01T00:00:00+00:00
AIRFLOW_CTX_DAG_RUN_ID=scheduled__2020-02-01T00:00:00+00:00
[2021-04-26 09:07:36,252] {stage_redshift.py:63} INFO - Start implementation of StageToRedshiftOperator
[2021-04-26 09:07:36,252] {stage_redshift.py:68} INFO - Preparing destination Redshift table
[2021-04-26 09:07:36,551] {base.py:78} INFO - Using connection to: id: redshift. Host: redshift.cxvwoeu3kuea.us-west-2.redshift.amazonaws.com, Port: 5439, Schema: dev, Login: awsuser, Password: XXXXXXXX, extra: None
[2021-04-26 09:07:38,182] {dbapi.py:180} INFO - Running statement: DELETE FROM staging_events, parameters: None
[2021-04-26 09:07:38,920] {dbapi.py:186} INFO - Rows affected: 0
[2021-04-26 09:07:39,213] {stage_redshift.py:71} INFO - Getting data from S3 to Redshift
[2021-04-26 09:07:39,257] {base.py:78} INFO - Using connection to: id: redshift. Host: redshift.cxvwoeu3kuea.us-west-2.redshift.amazonaws.com, Port: 5439, Schema: dev, Login: awsuser, Password: XXXXXXXX, extra: None
[2021-04-26 09:07:40,735] {dbapi.py:180} INFO - Running statement: 
             COPY staging_events 
             FROM 's3://udacity-dend/log_data/2018/11/*'
             FORMAT AS JSON 'log_json_path.json'
             CREDENTIALS
             'aws_access_key_id=None;aws_secret_access_key=None'
                , parameters: None
[2021-04-26 09:07:41,254] {taskinstance.py:1482} ERROR - Task failed with exception
Traceback (most recent call last):
  File "/home/airflow/.local/lib/python3.6/site-packages/airflow/models/taskinstance.py", line 1138, in _run_raw_task
    self._prepare_and_execute_task_with_callbacks(context, task)
  File "/home/airflow/.local/lib/python3.6/site-packages/airflow/models/taskinstance.py", line 1311, in _prepare_and_execute_task_with_callbacks
    result = self._execute_task(context, task_copy)
  File "/home/airflow/.local/lib/python3.6/site-packages/airflow/models/taskinstance.py", line 1341, in _execute_task
    result = task_copy.execute(context=context)
  File "/opt/airflow/plugins/operators/stage_redshift.py", line 81, in execute
    redshift.run(execution_sql)
  File "/home/airflow/.local/lib/python3.6/site-packages/airflow/hooks/dbapi.py", line 184, in run
    cur.execute(sql_statement)
psycopg2.errors.InternalError_: S3ServiceException:The AWS Access Key Id you provided does not exist in our records.,Status 403,Error InvalidAccessKeyId,Rid GD4QETN1ESKPPKGE,ExtRid GXHHA2hXqaAzazPT7l2FSZj0ZyUuui7UusQUbsMHdGcOj7IKmpSVITX6EI1b+bOpWwwIF22D81s=,CanRetry 1
DETAIL:  
  -----------------------------------------------
  error:  S3ServiceException:The AWS Access Key Id you provided does not exist in our records.,Status 403,Error InvalidAccessKeyId,Rid GD4QETN1ESKPPKGE,ExtRid GXHHA2hXqaAzazPT7l2FSZj0ZyUuui7UusQUbsMHdGcOj7IKmpSVITX6EI1b+bOpWwwIF22D81s=,CanRetry 1
  code:      8001
  context:   Listing bucket=udacity-dend prefix=log_data/2018/11/*
  query:     186
  location:  s3_utility.cpp:654
  process:   padbmaster [pid=13779]
  -----------------------------------------------


[2021-04-26 09:07:41,457] {taskinstance.py:1532} INFO - Marking task as UP_FOR_RETRY. dag_id=project_dag, task_id=Stage_events, execution_date=20200201T000000, start_date=20210426T090730, end_date=20210426T090741
[2021-04-26 09:07:41,915] {local_task_job.py:146} INFO - Task exited with return code 1
[2021-04-27 20:16:33,371] {taskinstance.py:877} INFO - Dependencies all met for <TaskInstance: project_dag.Stage_events 2020-02-01T00:00:00+00:00 [queued]>
[2021-04-27 20:16:34,121] {taskinstance.py:877} INFO - Dependencies all met for <TaskInstance: project_dag.Stage_events 2020-02-01T00:00:00+00:00 [queued]>
[2021-04-27 20:16:34,169] {taskinstance.py:1068} INFO - 
--------------------------------------------------------------------------------
[2021-04-27 20:16:34,170] {taskinstance.py:1069} INFO - Starting attempt 1 of 2
[2021-04-27 20:16:34,170] {taskinstance.py:1070} INFO - 
--------------------------------------------------------------------------------
[2021-04-27 20:16:35,077] {taskinstance.py:1089} INFO - Executing <Task(StageToRedshiftOperator): Stage_events> on 2020-02-01T00:00:00+00:00
[2021-04-27 20:16:35,419] {standard_task_runner.py:76} INFO - Running: ['airflow', 'tasks', 'run', 'project_dag', 'Stage_events', '2020-02-01T00:00:00+00:00', '--job-id', '46', '--pool', 'default_pool', '--raw', '--subdir', 'DAGS_FOLDER/udac_example_dag.py', '--cfg-path', '/tmp/tmp_zv3_xqc', '--error-file', '/tmp/tmpheidxrbv']
[2021-04-27 20:16:35,530] {standard_task_runner.py:77} INFO - Job 46: Subtask Stage_events
[2021-04-27 20:16:35,432] {standard_task_runner.py:52} INFO - Started process 132 to run task
[2021-04-27 20:16:38,385] {logging_mixin.py:104} INFO - Running <TaskInstance: project_dag.Stage_events 2020-02-01T00:00:00+00:00 [running]> on host 88b3af0c26c0
[2021-04-27 20:16:40,961] {taskinstance.py:1283} INFO - Exporting the following env vars:
AIRFLOW_CTX_DAG_EMAIL=ernestoffor@gmail.com.com
AIRFLOW_CTX_DAG_OWNER=udacity
AIRFLOW_CTX_DAG_ID=project_dag
AIRFLOW_CTX_TASK_ID=Stage_events
AIRFLOW_CTX_EXECUTION_DATE=2020-02-01T00:00:00+00:00
AIRFLOW_CTX_DAG_RUN_ID=scheduled__2020-02-01T00:00:00+00:00
[2021-04-27 20:16:40,961] {stage_redshift.py:65} INFO - Start implementation of StageToRedshiftOperator
[2021-04-27 20:16:40,962] {taskinstance.py:1482} ERROR - Task failed with exception
Traceback (most recent call last):
  File "/home/airflow/.local/lib/python3.6/site-packages/airflow/models/taskinstance.py", line 1138, in _run_raw_task
    self._prepare_and_execute_task_with_callbacks(context, task)
  File "/home/airflow/.local/lib/python3.6/site-packages/airflow/models/taskinstance.py", line 1311, in _prepare_and_execute_task_with_callbacks
    result = self._execute_task(context, task_copy)
  File "/home/airflow/.local/lib/python3.6/site-packages/airflow/models/taskinstance.py", line 1341, in _execute_task
    result = task_copy.execute(context=context)
  File "/opt/airflow/plugins/operators/stage_redshift.py", line 66, in execute
    s3 = S3Hook(aws_conn_id=self.aws_credentials_id)
AttributeError: 'StageToRedshiftOperator' object has no attribute 'aws_credentials_id'
[2021-04-27 20:16:41,085] {taskinstance.py:1532} INFO - Marking task as UP_FOR_RETRY. dag_id=project_dag, task_id=Stage_events, execution_date=20200201T000000, start_date=20210427T201633, end_date=20210427T201641
[2021-04-27 20:16:42,885] {local_task_job.py:146} INFO - Task exited with return code 1
[2021-04-27 20:33:53,997] {taskinstance.py:877} INFO - Dependencies all met for <TaskInstance: project_dag.Stage_events 2020-02-01T00:00:00+00:00 [queued]>
[2021-04-27 20:33:54,383] {taskinstance.py:877} INFO - Dependencies all met for <TaskInstance: project_dag.Stage_events 2020-02-01T00:00:00+00:00 [queued]>
[2021-04-27 20:33:54,413] {taskinstance.py:1068} INFO - 
--------------------------------------------------------------------------------
[2021-04-27 20:33:54,428] {taskinstance.py:1069} INFO - Starting attempt 1 of 2
[2021-04-27 20:33:54,432] {taskinstance.py:1070} INFO - 
--------------------------------------------------------------------------------
[2021-04-27 20:33:54,990] {taskinstance.py:1089} INFO - Executing <Task(StageToRedshiftOperator): Stage_events> on 2020-02-01T00:00:00+00:00
[2021-04-27 20:33:55,070] {standard_task_runner.py:52} INFO - Started process 122 to run task
[2021-04-27 20:33:55,251] {standard_task_runner.py:76} INFO - Running: ['airflow', 'tasks', 'run', 'project_dag', 'Stage_events', '2020-02-01T00:00:00+00:00', '--job-id', '41', '--pool', 'default_pool', '--raw', '--subdir', 'DAGS_FOLDER/udac_example_dag.py', '--cfg-path', '/tmp/tmpdm0pekug', '--error-file', '/tmp/tmpqqavnzrv']
[2021-04-27 20:33:55,301] {standard_task_runner.py:77} INFO - Job 41: Subtask Stage_events
[2021-04-27 20:33:57,353] {logging_mixin.py:104} INFO - Running <TaskInstance: project_dag.Stage_events 2020-02-01T00:00:00+00:00 [running]> on host 478c7ec349b0
[2021-04-27 20:33:59,736] {taskinstance.py:1283} INFO - Exporting the following env vars:
AIRFLOW_CTX_DAG_EMAIL=ernestoffor@gmail.com.com
AIRFLOW_CTX_DAG_OWNER=udacity
AIRFLOW_CTX_DAG_ID=project_dag
AIRFLOW_CTX_TASK_ID=Stage_events
AIRFLOW_CTX_EXECUTION_DATE=2020-02-01T00:00:00+00:00
AIRFLOW_CTX_DAG_RUN_ID=scheduled__2020-02-01T00:00:00+00:00
[2021-04-27 20:33:59,741] {stage_redshift.py:67} INFO - Start implementation of StageToRedshiftOperator
[2021-04-27 20:33:59,747] {stage_redshift.py:74} INFO - Preparing destination Redshift table
[2021-04-27 20:33:59,809] {base.py:78} INFO - Using connection to: id: redshift. Host: redshift.cxvwoeu3kuea.us-west-2.redshift.amazonaws.com, Port: 5439, Schema: dev, Login: awsuser, Password: XXXXXXXX, extra: None
[2021-04-27 20:34:01,532] {dbapi.py:180} INFO - Running statement: DELETE FROM staging_events, parameters: None
[2021-04-27 20:34:01,997] {dbapi.py:186} INFO - Rows affected: 0
[2021-04-27 20:34:02,323] {stage_redshift.py:77} INFO - Getting data from S3 to Redshift
[2021-04-27 20:34:05,148] {taskinstance.py:1482} ERROR - Task failed with exception
Traceback (most recent call last):
  File "/home/airflow/.local/lib/python3.6/site-packages/airflow/models/taskinstance.py", line 1138, in _run_raw_task
    self._prepare_and_execute_task_with_callbacks(context, task)
  File "/home/airflow/.local/lib/python3.6/site-packages/airflow/models/taskinstance.py", line 1311, in _prepare_and_execute_task_with_callbacks
    result = self._execute_task(context, task_copy)
  File "/home/airflow/.local/lib/python3.6/site-packages/airflow/models/taskinstance.py", line 1341, in _execute_task
    result = task_copy.execute(context=context)
  File "/opt/airflow/plugins/operators/stage_redshift.py", line 83, in execute
    s3.get_credentials().access_key,
  File "/home/airflow/.local/lib/python3.6/site-packages/airflow/providers/amazon/aws/hooks/base_aws.py", line 478, in get_credentials
    return session.get_credentials().get_frozen_credentials()
AttributeError: 'NoneType' object has no attribute 'get_frozen_credentials'
[2021-04-27 20:34:05,191] {taskinstance.py:1532} INFO - Marking task as UP_FOR_RETRY. dag_id=project_dag, task_id=Stage_events, execution_date=20200201T000000, start_date=20210427T203354, end_date=20210427T203405
[2021-04-27 20:34:05,716] {local_task_job.py:146} INFO - Task exited with return code 1
