[2021-06-25 15:48:28,602] {taskinstance.py:877} INFO - Dependencies all met for <TaskInstance: project_dag.create_tables 2019-01-12T00:00:00+00:00 [queued]>
[2021-06-25 15:48:28,685] {taskinstance.py:877} INFO - Dependencies all met for <TaskInstance: project_dag.create_tables 2019-01-12T00:00:00+00:00 [queued]>
[2021-06-25 15:48:28,685] {taskinstance.py:1068} INFO - 
--------------------------------------------------------------------------------
[2021-06-25 15:48:28,685] {taskinstance.py:1069} INFO - Starting attempt 1 of 2
[2021-06-25 15:48:28,686] {taskinstance.py:1070} INFO - 
--------------------------------------------------------------------------------
[2021-06-25 15:48:28,737] {taskinstance.py:1089} INFO - Executing <Task(PostgresOperator): create_tables> on 2019-01-12T00:00:00+00:00
[2021-06-25 15:48:28,748] {standard_task_runner.py:52} INFO - Started process 42 to run task
[2021-06-25 15:48:28,783] {standard_task_runner.py:76} INFO - Running: ['airflow', 'tasks', 'run', 'project_dag', 'create_tables', '2019-01-12T00:00:00+00:00', '--job-id', '4', '--pool', 'default_pool', '--raw', '--subdir', 'DAGS_FOLDER/udac_example_dag.py', '--cfg-path', '/tmp/tmpuona5r8m', '--error-file', '/tmp/tmp0aepx9ou']
[2021-06-25 15:48:28,784] {standard_task_runner.py:77} INFO - Job 4: Subtask create_tables
[2021-06-25 15:48:29,211] {logging_mixin.py:104} INFO - Running <TaskInstance: project_dag.create_tables 2019-01-12T00:00:00+00:00 [running]> on host c19f75550f33
[2021-06-25 15:48:29,379] {taskinstance.py:1283} INFO - Exporting the following env vars:
AIRFLOW_CTX_DAG_EMAIL=airflow@example.com
AIRFLOW_CTX_DAG_OWNER=udacity
AIRFLOW_CTX_DAG_ID=project_dag
AIRFLOW_CTX_TASK_ID=create_tables
AIRFLOW_CTX_EXECUTION_DATE=2019-01-12T00:00:00+00:00
AIRFLOW_CTX_DAG_RUN_ID=scheduled__2019-01-12T00:00:00+00:00
[2021-06-25 15:48:29,380] {postgres.py:69} INFO - Executing: CREATE TABLE IF NOT EXISTS public.artists (
	artistid varchar(256) NOT NULL,
	name varchar(256),
	location varchar(256),
	lattitude numeric(18,0),
	longitude numeric(18,0)
);

CREATE TABLE IF NOT EXISTS public.songplays (
	playid varchar(32) NOT NULL,
	start_time timestamp NOT NULL,
	userid int4 NOT NULL,
	"level" varchar(256),
	songid varchar(256),
	artistid varchar(256),
	sessionid int4,
	location varchar(256),
	user_agent varchar(256),
	CONSTRAINT songplays_pkey PRIMARY KEY (playid)
);

CREATE TABLE IF NOT EXISTS public.songs (
	songid varchar(256) NOT NULL,
	title varchar(256),
	artistid varchar(256),
	"year" int4,
	duration numeric(18,0),
	CONSTRAINT songs_pkey PRIMARY KEY (songid)
);

CREATE TABLE IF NOT EXISTS public.staging_events (
	artist varchar(256),
	auth varchar(256),
	firstname varchar(256),
	gender varchar(256),
	iteminsession int4,
	lastname varchar(256),
	length numeric(18,0),
	"level" varchar(256),
	location varchar(256),
	"method" varchar(256),
	page varchar(256),
	registration numeric(18,0),
	sessionid int4,
	song varchar(256),
	status int4,
	ts int8,
	useragent varchar(256),
	userid int4
);

CREATE TABLE IF NOT EXISTS public.staging_songs (
	num_songs int4,
	artist_id varchar(256),
	artist_name varchar(256),
	artist_latitude numeric(18,0),
	artist_longitude numeric(18,0),
	artist_location varchar(256),
	song_id varchar(256),
	title varchar(256),
	duration numeric(18,0),
	"year" int4
);

CREATE TABLE IF NOT EXISTS public."time" (
	start_time timestamp NOT NULL,
	"hour" int4,
	"day" int4,
	week int4,
	"month" varchar(256),
	"year" int4,
	weekday varchar(256),
	CONSTRAINT time_pkey PRIMARY KEY (start_time)
);

CREATE TABLE IF NOT EXISTS public.users (
	userid int4 NOT NULL,
	first_name varchar(256),
	last_name varchar(256),
	gender varchar(256),
	"level" varchar(256),
	CONSTRAINT users_pkey PRIMARY KEY (userid)
);





[2021-06-25 15:48:29,397] {base.py:78} INFO - Using connection to: id: redshift. Host: redshift.cxvwoeu3kuea.us-west-2.redshift.amazonaws.com, Port: 5439, Schema: dev, Login: awsuser, Password: XXXXXXXX, extra: None
[2021-06-25 15:48:31,404] {dbapi.py:180} INFO - Running statement: CREATE TABLE IF NOT EXISTS public.artists (
	artistid varchar(256) NOT NULL,
	name varchar(256),
	location varchar(256),
	lattitude numeric(18,0),
	longitude numeric(18,0)
);

CREATE TABLE IF NOT EXISTS public.songplays (
	playid varchar(32) NOT NULL,
	start_time timestamp NOT NULL,
	userid int4 NOT NULL,
	"level" varchar(256),
	songid varchar(256),
	artistid varchar(256),
	sessionid int4,
	location varchar(256),
	user_agent varchar(256),
	CONSTRAINT songplays_pkey PRIMARY KEY (playid)
);

CREATE TABLE IF NOT EXISTS public.songs (
	songid varchar(256) NOT NULL,
	title varchar(256),
	artistid varchar(256),
	"year" int4,
	duration numeric(18,0),
	CONSTRAINT songs_pkey PRIMARY KEY (songid)
);

CREATE TABLE IF NOT EXISTS public.staging_events (
	artist varchar(256),
	auth varchar(256),
	firstname varchar(256),
	gender varchar(256),
	iteminsession int4,
	lastname varchar(256),
	length numeric(18,0),
	"level" varchar(256),
	location varchar(256),
	"method" varchar(256),
	page varchar(256),
	registration numeric(18,0),
	sessionid int4,
	song varchar(256),
	status int4,
	ts int8,
	useragent varchar(256),
	userid int4
);

CREATE TABLE IF NOT EXISTS public.staging_songs (
	num_songs int4,
	artist_id varchar(256),
	artist_name varchar(256),
	artist_latitude numeric(18,0),
	artist_longitude numeric(18,0),
	artist_location varchar(256),
	song_id varchar(256),
	title varchar(256),
	duration numeric(18,0),
	"year" int4
);

CREATE TABLE IF NOT EXISTS public."time" (
	start_time timestamp NOT NULL,
	"hour" int4,
	"day" int4,
	week int4,
	"month" varchar(256),
	"year" int4,
	weekday varchar(256),
	CONSTRAINT time_pkey PRIMARY KEY (start_time)
);

CREATE TABLE IF NOT EXISTS public.users (
	userid int4 NOT NULL,
	first_name varchar(256),
	last_name varchar(256),
	gender varchar(256),
	"level" varchar(256),
	CONSTRAINT users_pkey PRIMARY KEY (userid)
);




, parameters: None
[2021-06-25 15:48:31,793] {dbapi.py:186} INFO - Rows affected: -1
[2021-06-25 15:48:32,015] {postgres.py:73} INFO - INFO:  Relation "artists" already exists and will be skipped

[2021-06-25 15:48:32,015] {postgres.py:73} INFO - INFO:  Relation "songplays" already exists and will be skipped

[2021-06-25 15:48:32,015] {postgres.py:73} INFO - INFO:  Relation "songs" already exists and will be skipped

[2021-06-25 15:48:32,015] {postgres.py:73} INFO - INFO:  Relation "staging_events" already exists and will be skipped

[2021-06-25 15:48:32,016] {postgres.py:73} INFO - INFO:  Relation "staging_songs" already exists and will be skipped

[2021-06-25 15:48:32,016] {postgres.py:73} INFO - INFO:  Relation "time" already exists and will be skipped

[2021-06-25 15:48:32,016] {postgres.py:73} INFO - INFO:  Relation "users" already exists and will be skipped

[2021-06-25 15:48:32,080] {taskinstance.py:1192} INFO - Marking task as SUCCESS. dag_id=project_dag, task_id=create_tables, execution_date=20190112T000000, start_date=20210625T154828, end_date=20210625T154832
[2021-06-25 15:48:32,325] {taskinstance.py:1246} INFO - 0 downstream tasks scheduled from follow-on schedule check
[2021-06-25 15:48:32,370] {local_task_job.py:146} INFO - Task exited with return code 0
