[2021-04-24 11:39:51,174] {taskinstance.py:877} INFO - Dependencies all met for <TaskInstance: project_dag.Stage_events 2019-12-01T00:00:00+00:00 [queued]>
[2021-04-24 11:39:51,440] {taskinstance.py:877} INFO - Dependencies all met for <TaskInstance: project_dag.Stage_events 2019-12-01T00:00:00+00:00 [queued]>
[2021-04-24 11:39:51,441] {taskinstance.py:1068} INFO - 
--------------------------------------------------------------------------------
[2021-04-24 11:39:51,441] {taskinstance.py:1069} INFO - Starting attempt 1 of 2
[2021-04-24 11:39:51,441] {taskinstance.py:1070} INFO - 
--------------------------------------------------------------------------------
[2021-04-24 11:39:51,866] {taskinstance.py:1089} INFO - Executing <Task(StageToRedshiftOperator): Stage_events> on 2019-12-01T00:00:00+00:00
[2021-04-24 11:39:51,892] {standard_task_runner.py:52} INFO - Started process 112 to run task
[2021-04-24 11:39:52,076] {standard_task_runner.py:76} INFO - Running: ['airflow', 'tasks', 'run', 'project_dag', 'Stage_events', '2019-12-01T00:00:00+00:00', '--job-id', '33', '--pool', 'default_pool', '--raw', '--subdir', 'DAGS_FOLDER/udac_example_dag.py', '--cfg-path', '/tmp/tmpc54bgnxt', '--error-file', '/tmp/tmp469kjhe0']
[2021-04-24 11:39:52,145] {standard_task_runner.py:77} INFO - Job 33: Subtask Stage_events
[2021-04-24 11:39:53,224] {logging_mixin.py:104} INFO - Running <TaskInstance: project_dag.Stage_events 2019-12-01T00:00:00+00:00 [running]> on host 88dcd2a12842
[2021-04-24 11:39:54,453] {taskinstance.py:1283} INFO - Exporting the following env vars:
AIRFLOW_CTX_DAG_EMAIL=ernest@gmail.com.com
AIRFLOW_CTX_DAG_OWNER=udacity
AIRFLOW_CTX_DAG_ID=project_dag
AIRFLOW_CTX_TASK_ID=Stage_events
AIRFLOW_CTX_EXECUTION_DATE=2019-12-01T00:00:00+00:00
AIRFLOW_CTX_DAG_RUN_ID=scheduled__2019-12-01T00:00:00+00:00
[2021-04-24 11:39:54,458] {stage_redshift.py:38} INFO - Start implementation of StageToRedshiftOperator
[2021-04-24 11:39:54,741] {taskinstance.py:1482} ERROR - Task failed with exception
Traceback (most recent call last):
  File "/home/airflow/.local/lib/python3.6/site-packages/airflow/models/taskinstance.py", line 1138, in _run_raw_task
    self._prepare_and_execute_task_with_callbacks(context, task)
  File "/home/airflow/.local/lib/python3.6/site-packages/airflow/models/taskinstance.py", line 1311, in _prepare_and_execute_task_with_callbacks
    result = self._execute_task(context, task_copy)
  File "/home/airflow/.local/lib/python3.6/site-packages/airflow/models/taskinstance.py", line 1341, in _execute_task
    result = task_copy.execute(context=context)
  File "/opt/airflow/plugins/operators/stage_redshift.py", line 39, in execute
    aws_hook = AwsHook(self.aws_credentials_id)
  File "/home/airflow/.local/lib/python3.6/site-packages/airflow/contrib/hooks/aws_hook.py", line 41, in __init__
    super().__init__(*args, **kwargs)
  File "/home/airflow/.local/lib/python3.6/site-packages/airflow/providers/amazon/aws/hooks/base_aws.py", line 360, in __init__
    raise AirflowException('Either client_type or resource_type must be provided.')
airflow.exceptions.AirflowException: Either client_type or resource_type must be provided.
[2021-04-24 11:39:54,756] {taskinstance.py:1532} INFO - Marking task as UP_FOR_RETRY. dag_id=project_dag, task_id=Stage_events, execution_date=20191201T000000, start_date=20210424T113951, end_date=20210424T113954
[2021-04-24 11:39:55,975] {local_task_job.py:146} INFO - Task exited with return code 1
[2021-04-27 20:16:33,502] {taskinstance.py:877} INFO - Dependencies all met for <TaskInstance: project_dag.Stage_events 2019-12-01T00:00:00+00:00 [queued]>
[2021-04-27 20:16:34,332] {taskinstance.py:877} INFO - Dependencies all met for <TaskInstance: project_dag.Stage_events 2019-12-01T00:00:00+00:00 [queued]>
[2021-04-27 20:16:34,332] {taskinstance.py:1068} INFO - 
--------------------------------------------------------------------------------
[2021-04-27 20:16:34,332] {taskinstance.py:1069} INFO - Starting attempt 1 of 2
[2021-04-27 20:16:34,333] {taskinstance.py:1070} INFO - 
--------------------------------------------------------------------------------
[2021-04-27 20:16:35,187] {taskinstance.py:1089} INFO - Executing <Task(StageToRedshiftOperator): Stage_events> on 2019-12-01T00:00:00+00:00
[2021-04-27 20:16:35,453] {standard_task_runner.py:52} INFO - Started process 133 to run task
[2021-04-27 20:16:35,599] {standard_task_runner.py:76} INFO - Running: ['airflow', 'tasks', 'run', 'project_dag', 'Stage_events', '2019-12-01T00:00:00+00:00', '--job-id', '47', '--pool', 'default_pool', '--raw', '--subdir', 'DAGS_FOLDER/udac_example_dag.py', '--cfg-path', '/tmp/tmp1vg8k0fa', '--error-file', '/tmp/tmp9prxv0y7']
[2021-04-27 20:16:35,599] {standard_task_runner.py:77} INFO - Job 47: Subtask Stage_events
[2021-04-27 20:16:38,734] {logging_mixin.py:104} INFO - Running <TaskInstance: project_dag.Stage_events 2019-12-01T00:00:00+00:00 [running]> on host 88b3af0c26c0
[2021-04-27 20:16:40,950] {taskinstance.py:1283} INFO - Exporting the following env vars:
AIRFLOW_CTX_DAG_EMAIL=ernestoffor@gmail.com.com
AIRFLOW_CTX_DAG_OWNER=udacity
AIRFLOW_CTX_DAG_ID=project_dag
AIRFLOW_CTX_TASK_ID=Stage_events
AIRFLOW_CTX_EXECUTION_DATE=2019-12-01T00:00:00+00:00
AIRFLOW_CTX_DAG_RUN_ID=scheduled__2019-12-01T00:00:00+00:00
[2021-04-27 20:16:40,957] {stage_redshift.py:65} INFO - Start implementation of StageToRedshiftOperator
[2021-04-27 20:16:41,019] {taskinstance.py:1482} ERROR - Task failed with exception
Traceback (most recent call last):
  File "/home/airflow/.local/lib/python3.6/site-packages/airflow/models/taskinstance.py", line 1138, in _run_raw_task
    self._prepare_and_execute_task_with_callbacks(context, task)
  File "/home/airflow/.local/lib/python3.6/site-packages/airflow/models/taskinstance.py", line 1311, in _prepare_and_execute_task_with_callbacks
    result = self._execute_task(context, task_copy)
  File "/home/airflow/.local/lib/python3.6/site-packages/airflow/models/taskinstance.py", line 1341, in _execute_task
    result = task_copy.execute(context=context)
  File "/opt/airflow/plugins/operators/stage_redshift.py", line 66, in execute
    s3 = S3Hook(aws_conn_id=self.aws_credentials_id)
AttributeError: 'StageToRedshiftOperator' object has no attribute 'aws_credentials_id'
[2021-04-27 20:16:41,080] {taskinstance.py:1532} INFO - Marking task as UP_FOR_RETRY. dag_id=project_dag, task_id=Stage_events, execution_date=20191201T000000, start_date=20210427T201633, end_date=20210427T201641
[2021-04-27 20:16:42,820] {local_task_job.py:146} INFO - Task exited with return code 1
[2021-04-27 20:33:43,373] {taskinstance.py:877} INFO - Dependencies all met for <TaskInstance: project_dag.Stage_events 2019-12-01T00:00:00+00:00 [queued]>
[2021-04-27 20:33:44,139] {taskinstance.py:877} INFO - Dependencies all met for <TaskInstance: project_dag.Stage_events 2019-12-01T00:00:00+00:00 [queued]>
[2021-04-27 20:33:44,139] {taskinstance.py:1068} INFO - 
--------------------------------------------------------------------------------
[2021-04-27 20:33:44,151] {taskinstance.py:1069} INFO - Starting attempt 1 of 2
[2021-04-27 20:33:44,151] {taskinstance.py:1070} INFO - 
--------------------------------------------------------------------------------
[2021-04-27 20:33:44,753] {taskinstance.py:1089} INFO - Executing <Task(StageToRedshiftOperator): Stage_events> on 2019-12-01T00:00:00+00:00
[2021-04-27 20:33:45,054] {standard_task_runner.py:52} INFO - Started process 115 to run task
[2021-04-27 20:33:45,429] {standard_task_runner.py:76} INFO - Running: ['airflow', 'tasks', 'run', 'project_dag', 'Stage_events', '2019-12-01T00:00:00+00:00', '--job-id', '37', '--pool', 'default_pool', '--raw', '--subdir', 'DAGS_FOLDER/udac_example_dag.py', '--cfg-path', '/tmp/tmp97b889ft', '--error-file', '/tmp/tmppzniu7pg']
[2021-04-27 20:33:45,467] {standard_task_runner.py:77} INFO - Job 37: Subtask Stage_events
[2021-04-27 20:33:47,663] {logging_mixin.py:104} INFO - Running <TaskInstance: project_dag.Stage_events 2019-12-01T00:00:00+00:00 [running]> on host 478c7ec349b0
[2021-04-27 20:33:49,053] {taskinstance.py:1283} INFO - Exporting the following env vars:
AIRFLOW_CTX_DAG_EMAIL=ernestoffor@gmail.com.com
AIRFLOW_CTX_DAG_OWNER=udacity
AIRFLOW_CTX_DAG_ID=project_dag
AIRFLOW_CTX_TASK_ID=Stage_events
AIRFLOW_CTX_EXECUTION_DATE=2019-12-01T00:00:00+00:00
AIRFLOW_CTX_DAG_RUN_ID=scheduled__2019-12-01T00:00:00+00:00
[2021-04-27 20:33:49,054] {stage_redshift.py:67} INFO - Start implementation of StageToRedshiftOperator
[2021-04-27 20:33:49,054] {stage_redshift.py:74} INFO - Preparing destination Redshift table
[2021-04-27 20:33:50,232] {base.py:78} INFO - Using connection to: id: redshift. Host: redshift.cxvwoeu3kuea.us-west-2.redshift.amazonaws.com, Port: 5439, Schema: dev, Login: awsuser, Password: XXXXXXXX, extra: None
[2021-04-27 20:33:51,721] {dbapi.py:180} INFO - Running statement: DELETE FROM staging_events, parameters: None
[2021-04-27 20:33:52,186] {dbapi.py:186} INFO - Rows affected: 0
[2021-04-27 20:33:52,492] {stage_redshift.py:77} INFO - Getting data from S3 to Redshift
[2021-04-27 20:33:55,533] {taskinstance.py:1482} ERROR - Task failed with exception
Traceback (most recent call last):
  File "/home/airflow/.local/lib/python3.6/site-packages/airflow/models/taskinstance.py", line 1138, in _run_raw_task
    self._prepare_and_execute_task_with_callbacks(context, task)
  File "/home/airflow/.local/lib/python3.6/site-packages/airflow/models/taskinstance.py", line 1311, in _prepare_and_execute_task_with_callbacks
    result = self._execute_task(context, task_copy)
  File "/home/airflow/.local/lib/python3.6/site-packages/airflow/models/taskinstance.py", line 1341, in _execute_task
    result = task_copy.execute(context=context)
  File "/opt/airflow/plugins/operators/stage_redshift.py", line 83, in execute
    s3.get_credentials().access_key,
  File "/home/airflow/.local/lib/python3.6/site-packages/airflow/providers/amazon/aws/hooks/base_aws.py", line 478, in get_credentials
    return session.get_credentials().get_frozen_credentials()
AttributeError: 'NoneType' object has no attribute 'get_frozen_credentials'
[2021-04-27 20:33:55,549] {taskinstance.py:1532} INFO - Marking task as UP_FOR_RETRY. dag_id=project_dag, task_id=Stage_events, execution_date=20191201T000000, start_date=20210427T203343, end_date=20210427T203355
[2021-04-27 20:33:56,684] {local_task_job.py:146} INFO - Task exited with return code 1
