[2021-04-24 11:39:51,178] {taskinstance.py:877} INFO - Dependencies all met for <TaskInstance: project_dag.Stage_events 2019-11-01T00:00:00+00:00 [queued]>
[2021-04-24 11:39:51,437] {taskinstance.py:877} INFO - Dependencies all met for <TaskInstance: project_dag.Stage_events 2019-11-01T00:00:00+00:00 [queued]>
[2021-04-24 11:39:51,437] {taskinstance.py:1068} INFO - 
--------------------------------------------------------------------------------
[2021-04-24 11:39:51,438] {taskinstance.py:1069} INFO - Starting attempt 1 of 2
[2021-04-24 11:39:51,438] {taskinstance.py:1070} INFO - 
--------------------------------------------------------------------------------
[2021-04-24 11:39:51,869] {taskinstance.py:1089} INFO - Executing <Task(StageToRedshiftOperator): Stage_events> on 2019-11-01T00:00:00+00:00
[2021-04-24 11:39:51,929] {standard_task_runner.py:52} INFO - Started process 115 to run task
[2021-04-24 11:39:52,046] {standard_task_runner.py:76} INFO - Running: ['airflow', 'tasks', 'run', 'project_dag', 'Stage_events', '2019-11-01T00:00:00+00:00', '--job-id', '40', '--pool', 'default_pool', '--raw', '--subdir', 'DAGS_FOLDER/udac_example_dag.py', '--cfg-path', '/tmp/tmpjt39qwo6', '--error-file', '/tmp/tmpw6gpjka9']
[2021-04-24 11:39:52,047] {standard_task_runner.py:77} INFO - Job 40: Subtask Stage_events
[2021-04-24 11:39:52,987] {logging_mixin.py:104} INFO - Running <TaskInstance: project_dag.Stage_events 2019-11-01T00:00:00+00:00 [running]> on host 88dcd2a12842
[2021-04-24 11:39:54,641] {taskinstance.py:1283} INFO - Exporting the following env vars:
AIRFLOW_CTX_DAG_EMAIL=ernest@gmail.com.com
AIRFLOW_CTX_DAG_OWNER=udacity
AIRFLOW_CTX_DAG_ID=project_dag
AIRFLOW_CTX_TASK_ID=Stage_events
AIRFLOW_CTX_EXECUTION_DATE=2019-11-01T00:00:00+00:00
AIRFLOW_CTX_DAG_RUN_ID=scheduled__2019-11-01T00:00:00+00:00
[2021-04-24 11:39:54,673] {stage_redshift.py:38} INFO - Start implementation of StageToRedshiftOperator
[2021-04-24 11:39:54,926] {taskinstance.py:1482} ERROR - Task failed with exception
Traceback (most recent call last):
  File "/home/airflow/.local/lib/python3.6/site-packages/airflow/models/taskinstance.py", line 1138, in _run_raw_task
    self._prepare_and_execute_task_with_callbacks(context, task)
  File "/home/airflow/.local/lib/python3.6/site-packages/airflow/models/taskinstance.py", line 1311, in _prepare_and_execute_task_with_callbacks
    result = self._execute_task(context, task_copy)
  File "/home/airflow/.local/lib/python3.6/site-packages/airflow/models/taskinstance.py", line 1341, in _execute_task
    result = task_copy.execute(context=context)
  File "/opt/airflow/plugins/operators/stage_redshift.py", line 39, in execute
    aws_hook = AwsHook(self.aws_credentials_id)
  File "/home/airflow/.local/lib/python3.6/site-packages/airflow/contrib/hooks/aws_hook.py", line 41, in __init__
    super().__init__(*args, **kwargs)
  File "/home/airflow/.local/lib/python3.6/site-packages/airflow/providers/amazon/aws/hooks/base_aws.py", line 360, in __init__
    raise AirflowException('Either client_type or resource_type must be provided.')
airflow.exceptions.AirflowException: Either client_type or resource_type must be provided.
[2021-04-24 11:39:55,002] {taskinstance.py:1532} INFO - Marking task as UP_FOR_RETRY. dag_id=project_dag, task_id=Stage_events, execution_date=20191101T000000, start_date=20210424T113951, end_date=20210424T113954
[2021-04-24 11:39:55,735] {local_task_job.py:146} INFO - Task exited with return code 1
[2021-04-27 20:15:54,400] {taskinstance.py:877} INFO - Dependencies all met for <TaskInstance: project_dag.Stage_events 2019-11-01T00:00:00+00:00 [queued]>
[2021-04-27 20:15:54,981] {taskinstance.py:877} INFO - Dependencies all met for <TaskInstance: project_dag.Stage_events 2019-11-01T00:00:00+00:00 [queued]>
[2021-04-27 20:15:54,981] {taskinstance.py:1068} INFO - 
--------------------------------------------------------------------------------
[2021-04-27 20:15:54,981] {taskinstance.py:1069} INFO - Starting attempt 1 of 2
[2021-04-27 20:15:54,981] {taskinstance.py:1070} INFO - 
--------------------------------------------------------------------------------
[2021-04-27 20:15:55,329] {taskinstance.py:1089} INFO - Executing <Task(StageToRedshiftOperator): Stage_events> on 2019-11-01T00:00:00+00:00
[2021-04-27 20:15:55,754] {standard_task_runner.py:76} INFO - Running: ['airflow', 'tasks', 'run', 'project_dag', 'Stage_events', '2019-11-01T00:00:00+00:00', '--job-id', '19', '--pool', 'default_pool', '--raw', '--subdir', 'DAGS_FOLDER/udac_example_dag.py', '--cfg-path', '/tmp/tmpq_vcjn5l', '--error-file', '/tmp/tmp8lpa3ky1']
[2021-04-27 20:15:55,825] {standard_task_runner.py:77} INFO - Job 19: Subtask Stage_events
[2021-04-27 20:15:55,618] {standard_task_runner.py:52} INFO - Started process 89 to run task
[2021-04-27 20:15:58,494] {logging_mixin.py:104} INFO - Running <TaskInstance: project_dag.Stage_events 2019-11-01T00:00:00+00:00 [running]> on host 88b3af0c26c0
[2021-04-27 20:16:00,437] {taskinstance.py:1283} INFO - Exporting the following env vars:
AIRFLOW_CTX_DAG_EMAIL=ernestoffor@gmail.com.com
AIRFLOW_CTX_DAG_OWNER=udacity
AIRFLOW_CTX_DAG_ID=project_dag
AIRFLOW_CTX_TASK_ID=Stage_events
AIRFLOW_CTX_EXECUTION_DATE=2019-11-01T00:00:00+00:00
AIRFLOW_CTX_DAG_RUN_ID=scheduled__2019-11-01T00:00:00+00:00
[2021-04-27 20:16:00,481] {stage_redshift.py:65} INFO - Start implementation of StageToRedshiftOperator
[2021-04-27 20:16:00,492] {taskinstance.py:1482} ERROR - Task failed with exception
Traceback (most recent call last):
  File "/home/airflow/.local/lib/python3.6/site-packages/airflow/models/taskinstance.py", line 1138, in _run_raw_task
    self._prepare_and_execute_task_with_callbacks(context, task)
  File "/home/airflow/.local/lib/python3.6/site-packages/airflow/models/taskinstance.py", line 1311, in _prepare_and_execute_task_with_callbacks
    result = self._execute_task(context, task_copy)
  File "/home/airflow/.local/lib/python3.6/site-packages/airflow/models/taskinstance.py", line 1341, in _execute_task
    result = task_copy.execute(context=context)
  File "/opt/airflow/plugins/operators/stage_redshift.py", line 66, in execute
    s3 = S3Hook(aws_conn_id=self.aws_credentials_id)
AttributeError: 'StageToRedshiftOperator' object has no attribute 'aws_credentials_id'
[2021-04-27 20:16:01,079] {taskinstance.py:1532} INFO - Marking task as UP_FOR_RETRY. dag_id=project_dag, task_id=Stage_events, execution_date=20191101T000000, start_date=20210427T201554, end_date=20210427T201601
[2021-04-27 20:16:01,980] {local_task_job.py:146} INFO - Task exited with return code 1
[2021-04-27 20:33:42,235] {taskinstance.py:877} INFO - Dependencies all met for <TaskInstance: project_dag.Stage_events 2019-11-01T00:00:00+00:00 [queued]>
[2021-04-27 20:33:43,612] {taskinstance.py:877} INFO - Dependencies all met for <TaskInstance: project_dag.Stage_events 2019-11-01T00:00:00+00:00 [queued]>
[2021-04-27 20:33:43,615] {taskinstance.py:1068} INFO - 
--------------------------------------------------------------------------------
[2021-04-27 20:33:43,634] {taskinstance.py:1069} INFO - Starting attempt 1 of 2
[2021-04-27 20:33:43,654] {taskinstance.py:1070} INFO - 
--------------------------------------------------------------------------------
[2021-04-27 20:33:44,232] {taskinstance.py:1089} INFO - Executing <Task(StageToRedshiftOperator): Stage_events> on 2019-11-01T00:00:00+00:00
[2021-04-27 20:33:44,555] {standard_task_runner.py:52} INFO - Started process 114 to run task
[2021-04-27 20:33:44,861] {standard_task_runner.py:76} INFO - Running: ['airflow', 'tasks', 'run', 'project_dag', 'Stage_events', '2019-11-01T00:00:00+00:00', '--job-id', '35', '--pool', 'default_pool', '--raw', '--subdir', 'DAGS_FOLDER/udac_example_dag.py', '--cfg-path', '/tmp/tmpbf4gmqtb', '--error-file', '/tmp/tmp0_l4p5up']
[2021-04-27 20:33:44,862] {standard_task_runner.py:77} INFO - Job 35: Subtask Stage_events
[2021-04-27 20:33:46,912] {logging_mixin.py:104} INFO - Running <TaskInstance: project_dag.Stage_events 2019-11-01T00:00:00+00:00 [running]> on host 478c7ec349b0
[2021-04-27 20:33:48,462] {taskinstance.py:1283} INFO - Exporting the following env vars:
AIRFLOW_CTX_DAG_EMAIL=ernestoffor@gmail.com.com
AIRFLOW_CTX_DAG_OWNER=udacity
AIRFLOW_CTX_DAG_ID=project_dag
AIRFLOW_CTX_TASK_ID=Stage_events
AIRFLOW_CTX_EXECUTION_DATE=2019-11-01T00:00:00+00:00
AIRFLOW_CTX_DAG_RUN_ID=scheduled__2019-11-01T00:00:00+00:00
[2021-04-27 20:33:48,463] {stage_redshift.py:67} INFO - Start implementation of StageToRedshiftOperator
[2021-04-27 20:33:48,469] {stage_redshift.py:74} INFO - Preparing destination Redshift table
[2021-04-27 20:33:49,305] {base.py:78} INFO - Using connection to: id: redshift. Host: redshift.cxvwoeu3kuea.us-west-2.redshift.amazonaws.com, Port: 5439, Schema: dev, Login: awsuser, Password: XXXXXXXX, extra: None
[2021-04-27 20:33:51,135] {dbapi.py:180} INFO - Running statement: DELETE FROM staging_events, parameters: None
[2021-04-27 20:33:51,590] {dbapi.py:186} INFO - Rows affected: 0
[2021-04-27 20:33:51,966] {stage_redshift.py:77} INFO - Getting data from S3 to Redshift
[2021-04-27 20:33:55,531] {taskinstance.py:1482} ERROR - Task failed with exception
Traceback (most recent call last):
  File "/home/airflow/.local/lib/python3.6/site-packages/airflow/models/taskinstance.py", line 1138, in _run_raw_task
    self._prepare_and_execute_task_with_callbacks(context, task)
  File "/home/airflow/.local/lib/python3.6/site-packages/airflow/models/taskinstance.py", line 1311, in _prepare_and_execute_task_with_callbacks
    result = self._execute_task(context, task_copy)
  File "/home/airflow/.local/lib/python3.6/site-packages/airflow/models/taskinstance.py", line 1341, in _execute_task
    result = task_copy.execute(context=context)
  File "/opt/airflow/plugins/operators/stage_redshift.py", line 83, in execute
    s3.get_credentials().access_key,
  File "/home/airflow/.local/lib/python3.6/site-packages/airflow/providers/amazon/aws/hooks/base_aws.py", line 478, in get_credentials
    return session.get_credentials().get_frozen_credentials()
AttributeError: 'NoneType' object has no attribute 'get_frozen_credentials'
[2021-04-27 20:33:55,551] {taskinstance.py:1532} INFO - Marking task as UP_FOR_RETRY. dag_id=project_dag, task_id=Stage_events, execution_date=20191101T000000, start_date=20210427T203342, end_date=20210427T203355
[2021-04-27 20:33:57,525] {local_task_job.py:146} INFO - Task exited with return code 1
