[2021-04-24 11:51:18,655] {taskinstance.py:877} INFO - Dependencies all met for <TaskInstance: project_dag.Stage_events 2021-01-01T00:00:00+00:00 [queued]>
[2021-04-24 11:51:18,720] {taskinstance.py:877} INFO - Dependencies all met for <TaskInstance: project_dag.Stage_events 2021-01-01T00:00:00+00:00 [queued]>
[2021-04-24 11:51:18,725] {taskinstance.py:1068} INFO - 
--------------------------------------------------------------------------------
[2021-04-24 11:51:18,726] {taskinstance.py:1069} INFO - Starting attempt 2 of 2
[2021-04-24 11:51:18,726] {taskinstance.py:1070} INFO - 
--------------------------------------------------------------------------------
[2021-04-24 11:51:18,855] {taskinstance.py:1089} INFO - Executing <Task(StageToRedshiftOperator): Stage_events> on 2021-01-01T00:00:00+00:00
[2021-04-24 11:51:18,895] {standard_task_runner.py:52} INFO - Started process 300 to run task
[2021-04-24 11:51:18,919] {standard_task_runner.py:76} INFO - Running: ['airflow', 'tasks', 'run', 'project_dag', 'Stage_events', '2021-01-01T00:00:00+00:00', '--job-id', '132', '--pool', 'default_pool', '--raw', '--subdir', 'DAGS_FOLDER/udac_example_dag.py', '--cfg-path', '/tmp/tmp3pn0z9v6', '--error-file', '/tmp/tmpztjs6imd']
[2021-04-24 11:51:18,923] {standard_task_runner.py:77} INFO - Job 132: Subtask Stage_events
[2021-04-24 11:51:19,180] {logging_mixin.py:104} INFO - Running <TaskInstance: project_dag.Stage_events 2021-01-01T00:00:00+00:00 [running]> on host 88dcd2a12842
[2021-04-24 11:51:19,539] {taskinstance.py:1283} INFO - Exporting the following env vars:
AIRFLOW_CTX_DAG_EMAIL=ernest@gmail.com.com
AIRFLOW_CTX_DAG_OWNER=udacity
AIRFLOW_CTX_DAG_ID=project_dag
AIRFLOW_CTX_TASK_ID=Stage_events
AIRFLOW_CTX_EXECUTION_DATE=2021-01-01T00:00:00+00:00
AIRFLOW_CTX_DAG_RUN_ID=scheduled__2021-01-01T00:00:00+00:00
[2021-04-24 11:51:19,540] {stage_redshift.py:38} INFO - Start implementation of StageToRedshiftOperator
[2021-04-24 11:51:19,597] {taskinstance.py:1482} ERROR - Task failed with exception
Traceback (most recent call last):
  File "/home/airflow/.local/lib/python3.6/site-packages/airflow/models/taskinstance.py", line 1138, in _run_raw_task
    self._prepare_and_execute_task_with_callbacks(context, task)
  File "/home/airflow/.local/lib/python3.6/site-packages/airflow/models/taskinstance.py", line 1311, in _prepare_and_execute_task_with_callbacks
    result = self._execute_task(context, task_copy)
  File "/home/airflow/.local/lib/python3.6/site-packages/airflow/models/taskinstance.py", line 1341, in _execute_task
    result = task_copy.execute(context=context)
  File "/opt/airflow/plugins/operators/stage_redshift.py", line 39, in execute
    aws_hook = AwsHook(self.aws_credentials_id)
  File "/home/airflow/.local/lib/python3.6/site-packages/airflow/contrib/hooks/aws_hook.py", line 41, in __init__
    super().__init__(*args, **kwargs)
  File "/home/airflow/.local/lib/python3.6/site-packages/airflow/providers/amazon/aws/hooks/base_aws.py", line 360, in __init__
    raise AirflowException('Either client_type or resource_type must be provided.')
airflow.exceptions.AirflowException: Either client_type or resource_type must be provided.
[2021-04-24 11:51:19,605] {taskinstance.py:1532} INFO - Marking task as FAILED. dag_id=project_dag, task_id=Stage_events, execution_date=20210101T000000, start_date=20210424T115118, end_date=20210424T115119
[2021-04-24 11:51:19,743] {configuration.py:352} WARNING - section/key [smtp/smtp_user] not found in config
[2021-04-24 11:51:19,743] {email.py:184} INFO - Email alerting: attempt 1
[2021-04-24 11:51:19,747] {configuration.py:352} WARNING - section/key [smtp/smtp_user] not found in config
[2021-04-24 11:51:19,747] {email.py:184} INFO - Email alerting: attempt 1
[2021-04-24 11:51:19,748] {taskinstance.py:1538} ERROR - Failed to send email to: ['ernest@gmail.com.com']
[2021-04-24 11:51:19,749] {taskinstance.py:1539} ERROR - [Errno 99] Cannot assign requested address
Traceback (most recent call last):
  File "/home/airflow/.local/lib/python3.6/site-packages/airflow/models/taskinstance.py", line 1138, in _run_raw_task
    self._prepare_and_execute_task_with_callbacks(context, task)
  File "/home/airflow/.local/lib/python3.6/site-packages/airflow/models/taskinstance.py", line 1311, in _prepare_and_execute_task_with_callbacks
    result = self._execute_task(context, task_copy)
  File "/home/airflow/.local/lib/python3.6/site-packages/airflow/models/taskinstance.py", line 1341, in _execute_task
    result = task_copy.execute(context=context)
  File "/opt/airflow/plugins/operators/stage_redshift.py", line 39, in execute
    aws_hook = AwsHook(self.aws_credentials_id)
  File "/home/airflow/.local/lib/python3.6/site-packages/airflow/contrib/hooks/aws_hook.py", line 41, in __init__
    super().__init__(*args, **kwargs)
  File "/home/airflow/.local/lib/python3.6/site-packages/airflow/providers/amazon/aws/hooks/base_aws.py", line 360, in __init__
    raise AirflowException('Either client_type or resource_type must be provided.')
airflow.exceptions.AirflowException: Either client_type or resource_type must be provided.

During handling of the above exception, another exception occurred:

Traceback (most recent call last):
  File "/home/airflow/.local/lib/python3.6/site-packages/airflow/models/taskinstance.py", line 1881, in email_alert
    send_email(self.task.email, subject, html_content)
  File "/home/airflow/.local/lib/python3.6/site-packages/airflow/utils/email.py", line 62, in send_email
    **kwargs,
  File "/home/airflow/.local/lib/python3.6/site-packages/airflow/utils/email.py", line 97, in send_email_smtp
    send_mime_email(e_from=smtp_mail_from, e_to=recipients, mime_msg=msg, dryrun=dryrun)
  File "/home/airflow/.local/lib/python3.6/site-packages/airflow/utils/email.py", line 186, in send_mime_email
    conn = _get_smtp_connection(smtp_host, smtp_port, smtp_timeout, smtp_ssl)
  File "/home/airflow/.local/lib/python3.6/site-packages/airflow/utils/email.py", line 220, in _get_smtp_connection
    else smtplib.SMTP(host=host, port=port, timeout=timeout)
  File "/usr/local/lib/python3.6/smtplib.py", line 251, in __init__
    (code, msg) = self.connect(host, port)
  File "/usr/local/lib/python3.6/smtplib.py", line 336, in connect
    self.sock = self._get_socket(host, port, self.timeout)
  File "/usr/local/lib/python3.6/smtplib.py", line 307, in _get_socket
    self.source_address)
  File "/usr/local/lib/python3.6/socket.py", line 724, in create_connection
    raise err
  File "/usr/local/lib/python3.6/socket.py", line 713, in create_connection
    sock.connect(sa)
OSError: [Errno 99] Cannot assign requested address

During handling of the above exception, another exception occurred:

Traceback (most recent call last):
  File "/home/airflow/.local/lib/python3.6/site-packages/airflow/models/taskinstance.py", line 1536, in handle_failure
    self.email_alert(error)
  File "/home/airflow/.local/lib/python3.6/site-packages/airflow/models/taskinstance.py", line 1883, in email_alert
    send_email(self.task.email, subject, html_content_err)
  File "/home/airflow/.local/lib/python3.6/site-packages/airflow/utils/email.py", line 62, in send_email
    **kwargs,
  File "/home/airflow/.local/lib/python3.6/site-packages/airflow/utils/email.py", line 97, in send_email_smtp
    send_mime_email(e_from=smtp_mail_from, e_to=recipients, mime_msg=msg, dryrun=dryrun)
  File "/home/airflow/.local/lib/python3.6/site-packages/airflow/utils/email.py", line 186, in send_mime_email
    conn = _get_smtp_connection(smtp_host, smtp_port, smtp_timeout, smtp_ssl)
  File "/home/airflow/.local/lib/python3.6/site-packages/airflow/utils/email.py", line 220, in _get_smtp_connection
    else smtplib.SMTP(host=host, port=port, timeout=timeout)
  File "/usr/local/lib/python3.6/smtplib.py", line 251, in __init__
    (code, msg) = self.connect(host, port)
  File "/usr/local/lib/python3.6/smtplib.py", line 336, in connect
    self.sock = self._get_socket(host, port, self.timeout)
  File "/usr/local/lib/python3.6/smtplib.py", line 307, in _get_socket
    self.source_address)
  File "/usr/local/lib/python3.6/socket.py", line 724, in create_connection
    raise err
  File "/usr/local/lib/python3.6/socket.py", line 713, in create_connection
    sock.connect(sa)
OSError: [Errno 99] Cannot assign requested address
[2021-04-24 11:51:19,920] {local_task_job.py:146} INFO - Task exited with return code 1
[2021-04-26 12:41:48,403] {taskinstance.py:877} INFO - Dependencies all met for <TaskInstance: project_dag.Stage_events 2021-01-01T00:00:00+00:00 [queued]>
[2021-04-26 12:41:49,182] {taskinstance.py:877} INFO - Dependencies all met for <TaskInstance: project_dag.Stage_events 2021-01-01T00:00:00+00:00 [queued]>
[2021-04-26 12:41:49,195] {taskinstance.py:1068} INFO - 
--------------------------------------------------------------------------------
[2021-04-26 12:41:49,203] {taskinstance.py:1069} INFO - Starting attempt 2 of 2
[2021-04-26 12:41:49,207] {taskinstance.py:1070} INFO - 
--------------------------------------------------------------------------------
[2021-04-26 12:41:49,868] {taskinstance.py:1089} INFO - Executing <Task(StageToRedshiftOperator): Stage_events> on 2021-01-01T00:00:00+00:00
[2021-04-26 12:41:49,880] {standard_task_runner.py:52} INFO - Started process 155 to run task
[2021-04-26 12:41:50,101] {standard_task_runner.py:76} INFO - Running: ['airflow', 'tasks', 'run', 'project_dag', 'Stage_events', '2021-01-01T00:00:00+00:00', '--job-id', '49', '--pool', 'default_pool', '--raw', '--subdir', 'DAGS_FOLDER/udac_example_dag.py', '--cfg-path', '/tmp/tmp18dflhc3', '--error-file', '/tmp/tmptgr1pq_8']
[2021-04-26 12:41:50,102] {standard_task_runner.py:77} INFO - Job 49: Subtask Stage_events
[2021-04-26 12:41:51,552] {logging_mixin.py:104} INFO - Running <TaskInstance: project_dag.Stage_events 2021-01-01T00:00:00+00:00 [running]> on host 0f1e1da1f4f6
[2021-04-26 12:41:52,307] {taskinstance.py:1283} INFO - Exporting the following env vars:
AIRFLOW_CTX_DAG_EMAIL=ernestoffor@gmail.com.com
AIRFLOW_CTX_DAG_OWNER=udacity
AIRFLOW_CTX_DAG_ID=project_dag
AIRFLOW_CTX_TASK_ID=Stage_events
AIRFLOW_CTX_EXECUTION_DATE=2021-01-01T00:00:00+00:00
AIRFLOW_CTX_DAG_RUN_ID=scheduled__2021-01-01T00:00:00+00:00
[2021-04-26 12:41:52,347] {stage_redshift.py:62} INFO - Start implementation of StageToRedshiftOperator
[2021-04-26 12:41:52,351] {stage_redshift.py:67} INFO - Preparing destination Redshift table
[2021-04-26 12:41:52,602] {base.py:78} INFO - Using connection to: id: redshift. Host: redshift.cxvwoeu3kuea.us-west-2.redshift.amazonaws.com, Port: 5439, Schema: dev, Login: awsuser, Password: XXXXXXXX, extra: None
[2021-04-26 12:41:52,636] {taskinstance.py:1482} ERROR - Task failed with exception
Traceback (most recent call last):
  File "/home/airflow/.local/lib/python3.6/site-packages/airflow/models/taskinstance.py", line 1138, in _run_raw_task
    self._prepare_and_execute_task_with_callbacks(context, task)
  File "/home/airflow/.local/lib/python3.6/site-packages/airflow/models/taskinstance.py", line 1311, in _prepare_and_execute_task_with_callbacks
    result = self._execute_task(context, task_copy)
  File "/home/airflow/.local/lib/python3.6/site-packages/airflow/models/taskinstance.py", line 1341, in _execute_task
    result = task_copy.execute(context=context)
  File "/opt/airflow/plugins/operators/stage_redshift.py", line 68, in execute
    redshift.run("DELETE FROM {}".format(self.staging_table))
  File "/home/airflow/.local/lib/python3.6/site-packages/airflow/hooks/dbapi.py", line 173, in run
    with closing(self.get_conn()) as conn:
  File "/home/airflow/.local/lib/python3.6/site-packages/airflow/providers/postgres/hooks/postgres.py", line 108, in get_conn
    self.conn = psycopg2.connect(**conn_args)
  File "/home/airflow/.local/lib/python3.6/site-packages/psycopg2/__init__.py", line 127, in connect
    conn = _connect(dsn, connection_factory=connection_factory, **kwasync)
psycopg2.OperationalError: could not translate host name "redshift.cxvwoeu3kuea.us-west-2.redshift.amazonaws.com" to address: Name or service not known

[2021-04-26 12:41:52,655] {taskinstance.py:1532} INFO - Marking task as FAILED. dag_id=project_dag, task_id=Stage_events, execution_date=20210101T000000, start_date=20210426T124148, end_date=20210426T124152
[2021-04-26 12:41:53,373] {local_task_job.py:146} INFO - Task exited with return code 1
[2021-04-27 19:26:52,919] {taskinstance.py:877} INFO - Dependencies all met for <TaskInstance: project_dag.Stage_events 2021-01-01T00:00:00+00:00 [queued]>
[2021-04-27 19:26:53,034] {taskinstance.py:877} INFO - Dependencies all met for <TaskInstance: project_dag.Stage_events 2021-01-01T00:00:00+00:00 [queued]>
[2021-04-27 19:26:53,037] {taskinstance.py:1068} INFO - 
--------------------------------------------------------------------------------
[2021-04-27 19:26:53,037] {taskinstance.py:1069} INFO - Starting attempt 2 of 2
[2021-04-27 19:26:53,037] {taskinstance.py:1070} INFO - 
--------------------------------------------------------------------------------
[2021-04-27 19:26:53,210] {taskinstance.py:1089} INFO - Executing <Task(StageToRedshiftOperator): Stage_events> on 2021-01-01T00:00:00+00:00
[2021-04-27 19:26:53,256] {standard_task_runner.py:76} INFO - Running: ['airflow', 'tasks', 'run', 'project_dag', 'Stage_events', '2021-01-01T00:00:00+00:00', '--job-id', '84', '--pool', 'default_pool', '--raw', '--subdir', 'DAGS_FOLDER/udac_example_dag.py', '--cfg-path', '/tmp/tmplrpad1ie', '--error-file', '/tmp/tmp3735u5c9']
[2021-04-27 19:26:53,259] {standard_task_runner.py:77} INFO - Job 84: Subtask Stage_events
[2021-04-27 19:26:53,242] {standard_task_runner.py:52} INFO - Started process 95 to run task
[2021-04-27 19:26:53,864] {logging_mixin.py:104} INFO - Running <TaskInstance: project_dag.Stage_events 2021-01-01T00:00:00+00:00 [running]> on host 0f1e1da1f4f6
[2021-04-27 19:26:54,581] {taskinstance.py:1283} INFO - Exporting the following env vars:
AIRFLOW_CTX_DAG_EMAIL=ernestoffor@gmail.com.com
AIRFLOW_CTX_DAG_OWNER=udacity
AIRFLOW_CTX_DAG_ID=project_dag
AIRFLOW_CTX_TASK_ID=Stage_events
AIRFLOW_CTX_EXECUTION_DATE=2021-01-01T00:00:00+00:00
AIRFLOW_CTX_DAG_RUN_ID=scheduled__2021-01-01T00:00:00+00:00
[2021-04-27 19:26:54,586] {stage_redshift.py:65} INFO - Start implementation of StageToRedshiftOperator
[2021-04-27 19:26:54,590] {taskinstance.py:1482} ERROR - Task failed with exception
Traceback (most recent call last):
  File "/home/airflow/.local/lib/python3.6/site-packages/airflow/models/taskinstance.py", line 1138, in _run_raw_task
    self._prepare_and_execute_task_with_callbacks(context, task)
  File "/home/airflow/.local/lib/python3.6/site-packages/airflow/models/taskinstance.py", line 1311, in _prepare_and_execute_task_with_callbacks
    result = self._execute_task(context, task_copy)
  File "/home/airflow/.local/lib/python3.6/site-packages/airflow/models/taskinstance.py", line 1341, in _execute_task
    result = task_copy.execute(context=context)
  File "/opt/airflow/plugins/operators/stage_redshift.py", line 66, in execute
    s3 = S3hook(aws_conn_id=self.aws_credentials_id)
NameError: name 'S3hook' is not defined
[2021-04-27 19:26:54,594] {taskinstance.py:1532} INFO - Marking task as FAILED. dag_id=project_dag, task_id=Stage_events, execution_date=20210101T000000, start_date=20210427T192652, end_date=20210427T192654
[2021-04-27 19:26:55,157] {local_task_job.py:146} INFO - Task exited with return code 1
