[2021-04-24 11:46:12,650] {taskinstance.py:877} INFO - Dependencies all met for <TaskInstance: project_dag.Stage_songs 2021-01-01T00:00:00+00:00 [queued]>
[2021-04-24 11:46:12,712] {taskinstance.py:877} INFO - Dependencies all met for <TaskInstance: project_dag.Stage_songs 2021-01-01T00:00:00+00:00 [queued]>
[2021-04-24 11:46:12,721] {taskinstance.py:1068} INFO - 
--------------------------------------------------------------------------------
[2021-04-24 11:46:12,721] {taskinstance.py:1069} INFO - Starting attempt 1 of 2
[2021-04-24 11:46:12,721] {taskinstance.py:1070} INFO - 
--------------------------------------------------------------------------------
[2021-04-24 11:46:12,800] {taskinstance.py:1089} INFO - Executing <Task(StageToRedshiftOperator): Stage_songs> on 2021-01-01T00:00:00+00:00
[2021-04-24 11:46:12,827] {standard_task_runner.py:76} INFO - Running: ['airflow', 'tasks', 'run', 'project_dag', 'Stage_songs', '2021-01-01T00:00:00+00:00', '--job-id', '111', '--pool', 'default_pool', '--raw', '--subdir', 'DAGS_FOLDER/udac_example_dag.py', '--cfg-path', '/tmp/tmpkh0tb_6p', '--error-file', '/tmp/tmpqlk_tyst']
[2021-04-24 11:46:12,812] {standard_task_runner.py:52} INFO - Started process 259 to run task
[2021-04-24 11:46:12,828] {standard_task_runner.py:77} INFO - Job 111: Subtask Stage_songs
[2021-04-24 11:46:13,135] {logging_mixin.py:104} INFO - Running <TaskInstance: project_dag.Stage_songs 2021-01-01T00:00:00+00:00 [running]> on host 88dcd2a12842
[2021-04-24 11:46:13,391] {taskinstance.py:1283} INFO - Exporting the following env vars:
AIRFLOW_CTX_DAG_EMAIL=ernest@gmail.com.com
AIRFLOW_CTX_DAG_OWNER=udacity
AIRFLOW_CTX_DAG_ID=project_dag
AIRFLOW_CTX_TASK_ID=Stage_songs
AIRFLOW_CTX_EXECUTION_DATE=2021-01-01T00:00:00+00:00
AIRFLOW_CTX_DAG_RUN_ID=scheduled__2021-01-01T00:00:00+00:00
[2021-04-24 11:46:13,396] {stage_redshift.py:38} INFO - Start implementation of StageToRedshiftOperator
[2021-04-24 11:46:13,436] {taskinstance.py:1482} ERROR - Task failed with exception
Traceback (most recent call last):
  File "/home/airflow/.local/lib/python3.6/site-packages/airflow/models/taskinstance.py", line 1138, in _run_raw_task
    self._prepare_and_execute_task_with_callbacks(context, task)
  File "/home/airflow/.local/lib/python3.6/site-packages/airflow/models/taskinstance.py", line 1311, in _prepare_and_execute_task_with_callbacks
    result = self._execute_task(context, task_copy)
  File "/home/airflow/.local/lib/python3.6/site-packages/airflow/models/taskinstance.py", line 1341, in _execute_task
    result = task_copy.execute(context=context)
  File "/opt/airflow/plugins/operators/stage_redshift.py", line 39, in execute
    aws_hook = AwsHook(self.aws_credentials_id)
  File "/home/airflow/.local/lib/python3.6/site-packages/airflow/contrib/hooks/aws_hook.py", line 41, in __init__
    super().__init__(*args, **kwargs)
  File "/home/airflow/.local/lib/python3.6/site-packages/airflow/providers/amazon/aws/hooks/base_aws.py", line 360, in __init__
    raise AirflowException('Either client_type or resource_type must be provided.')
airflow.exceptions.AirflowException: Either client_type or resource_type must be provided.
[2021-04-24 11:46:13,442] {taskinstance.py:1532} INFO - Marking task as UP_FOR_RETRY. dag_id=project_dag, task_id=Stage_songs, execution_date=20210101T000000, start_date=20210424T114612, end_date=20210424T114613
[2021-04-24 11:46:13,540] {local_task_job.py:146} INFO - Task exited with return code 1
[2021-04-26 09:08:34,048] {taskinstance.py:877} INFO - Dependencies all met for <TaskInstance: project_dag.Stage_songs 2021-01-01T00:00:00+00:00 [queued]>
[2021-04-26 09:08:34,927] {taskinstance.py:877} INFO - Dependencies all met for <TaskInstance: project_dag.Stage_songs 2021-01-01T00:00:00+00:00 [queued]>
[2021-04-26 09:08:34,939] {taskinstance.py:1068} INFO - 
--------------------------------------------------------------------------------
[2021-04-26 09:08:34,939] {taskinstance.py:1069} INFO - Starting attempt 1 of 2
[2021-04-26 09:08:34,939] {taskinstance.py:1070} INFO - 
--------------------------------------------------------------------------------
[2021-04-26 09:08:35,198] {taskinstance.py:1089} INFO - Executing <Task(StageToRedshiftOperator): Stage_songs> on 2021-01-01T00:00:00+00:00
[2021-04-26 09:08:35,312] {standard_task_runner.py:52} INFO - Started process 114 to run task
[2021-04-26 09:08:35,462] {standard_task_runner.py:76} INFO - Running: ['airflow', 'tasks', 'run', 'project_dag', 'Stage_songs', '2021-01-01T00:00:00+00:00', '--job-id', '33', '--pool', 'default_pool', '--raw', '--subdir', 'DAGS_FOLDER/udac_example_dag.py', '--cfg-path', '/tmp/tmptjy8r9qr', '--error-file', '/tmp/tmpawsj20za']
[2021-04-26 09:08:35,487] {standard_task_runner.py:77} INFO - Job 33: Subtask Stage_songs
[2021-04-26 09:08:37,701] {logging_mixin.py:104} INFO - Running <TaskInstance: project_dag.Stage_songs 2021-01-01T00:00:00+00:00 [running]> on host b5c40a6f08c7
[2021-04-26 09:08:38,361] {taskinstance.py:1283} INFO - Exporting the following env vars:
AIRFLOW_CTX_DAG_EMAIL=ernestoffor@gmail.com.com
AIRFLOW_CTX_DAG_OWNER=udacity
AIRFLOW_CTX_DAG_ID=project_dag
AIRFLOW_CTX_TASK_ID=Stage_songs
AIRFLOW_CTX_EXECUTION_DATE=2021-01-01T00:00:00+00:00
AIRFLOW_CTX_DAG_RUN_ID=scheduled__2021-01-01T00:00:00+00:00
[2021-04-26 09:08:38,362] {stage_redshift.py:63} INFO - Start implementation of StageToRedshiftOperator
[2021-04-26 09:08:38,362] {stage_redshift.py:68} INFO - Preparing destination Redshift table
[2021-04-26 09:08:38,475] {base.py:78} INFO - Using connection to: id: redshift. Host: redshift.cxvwoeu3kuea.us-west-2.redshift.amazonaws.com, Port: 5439, Schema: dev, Login: awsuser, Password: XXXXXXXX, extra: None
[2021-04-26 09:08:40,031] {dbapi.py:180} INFO - Running statement: DELETE FROM staging_songs, parameters: None
[2021-04-26 09:08:40,486] {dbapi.py:186} INFO - Rows affected: 0
[2021-04-26 09:08:40,825] {stage_redshift.py:71} INFO - Getting data from S3 to Redshift
[2021-04-26 09:08:41,407] {base.py:78} INFO - Using connection to: id: redshift. Host: redshift.cxvwoeu3kuea.us-west-2.redshift.amazonaws.com, Port: 5439, Schema: dev, Login: awsuser, Password: XXXXXXXX, extra: None
[2021-04-26 09:08:42,847] {dbapi.py:180} INFO - Running statement: 
             COPY staging_songs 
             FROM 's3://udacity-dend/song_data/*/*/*/'
             FORMAT AS JSON 'JSON 'auto''
             CREDENTIALS
             'aws_access_key_id=None;aws_secret_access_key=None'
                , parameters: None
[2021-04-26 09:08:43,475] {taskinstance.py:1482} ERROR - Task failed with exception
Traceback (most recent call last):
  File "/home/airflow/.local/lib/python3.6/site-packages/airflow/models/taskinstance.py", line 1138, in _run_raw_task
    self._prepare_and_execute_task_with_callbacks(context, task)
  File "/home/airflow/.local/lib/python3.6/site-packages/airflow/models/taskinstance.py", line 1311, in _prepare_and_execute_task_with_callbacks
    result = self._execute_task(context, task_copy)
  File "/home/airflow/.local/lib/python3.6/site-packages/airflow/models/taskinstance.py", line 1341, in _execute_task
    result = task_copy.execute(context=context)
  File "/opt/airflow/plugins/operators/stage_redshift.py", line 81, in execute
    redshift.run(execution_sql)
  File "/home/airflow/.local/lib/python3.6/site-packages/airflow/hooks/dbapi.py", line 184, in run
    cur.execute(sql_statement)
psycopg2.errors.SyntaxError: syntax error at or near "auto"
LINE 4:              FORMAT AS JSON 'JSON 'auto''
                                           ^

[2021-04-26 09:08:43,597] {taskinstance.py:1532} INFO - Marking task as UP_FOR_RETRY. dag_id=project_dag, task_id=Stage_songs, execution_date=20210101T000000, start_date=20210426T090834, end_date=20210426T090843
[2021-04-26 09:08:45,176] {local_task_job.py:146} INFO - Task exited with return code 1
[2021-04-26 12:36:10,036] {taskinstance.py:877} INFO - Dependencies all met for <TaskInstance: project_dag.Stage_songs 2021-01-01T00:00:00+00:00 [queued]>
[2021-04-26 12:36:10,990] {taskinstance.py:877} INFO - Dependencies all met for <TaskInstance: project_dag.Stage_songs 2021-01-01T00:00:00+00:00 [queued]>
[2021-04-26 12:36:11,278] {taskinstance.py:1068} INFO - 
--------------------------------------------------------------------------------
[2021-04-26 12:36:11,282] {taskinstance.py:1069} INFO - Starting attempt 1 of 2
[2021-04-26 12:36:11,282] {taskinstance.py:1070} INFO - 
--------------------------------------------------------------------------------
[2021-04-26 12:36:12,218] {taskinstance.py:1089} INFO - Executing <Task(StageToRedshiftOperator): Stage_songs> on 2021-01-01T00:00:00+00:00
[2021-04-26 12:36:12,349] {standard_task_runner.py:52} INFO - Started process 113 to run task
[2021-04-26 12:36:12,477] {standard_task_runner.py:76} INFO - Running: ['airflow', 'tasks', 'run', 'project_dag', 'Stage_songs', '2021-01-01T00:00:00+00:00', '--job-id', '28', '--pool', 'default_pool', '--raw', '--subdir', 'DAGS_FOLDER/udac_example_dag.py', '--cfg-path', '/tmp/tmpenpjbncu', '--error-file', '/tmp/tmpbktv8z1w']
[2021-04-26 12:36:12,478] {standard_task_runner.py:77} INFO - Job 28: Subtask Stage_songs
[2021-04-26 12:36:14,148] {logging_mixin.py:104} INFO - Running <TaskInstance: project_dag.Stage_songs 2021-01-01T00:00:00+00:00 [running]> on host 0f1e1da1f4f6
[2021-04-26 12:36:17,154] {taskinstance.py:1283} INFO - Exporting the following env vars:
AIRFLOW_CTX_DAG_EMAIL=ernestoffor@gmail.com.com
AIRFLOW_CTX_DAG_OWNER=udacity
AIRFLOW_CTX_DAG_ID=project_dag
AIRFLOW_CTX_TASK_ID=Stage_songs
AIRFLOW_CTX_EXECUTION_DATE=2021-01-01T00:00:00+00:00
AIRFLOW_CTX_DAG_RUN_ID=scheduled__2021-01-01T00:00:00+00:00
[2021-04-26 12:36:17,192] {stage_redshift.py:62} INFO - Start implementation of StageToRedshiftOperator
[2021-04-26 12:36:17,196] {stage_redshift.py:67} INFO - Preparing destination Redshift table
[2021-04-26 12:36:17,282] {base.py:78} INFO - Using connection to: id: redshift. Host: redshift.cxvwoeu3kuea.us-west-2.redshift.amazonaws.com, Port: 5439, Schema: dev, Login: awsuser, Password: XXXXXXXX, extra: None
[2021-04-26 12:36:18,678] {dbapi.py:180} INFO - Running statement: DELETE FROM staging_songs, parameters: None
[2021-04-26 12:36:19,115] {dbapi.py:186} INFO - Rows affected: 0
[2021-04-26 12:36:19,407] {stage_redshift.py:70} INFO - Getting data from S3 to Redshift
[2021-04-26 12:36:19,435] {base.py:78} INFO - Using connection to: id: redshift. Host: redshift.cxvwoeu3kuea.us-west-2.redshift.amazonaws.com, Port: 5439, Schema: dev, Login: awsuser, Password: XXXXXXXX, extra: None
[2021-04-26 12:36:20,934] {dbapi.py:180} INFO - Running statement: 
             COPY staging_songs 
             FROM '/offor_data/song_data/*/*/*/'
             FORMAT AS JSON 'JSON 'auto''
                  , parameters: None
[2021-04-26 12:36:21,319] {taskinstance.py:1482} ERROR - Task failed with exception
Traceback (most recent call last):
  File "/home/airflow/.local/lib/python3.6/site-packages/airflow/models/taskinstance.py", line 1138, in _run_raw_task
    self._prepare_and_execute_task_with_callbacks(context, task)
  File "/home/airflow/.local/lib/python3.6/site-packages/airflow/models/taskinstance.py", line 1311, in _prepare_and_execute_task_with_callbacks
    result = self._execute_task(context, task_copy)
  File "/home/airflow/.local/lib/python3.6/site-packages/airflow/models/taskinstance.py", line 1341, in _execute_task
    result = task_copy.execute(context=context)
  File "/opt/airflow/plugins/operators/stage_redshift.py", line 80, in execute
    redshift.run(execution_sql)
  File "/home/airflow/.local/lib/python3.6/site-packages/airflow/hooks/dbapi.py", line 184, in run
    cur.execute(sql_statement)
psycopg2.errors.SyntaxError: syntax error at or near "auto"
LINE 4:              FORMAT AS JSON 'JSON 'auto''
                                           ^

[2021-04-26 12:36:21,349] {taskinstance.py:1532} INFO - Marking task as UP_FOR_RETRY. dag_id=project_dag, task_id=Stage_songs, execution_date=20210101T000000, start_date=20210426T123610, end_date=20210426T123621
[2021-04-26 12:36:21,627] {local_task_job.py:146} INFO - Task exited with return code 1
[2021-04-27 20:40:32,684] {taskinstance.py:877} INFO - Dependencies all met for <TaskInstance: project_dag.Stage_songs 2021-01-01T00:00:00+00:00 [queued]>
[2021-04-27 20:40:32,977] {taskinstance.py:877} INFO - Dependencies all met for <TaskInstance: project_dag.Stage_songs 2021-01-01T00:00:00+00:00 [queued]>
[2021-04-27 20:40:32,977] {taskinstance.py:1068} INFO - 
--------------------------------------------------------------------------------
[2021-04-27 20:40:32,977] {taskinstance.py:1069} INFO - Starting attempt 1 of 2
[2021-04-27 20:40:32,977] {taskinstance.py:1070} INFO - 
--------------------------------------------------------------------------------
[2021-04-27 20:40:33,169] {taskinstance.py:1089} INFO - Executing <Task(StageToRedshiftOperator): Stage_songs> on 2021-01-01T00:00:00+00:00
[2021-04-27 20:40:33,270] {standard_task_runner.py:52} INFO - Started process 254 to run task
[2021-04-27 20:40:33,382] {standard_task_runner.py:76} INFO - Running: ['airflow', 'tasks', 'run', 'project_dag', 'Stage_songs', '2021-01-01T00:00:00+00:00', '--job-id', '109', '--pool', 'default_pool', '--raw', '--subdir', 'DAGS_FOLDER/udac_example_dag.py', '--cfg-path', '/tmp/tmpx1ny45tb', '--error-file', '/tmp/tmpuz8vi9zf']
[2021-04-27 20:40:33,391] {standard_task_runner.py:77} INFO - Job 109: Subtask Stage_songs
[2021-04-27 20:40:34,086] {logging_mixin.py:104} INFO - Running <TaskInstance: project_dag.Stage_songs 2021-01-01T00:00:00+00:00 [running]> on host 478c7ec349b0
[2021-04-27 20:40:35,187] {taskinstance.py:1283} INFO - Exporting the following env vars:
AIRFLOW_CTX_DAG_EMAIL=ernestoffor@gmail.com.com
AIRFLOW_CTX_DAG_OWNER=udacity
AIRFLOW_CTX_DAG_ID=project_dag
AIRFLOW_CTX_TASK_ID=Stage_songs
AIRFLOW_CTX_EXECUTION_DATE=2021-01-01T00:00:00+00:00
AIRFLOW_CTX_DAG_RUN_ID=scheduled__2021-01-01T00:00:00+00:00
[2021-04-27 20:40:35,189] {stage_redshift.py:67} INFO - Start implementation of StageToRedshiftOperator
[2021-04-27 20:40:35,190] {stage_redshift.py:74} INFO - Preparing destination Redshift table
[2021-04-27 20:40:35,370] {base.py:78} INFO - Using connection to: id: redshift. Host: redshift.cxvwoeu3kuea.us-west-2.redshift.amazonaws.com, Port: 5439, Schema: dev, Login: awsuser, Password: XXXXXXXX, extra: None
[2021-04-27 20:40:36,812] {dbapi.py:180} INFO - Running statement: DELETE FROM staging_songs, parameters: None
[2021-04-27 20:40:37,364] {dbapi.py:186} INFO - Rows affected: 0
[2021-04-27 20:40:37,745] {stage_redshift.py:77} INFO - Getting data from S3 to Redshift
[2021-04-27 20:40:40,585] {taskinstance.py:1482} ERROR - Task failed with exception
Traceback (most recent call last):
  File "/home/airflow/.local/lib/python3.6/site-packages/airflow/models/taskinstance.py", line 1138, in _run_raw_task
    self._prepare_and_execute_task_with_callbacks(context, task)
  File "/home/airflow/.local/lib/python3.6/site-packages/airflow/models/taskinstance.py", line 1311, in _prepare_and_execute_task_with_callbacks
    result = self._execute_task(context, task_copy)
  File "/home/airflow/.local/lib/python3.6/site-packages/airflow/models/taskinstance.py", line 1341, in _execute_task
    result = task_copy.execute(context=context)
  File "/opt/airflow/plugins/operators/stage_redshift.py", line 83, in execute
    s3.get_credentials().access_key,
  File "/home/airflow/.local/lib/python3.6/site-packages/airflow/providers/amazon/aws/hooks/base_aws.py", line 478, in get_credentials
    return session.get_credentials().get_frozen_credentials()
AttributeError: 'NoneType' object has no attribute 'get_frozen_credentials'
[2021-04-27 20:40:40,606] {taskinstance.py:1532} INFO - Marking task as UP_FOR_RETRY. dag_id=project_dag, task_id=Stage_songs, execution_date=20210101T000000, start_date=20210427T204032, end_date=20210427T204040
[2021-04-27 20:40:40,820] {local_task_job.py:146} INFO - Task exited with return code 1
