[2021-04-24 10:52:58,044] {taskinstance.py:877} INFO - Dependencies all met for <TaskInstance: project_dag.create_tables 2020-05-01T00:00:00+00:00 [queued]>
[2021-04-24 10:52:58,670] {taskinstance.py:877} INFO - Dependencies all met for <TaskInstance: project_dag.create_tables 2020-05-01T00:00:00+00:00 [queued]>
[2021-04-24 10:52:58,670] {taskinstance.py:1068} INFO - 
--------------------------------------------------------------------------------
[2021-04-24 10:52:58,671] {taskinstance.py:1069} INFO - Starting attempt 1 of 2
[2021-04-24 10:52:58,671] {taskinstance.py:1070} INFO - 
--------------------------------------------------------------------------------
[2021-04-24 10:52:59,035] {taskinstance.py:1089} INFO - Executing <Task(PostgresOperator): create_tables> on 2020-05-01T00:00:00+00:00
[2021-04-24 10:52:59,068] {standard_task_runner.py:52} INFO - Started process 72 to run task
[2021-04-24 10:52:59,100] {standard_task_runner.py:76} INFO - Running: ['airflow', 'tasks', 'run', 'project_dag', 'create_tables', '2020-05-01T00:00:00+00:00', '--job-id', '17', '--pool', 'default_pool', '--raw', '--subdir', 'DAGS_FOLDER/udac_example_dag.py', '--cfg-path', '/tmp/tmpupzcirzg', '--error-file', '/tmp/tmp_kxyiq0r']
[2021-04-24 10:52:59,128] {standard_task_runner.py:77} INFO - Job 17: Subtask create_tables
[2021-04-24 10:52:59,495] {logging_mixin.py:104} INFO - Running <TaskInstance: project_dag.create_tables 2020-05-01T00:00:00+00:00 [running]> on host 53be67297d88
[2021-04-24 10:53:00,520] {taskinstance.py:1283} INFO - Exporting the following env vars:
AIRFLOW_CTX_DAG_EMAIL=ernest@gmail.com.com
AIRFLOW_CTX_DAG_OWNER=udacity
AIRFLOW_CTX_DAG_ID=project_dag
AIRFLOW_CTX_TASK_ID=create_tables
AIRFLOW_CTX_EXECUTION_DATE=2020-05-01T00:00:00+00:00
AIRFLOW_CTX_DAG_RUN_ID=scheduled__2020-05-01T00:00:00+00:00
[2021-04-24 10:53:00,521] {postgres.py:69} INFO - Executing: CREATE TABLE public.artists (
	artistid varchar(256) NOT NULL,
	name varchar(256),
	location varchar(256),
	lattitude numeric(18,0),
	longitude numeric(18,0)
);

CREATE TABLE public.songplays (
	playid varchar(32) NOT NULL,
	start_time timestamp NOT NULL,
	userid int4 NOT NULL,
	"level" varchar(256),
	songid varchar(256),
	artistid varchar(256),
	sessionid int4,
	location varchar(256),
	user_agent varchar(256),
	CONSTRAINT songplays_pkey PRIMARY KEY (playid)
);

CREATE TABLE public.songs (
	songid varchar(256) NOT NULL,
	title varchar(256),
	artistid varchar(256),
	"year" int4,
	duration numeric(18,0),
	CONSTRAINT songs_pkey PRIMARY KEY (songid)
);

CREATE TABLE public.staging_events (
	artist varchar(256),
	auth varchar(256),
	firstname varchar(256),
	gender varchar(256),
	iteminsession int4,
	lastname varchar(256),
	length numeric(18,0),
	"level" varchar(256),
	location varchar(256),
	"method" varchar(256),
	page varchar(256),
	registration numeric(18,0),
	sessionid int4,
	song varchar(256),
	status int4,
	ts int8,
	useragent varchar(256),
	userid int4
);

CREATE TABLE public.staging_songs (
	num_songs int4,
	artist_id varchar(256),
	artist_name varchar(256),
	artist_latitude numeric(18,0),
	artist_longitude numeric(18,0),
	artist_location varchar(256),
	song_id varchar(256),
	title varchar(256),
	duration numeric(18,0),
	"year" int4
);

CREATE TABLE public."time" (
	start_time timestamp NOT NULL,
	"hour" int4,
	"day" int4,
	week int4,
	"month" varchar(256),
	"year" int4,
	weekday varchar(256),
	CONSTRAINT time_pkey PRIMARY KEY (start_time)
);

CREATE TABLE public.users (
	userid int4 NOT NULL,
	first_name varchar(256),
	last_name varchar(256),
	gender varchar(256),
	"level" varchar(256),
	CONSTRAINT users_pkey PRIMARY KEY (userid)
);





[2021-04-24 10:53:00,783] {base.py:78} INFO - Using connection to: id: redshift. Host: redshift.cxvwoeu3kuea.us-west-2.redshift.amazonaws.com, Port: 5439, Schema: dev, Login: awsuser, Password: XXXXXXXX, extra: None
[2021-04-24 10:53:03,134] {dbapi.py:180} INFO - Running statement: CREATE TABLE public.artists (
	artistid varchar(256) NOT NULL,
	name varchar(256),
	location varchar(256),
	lattitude numeric(18,0),
	longitude numeric(18,0)
);

CREATE TABLE public.songplays (
	playid varchar(32) NOT NULL,
	start_time timestamp NOT NULL,
	userid int4 NOT NULL,
	"level" varchar(256),
	songid varchar(256),
	artistid varchar(256),
	sessionid int4,
	location varchar(256),
	user_agent varchar(256),
	CONSTRAINT songplays_pkey PRIMARY KEY (playid)
);

CREATE TABLE public.songs (
	songid varchar(256) NOT NULL,
	title varchar(256),
	artistid varchar(256),
	"year" int4,
	duration numeric(18,0),
	CONSTRAINT songs_pkey PRIMARY KEY (songid)
);

CREATE TABLE public.staging_events (
	artist varchar(256),
	auth varchar(256),
	firstname varchar(256),
	gender varchar(256),
	iteminsession int4,
	lastname varchar(256),
	length numeric(18,0),
	"level" varchar(256),
	location varchar(256),
	"method" varchar(256),
	page varchar(256),
	registration numeric(18,0),
	sessionid int4,
	song varchar(256),
	status int4,
	ts int8,
	useragent varchar(256),
	userid int4
);

CREATE TABLE public.staging_songs (
	num_songs int4,
	artist_id varchar(256),
	artist_name varchar(256),
	artist_latitude numeric(18,0),
	artist_longitude numeric(18,0),
	artist_location varchar(256),
	song_id varchar(256),
	title varchar(256),
	duration numeric(18,0),
	"year" int4
);

CREATE TABLE public."time" (
	start_time timestamp NOT NULL,
	"hour" int4,
	"day" int4,
	week int4,
	"month" varchar(256),
	"year" int4,
	weekday varchar(256),
	CONSTRAINT time_pkey PRIMARY KEY (start_time)
);

CREATE TABLE public.users (
	userid int4 NOT NULL,
	first_name varchar(256),
	last_name varchar(256),
	gender varchar(256),
	"level" varchar(256),
	CONSTRAINT users_pkey PRIMARY KEY (userid)
);




, parameters: None
[2021-04-24 10:53:03,533] {taskinstance.py:1482} ERROR - Task failed with exception
Traceback (most recent call last):
  File "/home/airflow/.local/lib/python3.6/site-packages/airflow/models/taskinstance.py", line 1138, in _run_raw_task
    self._prepare_and_execute_task_with_callbacks(context, task)
  File "/home/airflow/.local/lib/python3.6/site-packages/airflow/models/taskinstance.py", line 1311, in _prepare_and_execute_task_with_callbacks
    result = self._execute_task(context, task_copy)
  File "/home/airflow/.local/lib/python3.6/site-packages/airflow/models/taskinstance.py", line 1341, in _execute_task
    result = task_copy.execute(context=context)
  File "/home/airflow/.local/lib/python3.6/site-packages/airflow/providers/postgres/operators/postgres.py", line 71, in execute
    self.hook.run(self.sql, self.autocommit, parameters=self.parameters)
  File "/home/airflow/.local/lib/python3.6/site-packages/airflow/hooks/dbapi.py", line 184, in run
    cur.execute(sql_statement)
psycopg2.errors.DuplicateTable: Relation "artists" already exists

[2021-04-24 10:53:03,543] {taskinstance.py:1532} INFO - Marking task as UP_FOR_RETRY. dag_id=project_dag, task_id=create_tables, execution_date=20200501T000000, start_date=20210424T105258, end_date=20210424T105303
[2021-04-24 10:53:04,489] {local_task_job.py:146} INFO - Task exited with return code 1
[2021-04-24 11:38:48,449] {taskinstance.py:877} INFO - Dependencies all met for <TaskInstance: project_dag.create_tables 2020-05-01T00:00:00+00:00 [queued]>
[2021-04-24 11:38:48,991] {taskinstance.py:877} INFO - Dependencies all met for <TaskInstance: project_dag.create_tables 2020-05-01T00:00:00+00:00 [queued]>
[2021-04-24 11:38:48,992] {taskinstance.py:1068} INFO - 
--------------------------------------------------------------------------------
[2021-04-24 11:38:48,992] {taskinstance.py:1069} INFO - Starting attempt 1 of 2
[2021-04-24 11:38:49,012] {taskinstance.py:1070} INFO - 
--------------------------------------------------------------------------------
[2021-04-24 11:38:49,318] {taskinstance.py:1089} INFO - Executing <Task(PostgresOperator): create_tables> on 2020-05-01T00:00:00+00:00
[2021-04-24 11:38:49,568] {standard_task_runner.py:76} INFO - Running: ['airflow', 'tasks', 'run', 'project_dag', 'create_tables', '2020-05-01T00:00:00+00:00', '--job-id', '17', '--pool', 'default_pool', '--raw', '--subdir', 'DAGS_FOLDER/udac_example_dag.py', '--cfg-path', '/tmp/tmpkq7mb1oz', '--error-file', '/tmp/tmpc58lw_bh']
[2021-04-24 11:38:49,430] {standard_task_runner.py:52} INFO - Started process 80 to run task
[2021-04-24 11:38:49,665] {standard_task_runner.py:77} INFO - Job 17: Subtask create_tables
[2021-04-24 11:38:50,815] {logging_mixin.py:104} INFO - Running <TaskInstance: project_dag.create_tables 2020-05-01T00:00:00+00:00 [running]> on host 88dcd2a12842
[2021-04-24 11:38:53,181] {taskinstance.py:1283} INFO - Exporting the following env vars:
AIRFLOW_CTX_DAG_EMAIL=ernest@gmail.com.com
AIRFLOW_CTX_DAG_OWNER=udacity
AIRFLOW_CTX_DAG_ID=project_dag
AIRFLOW_CTX_TASK_ID=create_tables
AIRFLOW_CTX_EXECUTION_DATE=2020-05-01T00:00:00+00:00
AIRFLOW_CTX_DAG_RUN_ID=scheduled__2020-05-01T00:00:00+00:00
[2021-04-24 11:38:53,182] {postgres.py:69} INFO - Executing: CREATE TABLE IF NOT EXISTS public.artists (
	artistid varchar(256) NOT NULL,
	name varchar(256),
	location varchar(256),
	lattitude numeric(18,0),
	longitude numeric(18,0)
);

CREATE TABLE IF NOT EXISTS public.songplays (
	playid varchar(32) NOT NULL,
	start_time timestamp NOT NULL,
	userid int4 NOT NULL,
	"level" varchar(256),
	songid varchar(256),
	artistid varchar(256),
	sessionid int4,
	location varchar(256),
	user_agent varchar(256),
	CONSTRAINT songplays_pkey PRIMARY KEY (playid)
);

CREATE TABLE IF NOT EXISTS public.songs (
	songid varchar(256) NOT NULL,
	title varchar(256),
	artistid varchar(256),
	"year" int4,
	duration numeric(18,0),
	CONSTRAINT songs_pkey PRIMARY KEY (songid)
);

CREATE TABLE IF NOT EXISTS public.staging_events (
	artist varchar(256),
	auth varchar(256),
	firstname varchar(256),
	gender varchar(256),
	iteminsession int4,
	lastname varchar(256),
	length numeric(18,0),
	"level" varchar(256),
	location varchar(256),
	"method" varchar(256),
	page varchar(256),
	registration numeric(18,0),
	sessionid int4,
	song varchar(256),
	status int4,
	ts int8,
	useragent varchar(256),
	userid int4
);

CREATE TABLE IF NOT EXISTS public.staging_songs (
	num_songs int4,
	artist_id varchar(256),
	artist_name varchar(256),
	artist_latitude numeric(18,0),
	artist_longitude numeric(18,0),
	artist_location varchar(256),
	song_id varchar(256),
	title varchar(256),
	duration numeric(18,0),
	"year" int4
);

CREATE TABLE IF NOT EXISTS public."time" (
	start_time timestamp NOT NULL,
	"hour" int4,
	"day" int4,
	week int4,
	"month" varchar(256),
	"year" int4,
	weekday varchar(256),
	CONSTRAINT time_pkey PRIMARY KEY (start_time)
);

CREATE TABLE IF NOT EXISTS public.users (
	userid int4 NOT NULL,
	first_name varchar(256),
	last_name varchar(256),
	gender varchar(256),
	"level" varchar(256),
	CONSTRAINT users_pkey PRIMARY KEY (userid)
);





[2021-04-24 11:38:53,419] {base.py:78} INFO - Using connection to: id: redshift. Host: redshift.cxvwoeu3kuea.us-west-2.redshift.amazonaws.com, Port: 5439, Schema: dev, Login: awsuser, Password: XXXXXXXX, extra: None
[2021-04-24 11:38:58,190] {dbapi.py:180} INFO - Running statement: CREATE TABLE IF NOT EXISTS public.artists (
	artistid varchar(256) NOT NULL,
	name varchar(256),
	location varchar(256),
	lattitude numeric(18,0),
	longitude numeric(18,0)
);

CREATE TABLE IF NOT EXISTS public.songplays (
	playid varchar(32) NOT NULL,
	start_time timestamp NOT NULL,
	userid int4 NOT NULL,
	"level" varchar(256),
	songid varchar(256),
	artistid varchar(256),
	sessionid int4,
	location varchar(256),
	user_agent varchar(256),
	CONSTRAINT songplays_pkey PRIMARY KEY (playid)
);

CREATE TABLE IF NOT EXISTS public.songs (
	songid varchar(256) NOT NULL,
	title varchar(256),
	artistid varchar(256),
	"year" int4,
	duration numeric(18,0),
	CONSTRAINT songs_pkey PRIMARY KEY (songid)
);

CREATE TABLE IF NOT EXISTS public.staging_events (
	artist varchar(256),
	auth varchar(256),
	firstname varchar(256),
	gender varchar(256),
	iteminsession int4,
	lastname varchar(256),
	length numeric(18,0),
	"level" varchar(256),
	location varchar(256),
	"method" varchar(256),
	page varchar(256),
	registration numeric(18,0),
	sessionid int4,
	song varchar(256),
	status int4,
	ts int8,
	useragent varchar(256),
	userid int4
);

CREATE TABLE IF NOT EXISTS public.staging_songs (
	num_songs int4,
	artist_id varchar(256),
	artist_name varchar(256),
	artist_latitude numeric(18,0),
	artist_longitude numeric(18,0),
	artist_location varchar(256),
	song_id varchar(256),
	title varchar(256),
	duration numeric(18,0),
	"year" int4
);

CREATE TABLE IF NOT EXISTS public."time" (
	start_time timestamp NOT NULL,
	"hour" int4,
	"day" int4,
	week int4,
	"month" varchar(256),
	"year" int4,
	weekday varchar(256),
	CONSTRAINT time_pkey PRIMARY KEY (start_time)
);

CREATE TABLE IF NOT EXISTS public.users (
	userid int4 NOT NULL,
	first_name varchar(256),
	last_name varchar(256),
	gender varchar(256),
	"level" varchar(256),
	CONSTRAINT users_pkey PRIMARY KEY (userid)
);




, parameters: None
[2021-04-24 11:38:58,587] {dbapi.py:186} INFO - Rows affected: -1
[2021-04-24 11:38:59,782] {postgres.py:73} INFO - INFO:  Relation "artists" already exists and will be skipped

[2021-04-24 11:38:59,782] {postgres.py:73} INFO - INFO:  Relation "songplays" already exists and will be skipped

[2021-04-24 11:38:59,782] {postgres.py:73} INFO - INFO:  Relation "songs" already exists and will be skipped

[2021-04-24 11:38:59,782] {postgres.py:73} INFO - INFO:  Relation "staging_events" already exists and will be skipped

[2021-04-24 11:38:59,783] {postgres.py:73} INFO - INFO:  Relation "staging_songs" already exists and will be skipped

[2021-04-24 11:38:59,783] {postgres.py:73} INFO - INFO:  Relation "time" already exists and will be skipped

[2021-04-24 11:38:59,783] {postgres.py:73} INFO - INFO:  Relation "users" already exists and will be skipped

[2021-04-24 11:39:00,896] {taskinstance.py:1192} INFO - Marking task as SUCCESS. dag_id=project_dag, task_id=create_tables, execution_date=20200501T000000, start_date=20210424T113848, end_date=20210424T113900
[2021-04-24 11:39:05,429] {taskinstance.py:1246} INFO - 2 downstream tasks scheduled from follow-on schedule check
[2021-04-24 11:39:05,469] {local_task_job.py:146} INFO - Task exited with return code 0
[2021-04-26 12:34:15,113] {taskinstance.py:877} INFO - Dependencies all met for <TaskInstance: project_dag.create_tables 2020-05-01T00:00:00+00:00 [queued]>
[2021-04-26 12:34:16,223] {taskinstance.py:877} INFO - Dependencies all met for <TaskInstance: project_dag.create_tables 2020-05-01T00:00:00+00:00 [queued]>
[2021-04-26 12:34:16,284] {taskinstance.py:1068} INFO - 
--------------------------------------------------------------------------------
[2021-04-26 12:34:16,285] {taskinstance.py:1069} INFO - Starting attempt 1 of 2
[2021-04-26 12:34:16,285] {taskinstance.py:1070} INFO - 
--------------------------------------------------------------------------------
[2021-04-26 12:34:17,244] {taskinstance.py:1089} INFO - Executing <Task(PostgresOperator): create_tables> on 2020-05-01T00:00:00+00:00
[2021-04-26 12:34:17,394] {standard_task_runner.py:76} INFO - Running: ['airflow', 'tasks', 'run', 'project_dag', 'create_tables', '2020-05-01T00:00:00+00:00', '--job-id', '4', '--pool', 'default_pool', '--raw', '--subdir', 'DAGS_FOLDER/udac_example_dag.py', '--cfg-path', '/tmp/tmpykp21k7i', '--error-file', '/tmp/tmpvowgatio']
[2021-04-26 12:34:17,274] {standard_task_runner.py:52} INFO - Started process 57 to run task
[2021-04-26 12:34:17,402] {standard_task_runner.py:77} INFO - Job 4: Subtask create_tables
[2021-04-26 12:34:17,936] {logging_mixin.py:104} INFO - Running <TaskInstance: project_dag.create_tables 2020-05-01T00:00:00+00:00 [running]> on host 0f1e1da1f4f6
[2021-04-26 12:34:22,347] {taskinstance.py:1283} INFO - Exporting the following env vars:
AIRFLOW_CTX_DAG_EMAIL=ernestoffor@gmail.com.com
AIRFLOW_CTX_DAG_OWNER=udacity
AIRFLOW_CTX_DAG_ID=project_dag
AIRFLOW_CTX_TASK_ID=create_tables
AIRFLOW_CTX_EXECUTION_DATE=2020-05-01T00:00:00+00:00
AIRFLOW_CTX_DAG_RUN_ID=scheduled__2020-05-01T00:00:00+00:00
[2021-04-26 12:34:22,469] {postgres.py:69} INFO - Executing: CREATE TABLE IF NOT EXISTS public.artists (
	artistid varchar(256) NOT NULL,
	name varchar(256),
	location varchar(256),
	lattitude numeric(18,0),
	longitude numeric(18,0)
);

CREATE TABLE IF NOT EXISTS public.songplays (
	playid varchar(32) NOT NULL,
	start_time timestamp NOT NULL,
	userid int4 NOT NULL,
	"level" varchar(256),
	songid varchar(256),
	artistid varchar(256),
	sessionid int4,
	location varchar(256),
	user_agent varchar(256),
	CONSTRAINT songplays_pkey PRIMARY KEY (playid)
);

CREATE TABLE IF NOT EXISTS public.songs (
	songid varchar(256) NOT NULL,
	title varchar(256),
	artistid varchar(256),
	"year" int4,
	duration numeric(18,0),
	CONSTRAINT songs_pkey PRIMARY KEY (songid)
);

CREATE TABLE IF NOT EXISTS public.staging_events (
	artist varchar(256),
	auth varchar(256),
	firstname varchar(256),
	gender varchar(256),
	iteminsession int4,
	lastname varchar(256),
	length numeric(18,0),
	"level" varchar(256),
	location varchar(256),
	"method" varchar(256),
	page varchar(256),
	registration numeric(18,0),
	sessionid int4,
	song varchar(256),
	status int4,
	ts int8,
	useragent varchar(256),
	userid int4
);

CREATE TABLE IF NOT EXISTS public.staging_songs (
	num_songs int4,
	artist_id varchar(256),
	artist_name varchar(256),
	artist_latitude numeric(18,0),
	artist_longitude numeric(18,0),
	artist_location varchar(256),
	song_id varchar(256),
	title varchar(256),
	duration numeric(18,0),
	"year" int4
);

CREATE TABLE IF NOT EXISTS public."time" (
	start_time timestamp NOT NULL,
	"hour" int4,
	"day" int4,
	week int4,
	"month" varchar(256),
	"year" int4,
	weekday varchar(256),
	CONSTRAINT time_pkey PRIMARY KEY (start_time)
);

CREATE TABLE IF NOT EXISTS public.users (
	userid int4 NOT NULL,
	first_name varchar(256),
	last_name varchar(256),
	gender varchar(256),
	"level" varchar(256),
	CONSTRAINT users_pkey PRIMARY KEY (userid)
);





[2021-04-26 12:34:22,719] {base.py:78} INFO - Using connection to: id: redshift. Host: redshift.cxvwoeu3kuea.us-west-2.redshift.amazonaws.com, Port: 5439, Schema: dev, Login: awsuser, Password: XXXXXXXX, extra: None
[2021-04-26 12:34:36,243] {dbapi.py:180} INFO - Running statement: CREATE TABLE IF NOT EXISTS public.artists (
	artistid varchar(256) NOT NULL,
	name varchar(256),
	location varchar(256),
	lattitude numeric(18,0),
	longitude numeric(18,0)
);

CREATE TABLE IF NOT EXISTS public.songplays (
	playid varchar(32) NOT NULL,
	start_time timestamp NOT NULL,
	userid int4 NOT NULL,
	"level" varchar(256),
	songid varchar(256),
	artistid varchar(256),
	sessionid int4,
	location varchar(256),
	user_agent varchar(256),
	CONSTRAINT songplays_pkey PRIMARY KEY (playid)
);

CREATE TABLE IF NOT EXISTS public.songs (
	songid varchar(256) NOT NULL,
	title varchar(256),
	artistid varchar(256),
	"year" int4,
	duration numeric(18,0),
	CONSTRAINT songs_pkey PRIMARY KEY (songid)
);

CREATE TABLE IF NOT EXISTS public.staging_events (
	artist varchar(256),
	auth varchar(256),
	firstname varchar(256),
	gender varchar(256),
	iteminsession int4,
	lastname varchar(256),
	length numeric(18,0),
	"level" varchar(256),
	location varchar(256),
	"method" varchar(256),
	page varchar(256),
	registration numeric(18,0),
	sessionid int4,
	song varchar(256),
	status int4,
	ts int8,
	useragent varchar(256),
	userid int4
);

CREATE TABLE IF NOT EXISTS public.staging_songs (
	num_songs int4,
	artist_id varchar(256),
	artist_name varchar(256),
	artist_latitude numeric(18,0),
	artist_longitude numeric(18,0),
	artist_location varchar(256),
	song_id varchar(256),
	title varchar(256),
	duration numeric(18,0),
	"year" int4
);

CREATE TABLE IF NOT EXISTS public."time" (
	start_time timestamp NOT NULL,
	"hour" int4,
	"day" int4,
	week int4,
	"month" varchar(256),
	"year" int4,
	weekday varchar(256),
	CONSTRAINT time_pkey PRIMARY KEY (start_time)
);

CREATE TABLE IF NOT EXISTS public.users (
	userid int4 NOT NULL,
	first_name varchar(256),
	last_name varchar(256),
	gender varchar(256),
	"level" varchar(256),
	CONSTRAINT users_pkey PRIMARY KEY (userid)
);




, parameters: None
[2021-04-26 12:34:36,659] {dbapi.py:186} INFO - Rows affected: -1
[2021-04-26 12:34:38,552] {taskinstance.py:1192} INFO - Marking task as SUCCESS. dag_id=project_dag, task_id=create_tables, execution_date=20200501T000000, start_date=20210426T123415, end_date=20210426T123438
[2021-04-26 12:34:39,730] {local_task_job.py:188} WARNING - State of this instance has been externally set to success. Terminating instance.
[2021-04-26 12:34:39,755] {process_utils.py:100} INFO - Sending Signals.SIGTERM to GPID 57
[2021-04-26 12:34:40,417] {taskinstance.py:1265} ERROR - Received SIGTERM. Terminating subprocesses.
[2021-04-26 12:34:40,507] {process_utils.py:66} INFO - Process psutil.Process(pid=57, status='terminated', exitcode=1, started='12:34:16') (57) terminated with exit code 1
[2021-04-27 20:14:58,011] {taskinstance.py:877} INFO - Dependencies all met for <TaskInstance: project_dag.create_tables 2020-05-01T00:00:00+00:00 [queued]>
[2021-04-27 20:14:58,527] {taskinstance.py:877} INFO - Dependencies all met for <TaskInstance: project_dag.create_tables 2020-05-01T00:00:00+00:00 [queued]>
[2021-04-27 20:14:58,545] {taskinstance.py:1068} INFO - 
--------------------------------------------------------------------------------
[2021-04-27 20:14:58,550] {taskinstance.py:1069} INFO - Starting attempt 1 of 2
[2021-04-27 20:14:58,564] {taskinstance.py:1070} INFO - 
--------------------------------------------------------------------------------
[2021-04-27 20:14:58,833] {taskinstance.py:1089} INFO - Executing <Task(PostgresOperator): create_tables> on 2020-05-01T00:00:00+00:00
[2021-04-27 20:14:58,921] {standard_task_runner.py:52} INFO - Started process 59 to run task
[2021-04-27 20:14:59,063] {standard_task_runner.py:76} INFO - Running: ['airflow', 'tasks', 'run', 'project_dag', 'create_tables', '2020-05-01T00:00:00+00:00', '--job-id', '16', '--pool', 'default_pool', '--raw', '--subdir', 'DAGS_FOLDER/udac_example_dag.py', '--cfg-path', '/tmp/tmptdov0a0l', '--error-file', '/tmp/tmpl_dn6b57']
[2021-04-27 20:14:59,189] {standard_task_runner.py:77} INFO - Job 16: Subtask create_tables
[2021-04-27 20:15:03,970] {logging_mixin.py:104} INFO - Running <TaskInstance: project_dag.create_tables 2020-05-01T00:00:00+00:00 [running]> on host 88b3af0c26c0
[2021-04-27 20:15:13,496] {taskinstance.py:1283} INFO - Exporting the following env vars:
AIRFLOW_CTX_DAG_EMAIL=ernestoffor@gmail.com.com
AIRFLOW_CTX_DAG_OWNER=udacity
AIRFLOW_CTX_DAG_ID=project_dag
AIRFLOW_CTX_TASK_ID=create_tables
AIRFLOW_CTX_EXECUTION_DATE=2020-05-01T00:00:00+00:00
AIRFLOW_CTX_DAG_RUN_ID=scheduled__2020-05-01T00:00:00+00:00
[2021-04-27 20:15:14,011] {postgres.py:69} INFO - Executing: CREATE TABLE IF NOT EXISTS public.artists (
	artistid varchar(256) NOT NULL,
	name varchar(256),
	location varchar(256),
	lattitude numeric(18,0),
	longitude numeric(18,0)
);

CREATE TABLE IF NOT EXISTS public.songplays (
	playid varchar(32) NOT NULL,
	start_time timestamp NOT NULL,
	userid int4 NOT NULL,
	"level" varchar(256),
	songid varchar(256),
	artistid varchar(256),
	sessionid int4,
	location varchar(256),
	user_agent varchar(256),
	CONSTRAINT songplays_pkey PRIMARY KEY (playid)
);

CREATE TABLE IF NOT EXISTS public.songs (
	songid varchar(256) NOT NULL,
	title varchar(256),
	artistid varchar(256),
	"year" int4,
	duration numeric(18,0),
	CONSTRAINT songs_pkey PRIMARY KEY (songid)
);

CREATE TABLE IF NOT EXISTS public.staging_events (
	artist varchar(256),
	auth varchar(256),
	firstname varchar(256),
	gender varchar(256),
	iteminsession int4,
	lastname varchar(256),
	length numeric(18,0),
	"level" varchar(256),
	location varchar(256),
	"method" varchar(256),
	page varchar(256),
	registration numeric(18,0),
	sessionid int4,
	song varchar(256),
	status int4,
	ts int8,
	useragent varchar(256),
	userid int4
);

CREATE TABLE IF NOT EXISTS public.staging_songs (
	num_songs int4,
	artist_id varchar(256),
	artist_name varchar(256),
	artist_latitude numeric(18,0),
	artist_longitude numeric(18,0),
	artist_location varchar(256),
	song_id varchar(256),
	title varchar(256),
	duration numeric(18,0),
	"year" int4
);

CREATE TABLE IF NOT EXISTS public."time" (
	start_time timestamp NOT NULL,
	"hour" int4,
	"day" int4,
	week int4,
	"month" varchar(256),
	"year" int4,
	weekday varchar(256),
	CONSTRAINT time_pkey PRIMARY KEY (start_time)
);

CREATE TABLE IF NOT EXISTS public.users (
	userid int4 NOT NULL,
	first_name varchar(256),
	last_name varchar(256),
	gender varchar(256),
	"level" varchar(256),
	CONSTRAINT users_pkey PRIMARY KEY (userid)
);





[2021-04-27 20:15:14,587] {base.py:78} INFO - Using connection to: id: redshift. Host: redshift.cxvwoeu3kuea.us-west-2.redshift.amazonaws.com, Port: 5439, Schema: dev, Login: awsuser, Password: XXXXXXXX, extra: None
[2021-04-27 20:15:21,171] {dbapi.py:180} INFO - Running statement: CREATE TABLE IF NOT EXISTS public.artists (
	artistid varchar(256) NOT NULL,
	name varchar(256),
	location varchar(256),
	lattitude numeric(18,0),
	longitude numeric(18,0)
);

CREATE TABLE IF NOT EXISTS public.songplays (
	playid varchar(32) NOT NULL,
	start_time timestamp NOT NULL,
	userid int4 NOT NULL,
	"level" varchar(256),
	songid varchar(256),
	artistid varchar(256),
	sessionid int4,
	location varchar(256),
	user_agent varchar(256),
	CONSTRAINT songplays_pkey PRIMARY KEY (playid)
);

CREATE TABLE IF NOT EXISTS public.songs (
	songid varchar(256) NOT NULL,
	title varchar(256),
	artistid varchar(256),
	"year" int4,
	duration numeric(18,0),
	CONSTRAINT songs_pkey PRIMARY KEY (songid)
);

CREATE TABLE IF NOT EXISTS public.staging_events (
	artist varchar(256),
	auth varchar(256),
	firstname varchar(256),
	gender varchar(256),
	iteminsession int4,
	lastname varchar(256),
	length numeric(18,0),
	"level" varchar(256),
	location varchar(256),
	"method" varchar(256),
	page varchar(256),
	registration numeric(18,0),
	sessionid int4,
	song varchar(256),
	status int4,
	ts int8,
	useragent varchar(256),
	userid int4
);

CREATE TABLE IF NOT EXISTS public.staging_songs (
	num_songs int4,
	artist_id varchar(256),
	artist_name varchar(256),
	artist_latitude numeric(18,0),
	artist_longitude numeric(18,0),
	artist_location varchar(256),
	song_id varchar(256),
	title varchar(256),
	duration numeric(18,0),
	"year" int4
);

CREATE TABLE IF NOT EXISTS public."time" (
	start_time timestamp NOT NULL,
	"hour" int4,
	"day" int4,
	week int4,
	"month" varchar(256),
	"year" int4,
	weekday varchar(256),
	CONSTRAINT time_pkey PRIMARY KEY (start_time)
);

CREATE TABLE IF NOT EXISTS public.users (
	userid int4 NOT NULL,
	first_name varchar(256),
	last_name varchar(256),
	gender varchar(256),
	"level" varchar(256),
	CONSTRAINT users_pkey PRIMARY KEY (userid)
);




, parameters: None
[2021-04-27 20:15:21,601] {dbapi.py:186} INFO - Rows affected: -1
[2021-04-27 20:15:22,039] {postgres.py:73} INFO - INFO:  Relation "artists" already exists and will be skipped

[2021-04-27 20:15:22,115] {postgres.py:73} INFO - INFO:  Relation "songplays" already exists and will be skipped

[2021-04-27 20:15:22,115] {postgres.py:73} INFO - INFO:  Relation "songs" already exists and will be skipped

[2021-04-27 20:15:22,115] {postgres.py:73} INFO - INFO:  Relation "staging_events" already exists and will be skipped

[2021-04-27 20:15:22,115] {postgres.py:73} INFO - INFO:  Relation "staging_songs" already exists and will be skipped

[2021-04-27 20:15:22,115] {postgres.py:73} INFO - INFO:  Relation "time" already exists and will be skipped

[2021-04-27 20:15:22,115] {postgres.py:73} INFO - INFO:  Relation "users" already exists and will be skipped

[2021-04-27 20:15:22,396] {taskinstance.py:1192} INFO - Marking task as SUCCESS. dag_id=project_dag, task_id=create_tables, execution_date=20200501T000000, start_date=20210427T201458, end_date=20210427T201522
[2021-04-27 20:15:23,196] {taskinstance.py:1246} INFO - 2 downstream tasks scheduled from follow-on schedule check
[2021-04-27 20:15:24,916] {local_task_job.py:146} INFO - Task exited with return code 0
[2021-04-27 20:33:34,611] {taskinstance.py:877} INFO - Dependencies all met for <TaskInstance: project_dag.create_tables 2020-05-01T00:00:00+00:00 [queued]>
[2021-04-27 20:33:35,029] {taskinstance.py:877} INFO - Dependencies all met for <TaskInstance: project_dag.create_tables 2020-05-01T00:00:00+00:00 [queued]>
[2021-04-27 20:33:35,030] {taskinstance.py:1068} INFO - 
--------------------------------------------------------------------------------
[2021-04-27 20:33:35,032] {taskinstance.py:1069} INFO - Starting attempt 1 of 2
[2021-04-27 20:33:35,033] {taskinstance.py:1070} INFO - 
--------------------------------------------------------------------------------
[2021-04-27 20:33:35,586] {taskinstance.py:1089} INFO - Executing <Task(PostgresOperator): create_tables> on 2020-05-01T00:00:00+00:00
[2021-04-27 20:33:35,963] {standard_task_runner.py:76} INFO - Running: ['airflow', 'tasks', 'run', 'project_dag', 'create_tables', '2020-05-01T00:00:00+00:00', '--job-id', '29', '--pool', 'default_pool', '--raw', '--subdir', 'DAGS_FOLDER/udac_example_dag.py', '--cfg-path', '/tmp/tmpi1kb0jde', '--error-file', '/tmp/tmp007f10ah']
[2021-04-27 20:33:35,998] {standard_task_runner.py:77} INFO - Job 29: Subtask create_tables
[2021-04-27 20:33:35,883] {standard_task_runner.py:52} INFO - Started process 104 to run task
[2021-04-27 20:33:37,986] {logging_mixin.py:104} INFO - Running <TaskInstance: project_dag.create_tables 2020-05-01T00:00:00+00:00 [running]> on host 478c7ec349b0
[2021-04-27 20:33:39,173] {taskinstance.py:1283} INFO - Exporting the following env vars:
AIRFLOW_CTX_DAG_EMAIL=ernestoffor@gmail.com.com
AIRFLOW_CTX_DAG_OWNER=udacity
AIRFLOW_CTX_DAG_ID=project_dag
AIRFLOW_CTX_TASK_ID=create_tables
AIRFLOW_CTX_EXECUTION_DATE=2020-05-01T00:00:00+00:00
AIRFLOW_CTX_DAG_RUN_ID=scheduled__2020-05-01T00:00:00+00:00
[2021-04-27 20:33:39,185] {postgres.py:69} INFO - Executing: CREATE TABLE IF NOT EXISTS public.artists (
	artistid varchar(256) NOT NULL,
	name varchar(256),
	location varchar(256),
	lattitude numeric(18,0),
	longitude numeric(18,0)
);

CREATE TABLE IF NOT EXISTS public.songplays (
	playid varchar(32) NOT NULL,
	start_time timestamp NOT NULL,
	userid int4 NOT NULL,
	"level" varchar(256),
	songid varchar(256),
	artistid varchar(256),
	sessionid int4,
	location varchar(256),
	user_agent varchar(256),
	CONSTRAINT songplays_pkey PRIMARY KEY (playid)
);

CREATE TABLE IF NOT EXISTS public.songs (
	songid varchar(256) NOT NULL,
	title varchar(256),
	artistid varchar(256),
	"year" int4,
	duration numeric(18,0),
	CONSTRAINT songs_pkey PRIMARY KEY (songid)
);

CREATE TABLE IF NOT EXISTS public.staging_events (
	artist varchar(256),
	auth varchar(256),
	firstname varchar(256),
	gender varchar(256),
	iteminsession int4,
	lastname varchar(256),
	length numeric(18,0),
	"level" varchar(256),
	location varchar(256),
	"method" varchar(256),
	page varchar(256),
	registration numeric(18,0),
	sessionid int4,
	song varchar(256),
	status int4,
	ts int8,
	useragent varchar(256),
	userid int4
);

CREATE TABLE IF NOT EXISTS public.staging_songs (
	num_songs int4,
	artist_id varchar(256),
	artist_name varchar(256),
	artist_latitude numeric(18,0),
	artist_longitude numeric(18,0),
	artist_location varchar(256),
	song_id varchar(256),
	title varchar(256),
	duration numeric(18,0),
	"year" int4
);

CREATE TABLE IF NOT EXISTS public."time" (
	start_time timestamp NOT NULL,
	"hour" int4,
	"day" int4,
	week int4,
	"month" varchar(256),
	"year" int4,
	weekday varchar(256),
	CONSTRAINT time_pkey PRIMARY KEY (start_time)
);

CREATE TABLE IF NOT EXISTS public.users (
	userid int4 NOT NULL,
	first_name varchar(256),
	last_name varchar(256),
	gender varchar(256),
	"level" varchar(256),
	CONSTRAINT users_pkey PRIMARY KEY (userid)
);





[2021-04-27 20:33:39,757] {base.py:78} INFO - Using connection to: id: redshift. Host: redshift.cxvwoeu3kuea.us-west-2.redshift.amazonaws.com, Port: 5439, Schema: dev, Login: awsuser, Password: XXXXXXXX, extra: None
[2021-04-27 20:33:41,596] {dbapi.py:180} INFO - Running statement: CREATE TABLE IF NOT EXISTS public.artists (
	artistid varchar(256) NOT NULL,
	name varchar(256),
	location varchar(256),
	lattitude numeric(18,0),
	longitude numeric(18,0)
);

CREATE TABLE IF NOT EXISTS public.songplays (
	playid varchar(32) NOT NULL,
	start_time timestamp NOT NULL,
	userid int4 NOT NULL,
	"level" varchar(256),
	songid varchar(256),
	artistid varchar(256),
	sessionid int4,
	location varchar(256),
	user_agent varchar(256),
	CONSTRAINT songplays_pkey PRIMARY KEY (playid)
);

CREATE TABLE IF NOT EXISTS public.songs (
	songid varchar(256) NOT NULL,
	title varchar(256),
	artistid varchar(256),
	"year" int4,
	duration numeric(18,0),
	CONSTRAINT songs_pkey PRIMARY KEY (songid)
);

CREATE TABLE IF NOT EXISTS public.staging_events (
	artist varchar(256),
	auth varchar(256),
	firstname varchar(256),
	gender varchar(256),
	iteminsession int4,
	lastname varchar(256),
	length numeric(18,0),
	"level" varchar(256),
	location varchar(256),
	"method" varchar(256),
	page varchar(256),
	registration numeric(18,0),
	sessionid int4,
	song varchar(256),
	status int4,
	ts int8,
	useragent varchar(256),
	userid int4
);

CREATE TABLE IF NOT EXISTS public.staging_songs (
	num_songs int4,
	artist_id varchar(256),
	artist_name varchar(256),
	artist_latitude numeric(18,0),
	artist_longitude numeric(18,0),
	artist_location varchar(256),
	song_id varchar(256),
	title varchar(256),
	duration numeric(18,0),
	"year" int4
);

CREATE TABLE IF NOT EXISTS public."time" (
	start_time timestamp NOT NULL,
	"hour" int4,
	"day" int4,
	week int4,
	"month" varchar(256),
	"year" int4,
	weekday varchar(256),
	CONSTRAINT time_pkey PRIMARY KEY (start_time)
);

CREATE TABLE IF NOT EXISTS public.users (
	userid int4 NOT NULL,
	first_name varchar(256),
	last_name varchar(256),
	gender varchar(256),
	"level" varchar(256),
	CONSTRAINT users_pkey PRIMARY KEY (userid)
);




, parameters: None
[2021-04-27 20:33:42,008] {dbapi.py:186} INFO - Rows affected: -1
[2021-04-27 20:33:42,296] {postgres.py:73} INFO - INFO:  Relation "artists" already exists and will be skipped

[2021-04-27 20:33:42,297] {postgres.py:73} INFO - INFO:  Relation "songplays" already exists and will be skipped

[2021-04-27 20:33:42,297] {postgres.py:73} INFO - INFO:  Relation "songs" already exists and will be skipped

[2021-04-27 20:33:42,297] {postgres.py:73} INFO - INFO:  Relation "staging_events" already exists and will be skipped

[2021-04-27 20:33:42,297] {postgres.py:73} INFO - INFO:  Relation "staging_songs" already exists and will be skipped

[2021-04-27 20:33:42,297] {postgres.py:73} INFO - INFO:  Relation "time" already exists and will be skipped

[2021-04-27 20:33:42,297] {postgres.py:73} INFO - INFO:  Relation "users" already exists and will be skipped

[2021-04-27 20:33:42,467] {taskinstance.py:1192} INFO - Marking task as SUCCESS. dag_id=project_dag, task_id=create_tables, execution_date=20200501T000000, start_date=20210427T203334, end_date=20210427T203342
[2021-04-27 20:33:44,240] {taskinstance.py:1246} INFO - 2 downstream tasks scheduled from follow-on schedule check
[2021-04-27 20:33:44,716] {local_task_job.py:146} INFO - Task exited with return code 0
