[2021-04-24 11:46:05,139] {taskinstance.py:877} INFO - Dependencies all met for <TaskInstance: project_dag.Stage_events 2020-11-01T00:00:00+00:00 [queued]>
[2021-04-24 11:46:05,378] {taskinstance.py:877} INFO - Dependencies all met for <TaskInstance: project_dag.Stage_events 2020-11-01T00:00:00+00:00 [queued]>
[2021-04-24 11:46:05,379] {taskinstance.py:1068} INFO - 
--------------------------------------------------------------------------------
[2021-04-24 11:46:05,379] {taskinstance.py:1069} INFO - Starting attempt 1 of 2
[2021-04-24 11:46:05,379] {taskinstance.py:1070} INFO - 
--------------------------------------------------------------------------------
[2021-04-24 11:46:05,535] {taskinstance.py:1089} INFO - Executing <Task(StageToRedshiftOperator): Stage_events> on 2020-11-01T00:00:00+00:00
[2021-04-24 11:46:05,575] {standard_task_runner.py:52} INFO - Started process 248 to run task
[2021-04-24 11:46:05,657] {standard_task_runner.py:76} INFO - Running: ['airflow', 'tasks', 'run', 'project_dag', 'Stage_events', '2020-11-01T00:00:00+00:00', '--job-id', '104', '--pool', 'default_pool', '--raw', '--subdir', 'DAGS_FOLDER/udac_example_dag.py', '--cfg-path', '/tmp/tmpeexo4qnt', '--error-file', '/tmp/tmpegokpear']
[2021-04-24 11:46:05,669] {standard_task_runner.py:77} INFO - Job 104: Subtask Stage_events
[2021-04-24 11:46:06,209] {logging_mixin.py:104} INFO - Running <TaskInstance: project_dag.Stage_events 2020-11-01T00:00:00+00:00 [running]> on host 88dcd2a12842
[2021-04-24 11:46:06,883] {taskinstance.py:1283} INFO - Exporting the following env vars:
AIRFLOW_CTX_DAG_EMAIL=ernest@gmail.com.com
AIRFLOW_CTX_DAG_OWNER=udacity
AIRFLOW_CTX_DAG_ID=project_dag
AIRFLOW_CTX_TASK_ID=Stage_events
AIRFLOW_CTX_EXECUTION_DATE=2020-11-01T00:00:00+00:00
AIRFLOW_CTX_DAG_RUN_ID=scheduled__2020-11-01T00:00:00+00:00
[2021-04-24 11:46:06,886] {stage_redshift.py:38} INFO - Start implementation of StageToRedshiftOperator
[2021-04-24 11:46:06,997] {taskinstance.py:1482} ERROR - Task failed with exception
Traceback (most recent call last):
  File "/home/airflow/.local/lib/python3.6/site-packages/airflow/models/taskinstance.py", line 1138, in _run_raw_task
    self._prepare_and_execute_task_with_callbacks(context, task)
  File "/home/airflow/.local/lib/python3.6/site-packages/airflow/models/taskinstance.py", line 1311, in _prepare_and_execute_task_with_callbacks
    result = self._execute_task(context, task_copy)
  File "/home/airflow/.local/lib/python3.6/site-packages/airflow/models/taskinstance.py", line 1341, in _execute_task
    result = task_copy.execute(context=context)
  File "/opt/airflow/plugins/operators/stage_redshift.py", line 39, in execute
    aws_hook = AwsHook(self.aws_credentials_id)
  File "/home/airflow/.local/lib/python3.6/site-packages/airflow/contrib/hooks/aws_hook.py", line 41, in __init__
    super().__init__(*args, **kwargs)
  File "/home/airflow/.local/lib/python3.6/site-packages/airflow/providers/amazon/aws/hooks/base_aws.py", line 360, in __init__
    raise AirflowException('Either client_type or resource_type must be provided.')
airflow.exceptions.AirflowException: Either client_type or resource_type must be provided.
[2021-04-24 11:46:07,042] {taskinstance.py:1532} INFO - Marking task as UP_FOR_RETRY. dag_id=project_dag, task_id=Stage_events, execution_date=20201101T000000, start_date=20210424T114605, end_date=20210424T114607
[2021-04-24 11:46:07,336] {local_task_job.py:146} INFO - Task exited with return code 1
[2021-04-26 09:08:24,060] {taskinstance.py:877} INFO - Dependencies all met for <TaskInstance: project_dag.Stage_events 2020-11-01T00:00:00+00:00 [queued]>
[2021-04-26 09:08:25,449] {taskinstance.py:877} INFO - Dependencies all met for <TaskInstance: project_dag.Stage_events 2020-11-01T00:00:00+00:00 [queued]>
[2021-04-26 09:08:25,450] {taskinstance.py:1068} INFO - 
--------------------------------------------------------------------------------
[2021-04-26 09:08:25,450] {taskinstance.py:1069} INFO - Starting attempt 1 of 2
[2021-04-26 09:08:25,450] {taskinstance.py:1070} INFO - 
--------------------------------------------------------------------------------
[2021-04-26 09:08:26,127] {taskinstance.py:1089} INFO - Executing <Task(StageToRedshiftOperator): Stage_events> on 2020-11-01T00:00:00+00:00
[2021-04-26 09:08:26,453] {standard_task_runner.py:76} INFO - Running: ['airflow', 'tasks', 'run', 'project_dag', 'Stage_events', '2020-11-01T00:00:00+00:00', '--job-id', '28', '--pool', 'default_pool', '--raw', '--subdir', 'DAGS_FOLDER/udac_example_dag.py', '--cfg-path', '/tmp/tmpuqsowod7', '--error-file', '/tmp/tmp8l3f9r0v']
[2021-04-26 09:08:26,454] {standard_task_runner.py:77} INFO - Job 28: Subtask Stage_events
[2021-04-26 09:08:26,251] {standard_task_runner.py:52} INFO - Started process 107 to run task
[2021-04-26 09:08:30,873] {logging_mixin.py:104} INFO - Running <TaskInstance: project_dag.Stage_events 2020-11-01T00:00:00+00:00 [running]> on host b5c40a6f08c7
[2021-04-26 09:08:34,825] {taskinstance.py:1283} INFO - Exporting the following env vars:
AIRFLOW_CTX_DAG_EMAIL=ernestoffor@gmail.com.com
AIRFLOW_CTX_DAG_OWNER=udacity
AIRFLOW_CTX_DAG_ID=project_dag
AIRFLOW_CTX_TASK_ID=Stage_events
AIRFLOW_CTX_EXECUTION_DATE=2020-11-01T00:00:00+00:00
AIRFLOW_CTX_DAG_RUN_ID=scheduled__2020-11-01T00:00:00+00:00
[2021-04-26 09:08:34,834] {stage_redshift.py:63} INFO - Start implementation of StageToRedshiftOperator
[2021-04-26 09:08:34,834] {stage_redshift.py:68} INFO - Preparing destination Redshift table
[2021-04-26 09:08:35,167] {base.py:78} INFO - Using connection to: id: redshift. Host: redshift.cxvwoeu3kuea.us-west-2.redshift.amazonaws.com, Port: 5439, Schema: dev, Login: awsuser, Password: XXXXXXXX, extra: None
[2021-04-26 09:08:36,678] {dbapi.py:180} INFO - Running statement: DELETE FROM staging_events, parameters: None
[2021-04-26 09:08:37,186] {dbapi.py:186} INFO - Rows affected: 0
[2021-04-26 09:08:37,480] {stage_redshift.py:71} INFO - Getting data from S3 to Redshift
[2021-04-26 09:08:37,653] {base.py:78} INFO - Using connection to: id: redshift. Host: redshift.cxvwoeu3kuea.us-west-2.redshift.amazonaws.com, Port: 5439, Schema: dev, Login: awsuser, Password: XXXXXXXX, extra: None
[2021-04-26 09:08:39,043] {dbapi.py:180} INFO - Running statement: 
             COPY staging_events 
             FROM 's3://udacity-dend/log_data/2018/11/*'
             FORMAT AS JSON 'log_json_path.json'
             CREDENTIALS
             'aws_access_key_id=None;aws_secret_access_key=None'
                , parameters: None
[2021-04-26 09:08:39,568] {taskinstance.py:1482} ERROR - Task failed with exception
Traceback (most recent call last):
  File "/home/airflow/.local/lib/python3.6/site-packages/airflow/models/taskinstance.py", line 1138, in _run_raw_task
    self._prepare_and_execute_task_with_callbacks(context, task)
  File "/home/airflow/.local/lib/python3.6/site-packages/airflow/models/taskinstance.py", line 1311, in _prepare_and_execute_task_with_callbacks
    result = self._execute_task(context, task_copy)
  File "/home/airflow/.local/lib/python3.6/site-packages/airflow/models/taskinstance.py", line 1341, in _execute_task
    result = task_copy.execute(context=context)
  File "/opt/airflow/plugins/operators/stage_redshift.py", line 81, in execute
    redshift.run(execution_sql)
  File "/home/airflow/.local/lib/python3.6/site-packages/airflow/hooks/dbapi.py", line 184, in run
    cur.execute(sql_statement)
psycopg2.errors.InternalError_: S3ServiceException:The AWS Access Key Id you provided does not exist in our records.,Status 403,Error InvalidAccessKeyId,Rid MBDBX6FAF0PHCDET,ExtRid Erumd1PF+aTM51L3Sh3OT446W1l8sqjYo3SLdwU1CSay05WgSW4ahbLWRyPY2Uu5QQh/SNLJvGU=,CanRetry 1
DETAIL:  
  -----------------------------------------------
  error:  S3ServiceException:The AWS Access Key Id you provided does not exist in our records.,Status 403,Error InvalidAccessKeyId,Rid MBDBX6FAF0PHCDET,ExtRid Erumd1PF+aTM51L3Sh3OT446W1l8sqjYo3SLdwU1CSay05WgSW4ahbLWRyPY2Uu5QQh/SNLJvGU=,CanRetry 1
  code:      8001
  context:   Listing bucket=udacity-dend prefix=log_data/2018/11/*
  query:     216
  location:  s3_utility.cpp:654
  process:   padbmaster [pid=13895]
  -----------------------------------------------


[2021-04-26 09:08:39,669] {taskinstance.py:1532} INFO - Marking task as UP_FOR_RETRY. dag_id=project_dag, task_id=Stage_events, execution_date=20201101T000000, start_date=20210426T090824, end_date=20210426T090839
[2021-04-26 09:08:41,933] {local_task_job.py:146} INFO - Task exited with return code 1
[2021-04-26 12:36:05,094] {taskinstance.py:877} INFO - Dependencies all met for <TaskInstance: project_dag.Stage_events 2020-11-01T00:00:00+00:00 [queued]>
[2021-04-26 12:36:06,063] {taskinstance.py:877} INFO - Dependencies all met for <TaskInstance: project_dag.Stage_events 2020-11-01T00:00:00+00:00 [queued]>
[2021-04-26 12:36:06,063] {taskinstance.py:1068} INFO - 
--------------------------------------------------------------------------------
[2021-04-26 12:36:06,064] {taskinstance.py:1069} INFO - Starting attempt 1 of 2
[2021-04-26 12:36:06,064] {taskinstance.py:1070} INFO - 
--------------------------------------------------------------------------------
[2021-04-26 12:36:06,941] {taskinstance.py:1089} INFO - Executing <Task(StageToRedshiftOperator): Stage_events> on 2020-11-01T00:00:00+00:00
[2021-04-26 12:36:07,384] {standard_task_runner.py:76} INFO - Running: ['airflow', 'tasks', 'run', 'project_dag', 'Stage_events', '2020-11-01T00:00:00+00:00', '--job-id', '25', '--pool', 'default_pool', '--raw', '--subdir', 'DAGS_FOLDER/udac_example_dag.py', '--cfg-path', '/tmp/tmpnxuzthjf', '--error-file', '/tmp/tmpg241es7q']
[2021-04-26 12:36:07,386] {standard_task_runner.py:77} INFO - Job 25: Subtask Stage_events
[2021-04-26 12:36:07,214] {standard_task_runner.py:52} INFO - Started process 109 to run task
[2021-04-26 12:36:11,439] {logging_mixin.py:104} INFO - Running <TaskInstance: project_dag.Stage_events 2020-11-01T00:00:00+00:00 [running]> on host 0f1e1da1f4f6
[2021-04-26 12:36:12,818] {taskinstance.py:1283} INFO - Exporting the following env vars:
AIRFLOW_CTX_DAG_EMAIL=ernestoffor@gmail.com.com
AIRFLOW_CTX_DAG_OWNER=udacity
AIRFLOW_CTX_DAG_ID=project_dag
AIRFLOW_CTX_TASK_ID=Stage_events
AIRFLOW_CTX_EXECUTION_DATE=2020-11-01T00:00:00+00:00
AIRFLOW_CTX_DAG_RUN_ID=scheduled__2020-11-01T00:00:00+00:00
[2021-04-26 12:36:12,819] {stage_redshift.py:62} INFO - Start implementation of StageToRedshiftOperator
[2021-04-26 12:36:12,820] {stage_redshift.py:67} INFO - Preparing destination Redshift table
[2021-04-26 12:36:13,581] {base.py:78} INFO - Using connection to: id: redshift. Host: redshift.cxvwoeu3kuea.us-west-2.redshift.amazonaws.com, Port: 5439, Schema: dev, Login: awsuser, Password: XXXXXXXX, extra: None
[2021-04-26 12:36:23,384] {dbapi.py:180} INFO - Running statement: DELETE FROM staging_events, parameters: None
[2021-04-26 12:36:23,824] {dbapi.py:186} INFO - Rows affected: 0
[2021-04-26 12:36:24,117] {stage_redshift.py:70} INFO - Getting data from S3 to Redshift
[2021-04-26 12:36:24,176] {base.py:78} INFO - Using connection to: id: redshift. Host: redshift.cxvwoeu3kuea.us-west-2.redshift.amazonaws.com, Port: 5439, Schema: dev, Login: awsuser, Password: XXXXXXXX, extra: None
[2021-04-26 12:36:26,061] {dbapi.py:180} INFO - Running statement: 
             COPY staging_events 
             FROM '/offor_data/log_data/2018/11/*'
             FORMAT AS JSON 'log_json_path.json'
                  , parameters: None
[2021-04-26 12:36:26,749] {taskinstance.py:1482} ERROR - Task failed with exception
Traceback (most recent call last):
  File "/home/airflow/.local/lib/python3.6/site-packages/airflow/models/taskinstance.py", line 1138, in _run_raw_task
    self._prepare_and_execute_task_with_callbacks(context, task)
  File "/home/airflow/.local/lib/python3.6/site-packages/airflow/models/taskinstance.py", line 1311, in _prepare_and_execute_task_with_callbacks
    result = self._execute_task(context, task_copy)
  File "/home/airflow/.local/lib/python3.6/site-packages/airflow/models/taskinstance.py", line 1341, in _execute_task
    result = task_copy.execute(context=context)
  File "/opt/airflow/plugins/operators/stage_redshift.py", line 80, in execute
    redshift.run(execution_sql)
  File "/home/airflow/.local/lib/python3.6/site-packages/airflow/hooks/dbapi.py", line 184, in run
    cur.execute(sql_statement)
psycopg2.errors.InternalError_: LOAD source is not supported. (Hint: only S3 or DynamoDB or EMR based load is allowed)

[2021-04-26 12:36:27,064] {taskinstance.py:1532} INFO - Marking task as UP_FOR_RETRY. dag_id=project_dag, task_id=Stage_events, execution_date=20201101T000000, start_date=20210426T123605, end_date=20210426T123627
[2021-04-26 12:36:27,607] {local_task_job.py:146} INFO - Task exited with return code 1
[2021-04-27 20:40:09,899] {taskinstance.py:877} INFO - Dependencies all met for <TaskInstance: project_dag.Stage_events 2020-11-01T00:00:00+00:00 [queued]>
[2021-04-27 20:40:10,263] {taskinstance.py:877} INFO - Dependencies all met for <TaskInstance: project_dag.Stage_events 2020-11-01T00:00:00+00:00 [queued]>
[2021-04-27 20:40:10,272] {taskinstance.py:1068} INFO - 
--------------------------------------------------------------------------------
[2021-04-27 20:40:10,280] {taskinstance.py:1069} INFO - Starting attempt 1 of 2
[2021-04-27 20:40:10,280] {taskinstance.py:1070} INFO - 
--------------------------------------------------------------------------------
[2021-04-27 20:40:10,471] {taskinstance.py:1089} INFO - Executing <Task(StageToRedshiftOperator): Stage_events> on 2020-11-01T00:00:00+00:00
[2021-04-27 20:40:10,650] {standard_task_runner.py:76} INFO - Running: ['airflow', 'tasks', 'run', 'project_dag', 'Stage_events', '2020-11-01T00:00:00+00:00', '--job-id', '99', '--pool', 'default_pool', '--raw', '--subdir', 'DAGS_FOLDER/udac_example_dag.py', '--cfg-path', '/tmp/tmpyimi74f2', '--error-file', '/tmp/tmpms6jfy2m']
[2021-04-27 20:40:10,651] {standard_task_runner.py:77} INFO - Job 99: Subtask Stage_events
[2021-04-27 20:40:10,569] {standard_task_runner.py:52} INFO - Started process 235 to run task
[2021-04-27 20:40:12,260] {logging_mixin.py:104} INFO - Running <TaskInstance: project_dag.Stage_events 2020-11-01T00:00:00+00:00 [running]> on host 478c7ec349b0
[2021-04-27 20:40:12,753] {taskinstance.py:1283} INFO - Exporting the following env vars:
AIRFLOW_CTX_DAG_EMAIL=ernestoffor@gmail.com.com
AIRFLOW_CTX_DAG_OWNER=udacity
AIRFLOW_CTX_DAG_ID=project_dag
AIRFLOW_CTX_TASK_ID=Stage_events
AIRFLOW_CTX_EXECUTION_DATE=2020-11-01T00:00:00+00:00
AIRFLOW_CTX_DAG_RUN_ID=scheduled__2020-11-01T00:00:00+00:00
[2021-04-27 20:40:12,760] {stage_redshift.py:67} INFO - Start implementation of StageToRedshiftOperator
[2021-04-27 20:40:12,761] {stage_redshift.py:74} INFO - Preparing destination Redshift table
[2021-04-27 20:40:12,819] {base.py:78} INFO - Using connection to: id: redshift. Host: redshift.cxvwoeu3kuea.us-west-2.redshift.amazonaws.com, Port: 5439, Schema: dev, Login: awsuser, Password: XXXXXXXX, extra: None
[2021-04-27 20:40:14,299] {dbapi.py:180} INFO - Running statement: DELETE FROM staging_events, parameters: None
[2021-04-27 20:40:14,745] {dbapi.py:186} INFO - Rows affected: 0
[2021-04-27 20:40:15,082] {stage_redshift.py:77} INFO - Getting data from S3 to Redshift
[2021-04-27 20:40:16,776] {taskinstance.py:1482} ERROR - Task failed with exception
Traceback (most recent call last):
  File "/home/airflow/.local/lib/python3.6/site-packages/airflow/models/taskinstance.py", line 1138, in _run_raw_task
    self._prepare_and_execute_task_with_callbacks(context, task)
  File "/home/airflow/.local/lib/python3.6/site-packages/airflow/models/taskinstance.py", line 1311, in _prepare_and_execute_task_with_callbacks
    result = self._execute_task(context, task_copy)
  File "/home/airflow/.local/lib/python3.6/site-packages/airflow/models/taskinstance.py", line 1341, in _execute_task
    result = task_copy.execute(context=context)
  File "/opt/airflow/plugins/operators/stage_redshift.py", line 83, in execute
    s3.get_credentials().access_key,
  File "/home/airflow/.local/lib/python3.6/site-packages/airflow/providers/amazon/aws/hooks/base_aws.py", line 478, in get_credentials
    return session.get_credentials().get_frozen_credentials()
AttributeError: 'NoneType' object has no attribute 'get_frozen_credentials'
[2021-04-27 20:40:16,792] {taskinstance.py:1532} INFO - Marking task as UP_FOR_RETRY. dag_id=project_dag, task_id=Stage_events, execution_date=20201101T000000, start_date=20210427T204009, end_date=20210427T204016
[2021-04-27 20:40:17,115] {local_task_job.py:146} INFO - Task exited with return code 1
