[2021-04-24 11:46:09,788] {taskinstance.py:877} INFO - Dependencies all met for <TaskInstance: project_dag.Stage_songs 2021-03-01T00:00:00+00:00 [queued]>
[2021-04-24 11:46:09,935] {taskinstance.py:877} INFO - Dependencies all met for <TaskInstance: project_dag.Stage_songs 2021-03-01T00:00:00+00:00 [queued]>
[2021-04-24 11:46:09,936] {taskinstance.py:1068} INFO - 
--------------------------------------------------------------------------------
[2021-04-24 11:46:09,936] {taskinstance.py:1069} INFO - Starting attempt 1 of 2
[2021-04-24 11:46:09,936] {taskinstance.py:1070} INFO - 
--------------------------------------------------------------------------------
[2021-04-24 11:46:10,061] {taskinstance.py:1089} INFO - Executing <Task(StageToRedshiftOperator): Stage_songs> on 2021-03-01T00:00:00+00:00
[2021-04-24 11:46:10,081] {standard_task_runner.py:52} INFO - Started process 256 to run task
[2021-04-24 11:46:10,138] {standard_task_runner.py:76} INFO - Running: ['airflow', 'tasks', 'run', 'project_dag', 'Stage_songs', '2021-03-01T00:00:00+00:00', '--job-id', '110', '--pool', 'default_pool', '--raw', '--subdir', 'DAGS_FOLDER/udac_example_dag.py', '--cfg-path', '/tmp/tmp16noyrtn', '--error-file', '/tmp/tmp3xztmb5w']
[2021-04-24 11:46:10,140] {standard_task_runner.py:77} INFO - Job 110: Subtask Stage_songs
[2021-04-24 11:46:10,365] {logging_mixin.py:104} INFO - Running <TaskInstance: project_dag.Stage_songs 2021-03-01T00:00:00+00:00 [running]> on host 88dcd2a12842
[2021-04-24 11:46:10,609] {taskinstance.py:1283} INFO - Exporting the following env vars:
AIRFLOW_CTX_DAG_EMAIL=ernest@gmail.com.com
AIRFLOW_CTX_DAG_OWNER=udacity
AIRFLOW_CTX_DAG_ID=project_dag
AIRFLOW_CTX_TASK_ID=Stage_songs
AIRFLOW_CTX_EXECUTION_DATE=2021-03-01T00:00:00+00:00
AIRFLOW_CTX_DAG_RUN_ID=scheduled__2021-03-01T00:00:00+00:00
[2021-04-24 11:46:10,611] {stage_redshift.py:38} INFO - Start implementation of StageToRedshiftOperator
[2021-04-24 11:46:10,662] {taskinstance.py:1482} ERROR - Task failed with exception
Traceback (most recent call last):
  File "/home/airflow/.local/lib/python3.6/site-packages/airflow/models/taskinstance.py", line 1138, in _run_raw_task
    self._prepare_and_execute_task_with_callbacks(context, task)
  File "/home/airflow/.local/lib/python3.6/site-packages/airflow/models/taskinstance.py", line 1311, in _prepare_and_execute_task_with_callbacks
    result = self._execute_task(context, task_copy)
  File "/home/airflow/.local/lib/python3.6/site-packages/airflow/models/taskinstance.py", line 1341, in _execute_task
    result = task_copy.execute(context=context)
  File "/opt/airflow/plugins/operators/stage_redshift.py", line 39, in execute
    aws_hook = AwsHook(self.aws_credentials_id)
  File "/home/airflow/.local/lib/python3.6/site-packages/airflow/contrib/hooks/aws_hook.py", line 41, in __init__
    super().__init__(*args, **kwargs)
  File "/home/airflow/.local/lib/python3.6/site-packages/airflow/providers/amazon/aws/hooks/base_aws.py", line 360, in __init__
    raise AirflowException('Either client_type or resource_type must be provided.')
airflow.exceptions.AirflowException: Either client_type or resource_type must be provided.
[2021-04-24 11:46:10,670] {taskinstance.py:1532} INFO - Marking task as UP_FOR_RETRY. dag_id=project_dag, task_id=Stage_songs, execution_date=20210301T000000, start_date=20210424T114609, end_date=20210424T114610
[2021-04-24 11:46:10,909] {local_task_job.py:146} INFO - Task exited with return code 1
[2021-04-26 09:08:47,062] {taskinstance.py:877} INFO - Dependencies all met for <TaskInstance: project_dag.Stage_songs 2021-03-01T00:00:00+00:00 [queued]>
[2021-04-26 09:08:47,299] {taskinstance.py:877} INFO - Dependencies all met for <TaskInstance: project_dag.Stage_songs 2021-03-01T00:00:00+00:00 [queued]>
[2021-04-26 09:08:47,299] {taskinstance.py:1068} INFO - 
--------------------------------------------------------------------------------
[2021-04-26 09:08:47,299] {taskinstance.py:1069} INFO - Starting attempt 1 of 2
[2021-04-26 09:08:47,300] {taskinstance.py:1070} INFO - 
--------------------------------------------------------------------------------
[2021-04-26 09:08:47,584] {taskinstance.py:1089} INFO - Executing <Task(StageToRedshiftOperator): Stage_songs> on 2021-03-01T00:00:00+00:00
[2021-04-26 09:08:47,720] {standard_task_runner.py:76} INFO - Running: ['airflow', 'tasks', 'run', 'project_dag', 'Stage_songs', '2021-03-01T00:00:00+00:00', '--job-id', '38', '--pool', 'default_pool', '--raw', '--subdir', 'DAGS_FOLDER/udac_example_dag.py', '--cfg-path', '/tmp/tmpz2z9gdcu', '--error-file', '/tmp/tmp1hjs99e2']
[2021-04-26 09:08:47,728] {standard_task_runner.py:77} INFO - Job 38: Subtask Stage_songs
[2021-04-26 09:08:47,668] {standard_task_runner.py:52} INFO - Started process 119 to run task
[2021-04-26 09:08:48,766] {logging_mixin.py:104} INFO - Running <TaskInstance: project_dag.Stage_songs 2021-03-01T00:00:00+00:00 [running]> on host b5c40a6f08c7
[2021-04-26 09:08:50,617] {taskinstance.py:1283} INFO - Exporting the following env vars:
AIRFLOW_CTX_DAG_EMAIL=ernestoffor@gmail.com.com
AIRFLOW_CTX_DAG_OWNER=udacity
AIRFLOW_CTX_DAG_ID=project_dag
AIRFLOW_CTX_TASK_ID=Stage_songs
AIRFLOW_CTX_EXECUTION_DATE=2021-03-01T00:00:00+00:00
AIRFLOW_CTX_DAG_RUN_ID=scheduled__2021-03-01T00:00:00+00:00
[2021-04-26 09:08:50,618] {stage_redshift.py:63} INFO - Start implementation of StageToRedshiftOperator
[2021-04-26 09:08:50,652] {stage_redshift.py:68} INFO - Preparing destination Redshift table
[2021-04-26 09:08:50,791] {base.py:78} INFO - Using connection to: id: redshift. Host: redshift.cxvwoeu3kuea.us-west-2.redshift.amazonaws.com, Port: 5439, Schema: dev, Login: awsuser, Password: XXXXXXXX, extra: None
[2021-04-26 09:08:52,234] {dbapi.py:180} INFO - Running statement: DELETE FROM staging_songs, parameters: None
[2021-04-26 09:08:52,692] {dbapi.py:186} INFO - Rows affected: 0
[2021-04-26 09:08:53,043] {stage_redshift.py:71} INFO - Getting data from S3 to Redshift
[2021-04-26 09:08:53,318] {base.py:78} INFO - Using connection to: id: redshift. Host: redshift.cxvwoeu3kuea.us-west-2.redshift.amazonaws.com, Port: 5439, Schema: dev, Login: awsuser, Password: XXXXXXXX, extra: None
[2021-04-26 09:08:54,796] {dbapi.py:180} INFO - Running statement: 
             COPY staging_songs 
             FROM 's3://udacity-dend/song_data/*/*/*/'
             FORMAT AS JSON 'JSON 'auto''
             CREDENTIALS
             'aws_access_key_id=None;aws_secret_access_key=None'
                , parameters: None
[2021-04-26 09:08:55,263] {taskinstance.py:1482} ERROR - Task failed with exception
Traceback (most recent call last):
  File "/home/airflow/.local/lib/python3.6/site-packages/airflow/models/taskinstance.py", line 1138, in _run_raw_task
    self._prepare_and_execute_task_with_callbacks(context, task)
  File "/home/airflow/.local/lib/python3.6/site-packages/airflow/models/taskinstance.py", line 1311, in _prepare_and_execute_task_with_callbacks
    result = self._execute_task(context, task_copy)
  File "/home/airflow/.local/lib/python3.6/site-packages/airflow/models/taskinstance.py", line 1341, in _execute_task
    result = task_copy.execute(context=context)
  File "/opt/airflow/plugins/operators/stage_redshift.py", line 81, in execute
    redshift.run(execution_sql)
  File "/home/airflow/.local/lib/python3.6/site-packages/airflow/hooks/dbapi.py", line 184, in run
    cur.execute(sql_statement)
psycopg2.errors.SyntaxError: syntax error at or near "auto"
LINE 4:              FORMAT AS JSON 'JSON 'auto''
                                           ^

[2021-04-26 09:08:55,362] {taskinstance.py:1532} INFO - Marking task as UP_FOR_RETRY. dag_id=project_dag, task_id=Stage_songs, execution_date=20210301T000000, start_date=20210426T090847, end_date=20210426T090855
[2021-04-26 09:08:56,054] {local_task_job.py:146} INFO - Task exited with return code 1
[2021-04-26 12:36:29,993] {taskinstance.py:877} INFO - Dependencies all met for <TaskInstance: project_dag.Stage_songs 2021-03-01T00:00:00+00:00 [queued]>
[2021-04-26 12:36:30,143] {taskinstance.py:877} INFO - Dependencies all met for <TaskInstance: project_dag.Stage_songs 2021-03-01T00:00:00+00:00 [queued]>
[2021-04-26 12:36:30,143] {taskinstance.py:1068} INFO - 
--------------------------------------------------------------------------------
[2021-04-26 12:36:30,144] {taskinstance.py:1069} INFO - Starting attempt 1 of 2
[2021-04-26 12:36:30,144] {taskinstance.py:1070} INFO - 
--------------------------------------------------------------------------------
[2021-04-26 12:36:30,214] {taskinstance.py:1089} INFO - Executing <Task(StageToRedshiftOperator): Stage_songs> on 2021-03-01T00:00:00+00:00
[2021-04-26 12:36:30,321] {standard_task_runner.py:76} INFO - Running: ['airflow', 'tasks', 'run', 'project_dag', 'Stage_songs', '2021-03-01T00:00:00+00:00', '--job-id', '35', '--pool', 'default_pool', '--raw', '--subdir', 'DAGS_FOLDER/udac_example_dag.py', '--cfg-path', '/tmp/tmpd2_zy1fg', '--error-file', '/tmp/tmpcrmqdy3d']
[2021-04-26 12:36:30,326] {standard_task_runner.py:77} INFO - Job 35: Subtask Stage_songs
[2021-04-26 12:36:30,267] {standard_task_runner.py:52} INFO - Started process 121 to run task
[2021-04-26 12:36:30,664] {logging_mixin.py:104} INFO - Running <TaskInstance: project_dag.Stage_songs 2021-03-01T00:00:00+00:00 [running]> on host 0f1e1da1f4f6
[2021-04-26 12:36:30,959] {taskinstance.py:1283} INFO - Exporting the following env vars:
AIRFLOW_CTX_DAG_EMAIL=ernestoffor@gmail.com.com
AIRFLOW_CTX_DAG_OWNER=udacity
AIRFLOW_CTX_DAG_ID=project_dag
AIRFLOW_CTX_TASK_ID=Stage_songs
AIRFLOW_CTX_EXECUTION_DATE=2021-03-01T00:00:00+00:00
AIRFLOW_CTX_DAG_RUN_ID=scheduled__2021-03-01T00:00:00+00:00
[2021-04-26 12:36:30,962] {stage_redshift.py:62} INFO - Start implementation of StageToRedshiftOperator
[2021-04-26 12:36:30,964] {stage_redshift.py:67} INFO - Preparing destination Redshift table
[2021-04-26 12:36:31,033] {base.py:78} INFO - Using connection to: id: redshift. Host: redshift.cxvwoeu3kuea.us-west-2.redshift.amazonaws.com, Port: 5439, Schema: dev, Login: awsuser, Password: XXXXXXXX, extra: None
[2021-04-26 12:36:32,498] {dbapi.py:180} INFO - Running statement: DELETE FROM staging_songs, parameters: None
[2021-04-26 12:36:32,931] {dbapi.py:186} INFO - Rows affected: 0
[2021-04-26 12:36:33,219] {stage_redshift.py:70} INFO - Getting data from S3 to Redshift
[2021-04-26 12:36:33,237] {base.py:78} INFO - Using connection to: id: redshift. Host: redshift.cxvwoeu3kuea.us-west-2.redshift.amazonaws.com, Port: 5439, Schema: dev, Login: awsuser, Password: XXXXXXXX, extra: None
[2021-04-26 12:36:34,622] {dbapi.py:180} INFO - Running statement: 
             COPY staging_songs 
             FROM '/offor_data/song_data/*/*/*/'
             FORMAT AS JSON 'JSON 'auto''
                  , parameters: None
[2021-04-26 12:36:35,007] {taskinstance.py:1482} ERROR - Task failed with exception
Traceback (most recent call last):
  File "/home/airflow/.local/lib/python3.6/site-packages/airflow/models/taskinstance.py", line 1138, in _run_raw_task
    self._prepare_and_execute_task_with_callbacks(context, task)
  File "/home/airflow/.local/lib/python3.6/site-packages/airflow/models/taskinstance.py", line 1311, in _prepare_and_execute_task_with_callbacks
    result = self._execute_task(context, task_copy)
  File "/home/airflow/.local/lib/python3.6/site-packages/airflow/models/taskinstance.py", line 1341, in _execute_task
    result = task_copy.execute(context=context)
  File "/opt/airflow/plugins/operators/stage_redshift.py", line 80, in execute
    redshift.run(execution_sql)
  File "/home/airflow/.local/lib/python3.6/site-packages/airflow/hooks/dbapi.py", line 184, in run
    cur.execute(sql_statement)
psycopg2.errors.SyntaxError: syntax error at or near "auto"
LINE 4:              FORMAT AS JSON 'JSON 'auto''
                                           ^

[2021-04-26 12:36:35,012] {taskinstance.py:1532} INFO - Marking task as UP_FOR_RETRY. dag_id=project_dag, task_id=Stage_songs, execution_date=20210301T000000, start_date=20210426T123630, end_date=20210426T123635
[2021-04-26 12:36:35,229] {local_task_job.py:146} INFO - Task exited with return code 1
[2021-04-27 19:21:45,338] {taskinstance.py:877} INFO - Dependencies all met for <TaskInstance: project_dag.Stage_songs 2021-03-01T00:00:00+00:00 [queued]>
[2021-04-27 19:21:45,399] {taskinstance.py:877} INFO - Dependencies all met for <TaskInstance: project_dag.Stage_songs 2021-03-01T00:00:00+00:00 [queued]>
[2021-04-27 19:21:45,399] {taskinstance.py:1068} INFO - 
--------------------------------------------------------------------------------
[2021-04-27 19:21:45,399] {taskinstance.py:1069} INFO - Starting attempt 1 of 2
[2021-04-27 19:21:45,399] {taskinstance.py:1070} INFO - 
--------------------------------------------------------------------------------
[2021-04-27 19:21:45,513] {taskinstance.py:1089} INFO - Executing <Task(StageToRedshiftOperator): Stage_songs> on 2021-03-01T00:00:00+00:00
[2021-04-27 19:21:45,573] {standard_task_runner.py:52} INFO - Started process 46 to run task
[2021-04-27 19:21:45,622] {standard_task_runner.py:76} INFO - Running: ['airflow', 'tasks', 'run', 'project_dag', 'Stage_songs', '2021-03-01T00:00:00+00:00', '--job-id', '62', '--pool', 'default_pool', '--raw', '--subdir', 'DAGS_FOLDER/udac_example_dag.py', '--cfg-path', '/tmp/tmpk04nk7tc', '--error-file', '/tmp/tmptmeua9fv']
[2021-04-27 19:21:45,630] {standard_task_runner.py:77} INFO - Job 62: Subtask Stage_songs
[2021-04-27 19:21:46,628] {logging_mixin.py:104} INFO - Running <TaskInstance: project_dag.Stage_songs 2021-03-01T00:00:00+00:00 [running]> on host 0f1e1da1f4f6
[2021-04-27 19:21:47,130] {taskinstance.py:1283} INFO - Exporting the following env vars:
AIRFLOW_CTX_DAG_EMAIL=ernestoffor@gmail.com.com
AIRFLOW_CTX_DAG_OWNER=udacity
AIRFLOW_CTX_DAG_ID=project_dag
AIRFLOW_CTX_TASK_ID=Stage_songs
AIRFLOW_CTX_EXECUTION_DATE=2021-03-01T00:00:00+00:00
AIRFLOW_CTX_DAG_RUN_ID=scheduled__2021-03-01T00:00:00+00:00
[2021-04-27 19:21:47,131] {stage_redshift.py:65} INFO - Start implementation of StageToRedshiftOperator
[2021-04-27 19:21:47,149] {taskinstance.py:1482} ERROR - Task failed with exception
Traceback (most recent call last):
  File "/home/airflow/.local/lib/python3.6/site-packages/airflow/models/taskinstance.py", line 1138, in _run_raw_task
    self._prepare_and_execute_task_with_callbacks(context, task)
  File "/home/airflow/.local/lib/python3.6/site-packages/airflow/models/taskinstance.py", line 1311, in _prepare_and_execute_task_with_callbacks
    result = self._execute_task(context, task_copy)
  File "/home/airflow/.local/lib/python3.6/site-packages/airflow/models/taskinstance.py", line 1341, in _execute_task
    result = task_copy.execute(context=context)
  File "/opt/airflow/plugins/operators/stage_redshift.py", line 66, in execute
    s3 = S3hook(aws_conn_id=self.aws_credentials_id)
NameError: name 'S3hook' is not defined
[2021-04-27 19:21:47,216] {taskinstance.py:1532} INFO - Marking task as UP_FOR_RETRY. dag_id=project_dag, task_id=Stage_songs, execution_date=20210301T000000, start_date=20210427T192145, end_date=20210427T192147
[2021-04-27 19:21:47,645] {local_task_job.py:146} INFO - Task exited with return code 1
[2021-04-27 20:40:34,933] {taskinstance.py:877} INFO - Dependencies all met for <TaskInstance: project_dag.Stage_songs 2021-03-01T00:00:00+00:00 [queued]>
[2021-04-27 20:40:35,153] {taskinstance.py:877} INFO - Dependencies all met for <TaskInstance: project_dag.Stage_songs 2021-03-01T00:00:00+00:00 [queued]>
[2021-04-27 20:40:35,153] {taskinstance.py:1068} INFO - 
--------------------------------------------------------------------------------
[2021-04-27 20:40:35,153] {taskinstance.py:1069} INFO - Starting attempt 1 of 2
[2021-04-27 20:40:35,153] {taskinstance.py:1070} INFO - 
--------------------------------------------------------------------------------
[2021-04-27 20:40:35,342] {taskinstance.py:1089} INFO - Executing <Task(StageToRedshiftOperator): Stage_songs> on 2021-03-01T00:00:00+00:00
[2021-04-27 20:40:35,437] {standard_task_runner.py:76} INFO - Running: ['airflow', 'tasks', 'run', 'project_dag', 'Stage_songs', '2021-03-01T00:00:00+00:00', '--job-id', '110', '--pool', 'default_pool', '--raw', '--subdir', 'DAGS_FOLDER/udac_example_dag.py', '--cfg-path', '/tmp/tmpb_rl5ont', '--error-file', '/tmp/tmpjvlk0yw2']
[2021-04-27 20:40:35,504] {standard_task_runner.py:77} INFO - Job 110: Subtask Stage_songs
[2021-04-27 20:40:35,404] {standard_task_runner.py:52} INFO - Started process 255 to run task
[2021-04-27 20:40:36,029] {logging_mixin.py:104} INFO - Running <TaskInstance: project_dag.Stage_songs 2021-03-01T00:00:00+00:00 [running]> on host 478c7ec349b0
[2021-04-27 20:40:36,266] {taskinstance.py:1283} INFO - Exporting the following env vars:
AIRFLOW_CTX_DAG_EMAIL=ernestoffor@gmail.com.com
AIRFLOW_CTX_DAG_OWNER=udacity
AIRFLOW_CTX_DAG_ID=project_dag
AIRFLOW_CTX_TASK_ID=Stage_songs
AIRFLOW_CTX_EXECUTION_DATE=2021-03-01T00:00:00+00:00
AIRFLOW_CTX_DAG_RUN_ID=scheduled__2021-03-01T00:00:00+00:00
[2021-04-27 20:40:36,267] {stage_redshift.py:67} INFO - Start implementation of StageToRedshiftOperator
[2021-04-27 20:40:36,267] {stage_redshift.py:74} INFO - Preparing destination Redshift table
[2021-04-27 20:40:36,307] {base.py:78} INFO - Using connection to: id: redshift. Host: redshift.cxvwoeu3kuea.us-west-2.redshift.amazonaws.com, Port: 5439, Schema: dev, Login: awsuser, Password: XXXXXXXX, extra: None
[2021-04-27 20:40:37,836] {dbapi.py:180} INFO - Running statement: DELETE FROM staging_songs, parameters: None
[2021-04-27 20:40:38,277] {dbapi.py:186} INFO - Rows affected: 0
[2021-04-27 20:40:38,602] {stage_redshift.py:77} INFO - Getting data from S3 to Redshift
[2021-04-27 20:40:40,598] {taskinstance.py:1482} ERROR - Task failed with exception
Traceback (most recent call last):
  File "/home/airflow/.local/lib/python3.6/site-packages/airflow/models/taskinstance.py", line 1138, in _run_raw_task
    self._prepare_and_execute_task_with_callbacks(context, task)
  File "/home/airflow/.local/lib/python3.6/site-packages/airflow/models/taskinstance.py", line 1311, in _prepare_and_execute_task_with_callbacks
    result = self._execute_task(context, task_copy)
  File "/home/airflow/.local/lib/python3.6/site-packages/airflow/models/taskinstance.py", line 1341, in _execute_task
    result = task_copy.execute(context=context)
  File "/opt/airflow/plugins/operators/stage_redshift.py", line 83, in execute
    s3.get_credentials().access_key,
  File "/home/airflow/.local/lib/python3.6/site-packages/airflow/providers/amazon/aws/hooks/base_aws.py", line 478, in get_credentials
    return session.get_credentials().get_frozen_credentials()
AttributeError: 'NoneType' object has no attribute 'get_frozen_credentials'
[2021-04-27 20:40:40,605] {taskinstance.py:1532} INFO - Marking task as UP_FOR_RETRY. dag_id=project_dag, task_id=Stage_songs, execution_date=20210301T000000, start_date=20210427T204034, end_date=20210427T204040
[2021-04-27 20:40:40,831] {local_task_job.py:146} INFO - Task exited with return code 1
