[2021-04-24 11:40:02,949] {taskinstance.py:877} INFO - Dependencies all met for <TaskInstance: project_dag.Stage_songs 2020-05-01T00:00:00+00:00 [queued]>
[2021-04-24 11:40:03,154] {taskinstance.py:877} INFO - Dependencies all met for <TaskInstance: project_dag.Stage_songs 2020-05-01T00:00:00+00:00 [queued]>
[2021-04-24 11:40:03,154] {taskinstance.py:1068} INFO - 
--------------------------------------------------------------------------------
[2021-04-24 11:40:03,154] {taskinstance.py:1069} INFO - Starting attempt 1 of 2
[2021-04-24 11:40:03,155] {taskinstance.py:1070} INFO - 
--------------------------------------------------------------------------------
[2021-04-24 11:40:03,413] {taskinstance.py:1089} INFO - Executing <Task(StageToRedshiftOperator): Stage_songs> on 2020-05-01T00:00:00+00:00
[2021-04-24 11:40:03,479] {standard_task_runner.py:76} INFO - Running: ['airflow', 'tasks', 'run', 'project_dag', 'Stage_songs', '2020-05-01T00:00:00+00:00', '--job-id', '48', '--pool', 'default_pool', '--raw', '--subdir', 'DAGS_FOLDER/udac_example_dag.py', '--cfg-path', '/tmp/tmpdjwtag8f', '--error-file', '/tmp/tmpi1eaeo85']
[2021-04-24 11:40:03,428] {standard_task_runner.py:52} INFO - Started process 134 to run task
[2021-04-24 11:40:03,504] {standard_task_runner.py:77} INFO - Job 48: Subtask Stage_songs
[2021-04-24 11:40:04,010] {logging_mixin.py:104} INFO - Running <TaskInstance: project_dag.Stage_songs 2020-05-01T00:00:00+00:00 [running]> on host 88dcd2a12842
[2021-04-24 11:40:04,697] {taskinstance.py:1283} INFO - Exporting the following env vars:
AIRFLOW_CTX_DAG_EMAIL=ernest@gmail.com.com
AIRFLOW_CTX_DAG_OWNER=udacity
AIRFLOW_CTX_DAG_ID=project_dag
AIRFLOW_CTX_TASK_ID=Stage_songs
AIRFLOW_CTX_EXECUTION_DATE=2020-05-01T00:00:00+00:00
AIRFLOW_CTX_DAG_RUN_ID=scheduled__2020-05-01T00:00:00+00:00
[2021-04-24 11:40:04,701] {stage_redshift.py:38} INFO - Start implementation of StageToRedshiftOperator
[2021-04-24 11:40:04,803] {taskinstance.py:1482} ERROR - Task failed with exception
Traceback (most recent call last):
  File "/home/airflow/.local/lib/python3.6/site-packages/airflow/models/taskinstance.py", line 1138, in _run_raw_task
    self._prepare_and_execute_task_with_callbacks(context, task)
  File "/home/airflow/.local/lib/python3.6/site-packages/airflow/models/taskinstance.py", line 1311, in _prepare_and_execute_task_with_callbacks
    result = self._execute_task(context, task_copy)
  File "/home/airflow/.local/lib/python3.6/site-packages/airflow/models/taskinstance.py", line 1341, in _execute_task
    result = task_copy.execute(context=context)
  File "/opt/airflow/plugins/operators/stage_redshift.py", line 39, in execute
    aws_hook = AwsHook(self.aws_credentials_id)
  File "/home/airflow/.local/lib/python3.6/site-packages/airflow/contrib/hooks/aws_hook.py", line 41, in __init__
    super().__init__(*args, **kwargs)
  File "/home/airflow/.local/lib/python3.6/site-packages/airflow/providers/amazon/aws/hooks/base_aws.py", line 360, in __init__
    raise AirflowException('Either client_type or resource_type must be provided.')
airflow.exceptions.AirflowException: Either client_type or resource_type must be provided.
[2021-04-24 11:40:04,811] {taskinstance.py:1532} INFO - Marking task as UP_FOR_RETRY. dag_id=project_dag, task_id=Stage_songs, execution_date=20200501T000000, start_date=20210424T114002, end_date=20210424T114004
[2021-04-24 11:40:05,070] {local_task_job.py:146} INFO - Task exited with return code 1
[2021-04-26 12:34:45,887] {taskinstance.py:877} INFO - Dependencies all met for <TaskInstance: project_dag.Stage_songs 2020-05-01T00:00:00+00:00 [queued]>
[2021-04-26 12:34:46,340] {taskinstance.py:877} INFO - Dependencies all met for <TaskInstance: project_dag.Stage_songs 2020-05-01T00:00:00+00:00 [queued]>
[2021-04-26 12:34:46,340] {taskinstance.py:1068} INFO - 
--------------------------------------------------------------------------------
[2021-04-26 12:34:46,340] {taskinstance.py:1069} INFO - Starting attempt 1 of 2
[2021-04-26 12:34:46,341] {taskinstance.py:1070} INFO - 
--------------------------------------------------------------------------------
[2021-04-26 12:34:46,544] {taskinstance.py:1089} INFO - Executing <Task(StageToRedshiftOperator): Stage_songs> on 2020-05-01T00:00:00+00:00
[2021-04-26 12:34:46,575] {standard_task_runner.py:76} INFO - Running: ['airflow', 'tasks', 'run', 'project_dag', 'Stage_songs', '2020-05-01T00:00:00+00:00', '--job-id', '6', '--pool', 'default_pool', '--raw', '--subdir', 'DAGS_FOLDER/udac_example_dag.py', '--cfg-path', '/tmp/tmprec8u6t0', '--error-file', '/tmp/tmpjb8e2pka']
[2021-04-26 12:34:46,576] {standard_task_runner.py:77} INFO - Job 6: Subtask Stage_songs
[2021-04-26 12:34:46,561] {standard_task_runner.py:52} INFO - Started process 62 to run task
[2021-04-26 12:34:47,031] {logging_mixin.py:104} INFO - Running <TaskInstance: project_dag.Stage_songs 2020-05-01T00:00:00+00:00 [running]> on host 0f1e1da1f4f6
[2021-04-26 12:34:47,562] {taskinstance.py:1283} INFO - Exporting the following env vars:
AIRFLOW_CTX_DAG_EMAIL=ernestoffor@gmail.com.com
AIRFLOW_CTX_DAG_OWNER=udacity
AIRFLOW_CTX_DAG_ID=project_dag
AIRFLOW_CTX_TASK_ID=Stage_songs
AIRFLOW_CTX_EXECUTION_DATE=2020-05-01T00:00:00+00:00
AIRFLOW_CTX_DAG_RUN_ID=scheduled__2020-05-01T00:00:00+00:00
[2021-04-26 12:34:47,563] {stage_redshift.py:62} INFO - Start implementation of StageToRedshiftOperator
[2021-04-26 12:34:47,564] {stage_redshift.py:67} INFO - Preparing destination Redshift table
[2021-04-26 12:34:47,651] {base.py:78} INFO - Using connection to: id: redshift. Host: redshift.cxvwoeu3kuea.us-west-2.redshift.amazonaws.com, Port: 5439, Schema: dev, Login: awsuser, Password: XXXXXXXX, extra: None
[2021-04-26 12:34:49,076] {dbapi.py:180} INFO - Running statement: DELETE FROM staging_songs, parameters: None
[2021-04-26 12:34:49,844] {dbapi.py:186} INFO - Rows affected: 0
[2021-04-26 12:34:50,284] {stage_redshift.py:70} INFO - Getting data from S3 to Redshift
[2021-04-26 12:34:50,303] {base.py:78} INFO - Using connection to: id: redshift. Host: redshift.cxvwoeu3kuea.us-west-2.redshift.amazonaws.com, Port: 5439, Schema: dev, Login: awsuser, Password: XXXXXXXX, extra: None
[2021-04-26 12:34:52,187] {dbapi.py:180} INFO - Running statement: 
             COPY staging_songs 
             FROM '/offor_data/song_data/*/*/*/'
             FORMAT AS JSON 'JSON 'auto''
                  , parameters: None
[2021-04-26 12:34:52,686] {taskinstance.py:1482} ERROR - Task failed with exception
Traceback (most recent call last):
  File "/home/airflow/.local/lib/python3.6/site-packages/airflow/models/taskinstance.py", line 1138, in _run_raw_task
    self._prepare_and_execute_task_with_callbacks(context, task)
  File "/home/airflow/.local/lib/python3.6/site-packages/airflow/models/taskinstance.py", line 1311, in _prepare_and_execute_task_with_callbacks
    result = self._execute_task(context, task_copy)
  File "/home/airflow/.local/lib/python3.6/site-packages/airflow/models/taskinstance.py", line 1341, in _execute_task
    result = task_copy.execute(context=context)
  File "/opt/airflow/plugins/operators/stage_redshift.py", line 80, in execute
    redshift.run(execution_sql)
  File "/home/airflow/.local/lib/python3.6/site-packages/airflow/hooks/dbapi.py", line 184, in run
    cur.execute(sql_statement)
psycopg2.errors.SyntaxError: syntax error at or near "auto"
LINE 4:              FORMAT AS JSON 'JSON 'auto''
                                           ^

[2021-04-26 12:34:52,710] {taskinstance.py:1532} INFO - Marking task as UP_FOR_RETRY. dag_id=project_dag, task_id=Stage_songs, execution_date=20200501T000000, start_date=20210426T123446, end_date=20210426T123452
[2021-04-26 12:34:52,911] {local_task_job.py:146} INFO - Task exited with return code 1
[2021-04-27 20:16:43,950] {taskinstance.py:877} INFO - Dependencies all met for <TaskInstance: project_dag.Stage_songs 2020-05-01T00:00:00+00:00 [queued]>
[2021-04-27 20:16:44,111] {taskinstance.py:877} INFO - Dependencies all met for <TaskInstance: project_dag.Stage_songs 2020-05-01T00:00:00+00:00 [queued]>
[2021-04-27 20:16:44,117] {taskinstance.py:1068} INFO - 
--------------------------------------------------------------------------------
[2021-04-27 20:16:44,117] {taskinstance.py:1069} INFO - Starting attempt 1 of 2
[2021-04-27 20:16:44,117] {taskinstance.py:1070} INFO - 
--------------------------------------------------------------------------------
[2021-04-27 20:16:44,266] {taskinstance.py:1089} INFO - Executing <Task(StageToRedshiftOperator): Stage_songs> on 2020-05-01T00:00:00+00:00
[2021-04-27 20:16:44,324] {standard_task_runner.py:52} INFO - Started process 135 to run task
[2021-04-27 20:16:44,386] {standard_task_runner.py:76} INFO - Running: ['airflow', 'tasks', 'run', 'project_dag', 'Stage_songs', '2020-05-01T00:00:00+00:00', '--job-id', '49', '--pool', 'default_pool', '--raw', '--subdir', 'DAGS_FOLDER/udac_example_dag.py', '--cfg-path', '/tmp/tmplrmh_9_6', '--error-file', '/tmp/tmp5ll9v7a7']
[2021-04-27 20:16:44,387] {standard_task_runner.py:77} INFO - Job 49: Subtask Stage_songs
[2021-04-27 20:16:45,089] {logging_mixin.py:104} INFO - Running <TaskInstance: project_dag.Stage_songs 2020-05-01T00:00:00+00:00 [running]> on host 88b3af0c26c0
[2021-04-27 20:16:45,525] {taskinstance.py:1283} INFO - Exporting the following env vars:
AIRFLOW_CTX_DAG_EMAIL=ernestoffor@gmail.com.com
AIRFLOW_CTX_DAG_OWNER=udacity
AIRFLOW_CTX_DAG_ID=project_dag
AIRFLOW_CTX_TASK_ID=Stage_songs
AIRFLOW_CTX_EXECUTION_DATE=2020-05-01T00:00:00+00:00
AIRFLOW_CTX_DAG_RUN_ID=scheduled__2020-05-01T00:00:00+00:00
[2021-04-27 20:16:45,526] {stage_redshift.py:65} INFO - Start implementation of StageToRedshiftOperator
[2021-04-27 20:16:45,526] {taskinstance.py:1482} ERROR - Task failed with exception
Traceback (most recent call last):
  File "/home/airflow/.local/lib/python3.6/site-packages/airflow/models/taskinstance.py", line 1138, in _run_raw_task
    self._prepare_and_execute_task_with_callbacks(context, task)
  File "/home/airflow/.local/lib/python3.6/site-packages/airflow/models/taskinstance.py", line 1311, in _prepare_and_execute_task_with_callbacks
    result = self._execute_task(context, task_copy)
  File "/home/airflow/.local/lib/python3.6/site-packages/airflow/models/taskinstance.py", line 1341, in _execute_task
    result = task_copy.execute(context=context)
  File "/opt/airflow/plugins/operators/stage_redshift.py", line 66, in execute
    s3 = S3Hook(aws_conn_id=self.aws_credentials_id)
AttributeError: 'StageToRedshiftOperator' object has no attribute 'aws_credentials_id'
[2021-04-27 20:16:45,530] {taskinstance.py:1532} INFO - Marking task as UP_FOR_RETRY. dag_id=project_dag, task_id=Stage_songs, execution_date=20200501T000000, start_date=20210427T201643, end_date=20210427T201645
[2021-04-27 20:16:45,790] {local_task_job.py:146} INFO - Task exited with return code 1
[2021-04-27 20:34:09,618] {taskinstance.py:877} INFO - Dependencies all met for <TaskInstance: project_dag.Stage_songs 2020-05-01T00:00:00+00:00 [queued]>
[2021-04-27 20:34:10,051] {taskinstance.py:877} INFO - Dependencies all met for <TaskInstance: project_dag.Stage_songs 2020-05-01T00:00:00+00:00 [queued]>
[2021-04-27 20:34:10,052] {taskinstance.py:1068} INFO - 
--------------------------------------------------------------------------------
[2021-04-27 20:34:10,052] {taskinstance.py:1069} INFO - Starting attempt 1 of 2
[2021-04-27 20:34:10,052] {taskinstance.py:1070} INFO - 
--------------------------------------------------------------------------------
[2021-04-27 20:34:10,413] {taskinstance.py:1089} INFO - Executing <Task(StageToRedshiftOperator): Stage_songs> on 2020-05-01T00:00:00+00:00
[2021-04-27 20:34:10,555] {standard_task_runner.py:76} INFO - Running: ['airflow', 'tasks', 'run', 'project_dag', 'Stage_songs', '2020-05-01T00:00:00+00:00', '--job-id', '46', '--pool', 'default_pool', '--raw', '--subdir', 'DAGS_FOLDER/udac_example_dag.py', '--cfg-path', '/tmp/tmp7kbriw7j', '--error-file', '/tmp/tmpw8f8nvs7']
[2021-04-27 20:34:10,566] {standard_task_runner.py:77} INFO - Job 46: Subtask Stage_songs
[2021-04-27 20:34:10,506] {standard_task_runner.py:52} INFO - Started process 127 to run task
[2021-04-27 20:34:10,966] {logging_mixin.py:104} INFO - Running <TaskInstance: project_dag.Stage_songs 2020-05-01T00:00:00+00:00 [running]> on host 478c7ec349b0
[2021-04-27 20:34:11,377] {taskinstance.py:1283} INFO - Exporting the following env vars:
AIRFLOW_CTX_DAG_EMAIL=ernestoffor@gmail.com.com
AIRFLOW_CTX_DAG_OWNER=udacity
AIRFLOW_CTX_DAG_ID=project_dag
AIRFLOW_CTX_TASK_ID=Stage_songs
AIRFLOW_CTX_EXECUTION_DATE=2020-05-01T00:00:00+00:00
AIRFLOW_CTX_DAG_RUN_ID=scheduled__2020-05-01T00:00:00+00:00
[2021-04-27 20:34:11,379] {stage_redshift.py:67} INFO - Start implementation of StageToRedshiftOperator
[2021-04-27 20:34:11,380] {stage_redshift.py:74} INFO - Preparing destination Redshift table
[2021-04-27 20:34:11,434] {base.py:78} INFO - Using connection to: id: redshift. Host: redshift.cxvwoeu3kuea.us-west-2.redshift.amazonaws.com, Port: 5439, Schema: dev, Login: awsuser, Password: XXXXXXXX, extra: None
[2021-04-27 20:34:12,865] {dbapi.py:180} INFO - Running statement: DELETE FROM staging_songs, parameters: None
[2021-04-27 20:34:13,304] {dbapi.py:186} INFO - Rows affected: 0
[2021-04-27 20:34:13,591] {stage_redshift.py:77} INFO - Getting data from S3 to Redshift
[2021-04-27 20:34:15,289] {taskinstance.py:1482} ERROR - Task failed with exception
Traceback (most recent call last):
  File "/home/airflow/.local/lib/python3.6/site-packages/airflow/models/taskinstance.py", line 1138, in _run_raw_task
    self._prepare_and_execute_task_with_callbacks(context, task)
  File "/home/airflow/.local/lib/python3.6/site-packages/airflow/models/taskinstance.py", line 1311, in _prepare_and_execute_task_with_callbacks
    result = self._execute_task(context, task_copy)
  File "/home/airflow/.local/lib/python3.6/site-packages/airflow/models/taskinstance.py", line 1341, in _execute_task
    result = task_copy.execute(context=context)
  File "/opt/airflow/plugins/operators/stage_redshift.py", line 83, in execute
    s3.get_credentials().access_key,
  File "/home/airflow/.local/lib/python3.6/site-packages/airflow/providers/amazon/aws/hooks/base_aws.py", line 478, in get_credentials
    return session.get_credentials().get_frozen_credentials()
AttributeError: 'NoneType' object has no attribute 'get_frozen_credentials'
[2021-04-27 20:34:15,293] {taskinstance.py:1532} INFO - Marking task as UP_FOR_RETRY. dag_id=project_dag, task_id=Stage_songs, execution_date=20200501T000000, start_date=20210427T203409, end_date=20210427T203415
[2021-04-27 20:34:15,460] {local_task_job.py:146} INFO - Task exited with return code 1
