[2021-04-24 11:40:04,567] {taskinstance.py:877} INFO - Dependencies all met for <TaskInstance: project_dag.Stage_songs 2019-07-01T00:00:00+00:00 [queued]>
[2021-04-24 11:40:04,913] {taskinstance.py:877} INFO - Dependencies all met for <TaskInstance: project_dag.Stage_songs 2019-07-01T00:00:00+00:00 [queued]>
[2021-04-24 11:40:04,915] {taskinstance.py:1068} INFO - 
--------------------------------------------------------------------------------
[2021-04-24 11:40:04,990] {taskinstance.py:1069} INFO - Starting attempt 1 of 2
[2021-04-24 11:40:04,992] {taskinstance.py:1070} INFO - 
--------------------------------------------------------------------------------
[2021-04-24 11:40:05,322] {taskinstance.py:1089} INFO - Executing <Task(StageToRedshiftOperator): Stage_songs> on 2019-07-01T00:00:00+00:00
[2021-04-24 11:40:05,328] {standard_task_runner.py:52} INFO - Started process 136 to run task
[2021-04-24 11:40:05,445] {standard_task_runner.py:76} INFO - Running: ['airflow', 'tasks', 'run', 'project_dag', 'Stage_songs', '2019-07-01T00:00:00+00:00', '--job-id', '50', '--pool', 'default_pool', '--raw', '--subdir', 'DAGS_FOLDER/udac_example_dag.py', '--cfg-path', '/tmp/tmpvzljd1y5', '--error-file', '/tmp/tmpod02juwj']
[2021-04-24 11:40:05,453] {standard_task_runner.py:77} INFO - Job 50: Subtask Stage_songs
[2021-04-24 11:40:05,675] {logging_mixin.py:104} INFO - Running <TaskInstance: project_dag.Stage_songs 2019-07-01T00:00:00+00:00 [running]> on host 88dcd2a12842
[2021-04-24 11:40:06,770] {taskinstance.py:1283} INFO - Exporting the following env vars:
AIRFLOW_CTX_DAG_EMAIL=ernest@gmail.com.com
AIRFLOW_CTX_DAG_OWNER=udacity
AIRFLOW_CTX_DAG_ID=project_dag
AIRFLOW_CTX_TASK_ID=Stage_songs
AIRFLOW_CTX_EXECUTION_DATE=2019-07-01T00:00:00+00:00
AIRFLOW_CTX_DAG_RUN_ID=scheduled__2019-07-01T00:00:00+00:00
[2021-04-24 11:40:07,112] {stage_redshift.py:38} INFO - Start implementation of StageToRedshiftOperator
[2021-04-24 11:40:07,130] {taskinstance.py:1482} ERROR - Task failed with exception
Traceback (most recent call last):
  File "/home/airflow/.local/lib/python3.6/site-packages/airflow/models/taskinstance.py", line 1138, in _run_raw_task
    self._prepare_and_execute_task_with_callbacks(context, task)
  File "/home/airflow/.local/lib/python3.6/site-packages/airflow/models/taskinstance.py", line 1311, in _prepare_and_execute_task_with_callbacks
    result = self._execute_task(context, task_copy)
  File "/home/airflow/.local/lib/python3.6/site-packages/airflow/models/taskinstance.py", line 1341, in _execute_task
    result = task_copy.execute(context=context)
  File "/opt/airflow/plugins/operators/stage_redshift.py", line 39, in execute
    aws_hook = AwsHook(self.aws_credentials_id)
  File "/home/airflow/.local/lib/python3.6/site-packages/airflow/contrib/hooks/aws_hook.py", line 41, in __init__
    super().__init__(*args, **kwargs)
  File "/home/airflow/.local/lib/python3.6/site-packages/airflow/providers/amazon/aws/hooks/base_aws.py", line 360, in __init__
    raise AirflowException('Either client_type or resource_type must be provided.')
airflow.exceptions.AirflowException: Either client_type or resource_type must be provided.
[2021-04-24 11:40:07,169] {taskinstance.py:1532} INFO - Marking task as UP_FOR_RETRY. dag_id=project_dag, task_id=Stage_songs, execution_date=20190701T000000, start_date=20210424T114004, end_date=20210424T114007
[2021-04-24 11:40:07,575] {local_task_job.py:146} INFO - Task exited with return code 1
[2021-04-27 20:16:32,176] {taskinstance.py:877} INFO - Dependencies all met for <TaskInstance: project_dag.Stage_songs 2019-07-01T00:00:00+00:00 [queued]>
[2021-04-27 20:16:32,979] {taskinstance.py:877} INFO - Dependencies all met for <TaskInstance: project_dag.Stage_songs 2019-07-01T00:00:00+00:00 [queued]>
[2021-04-27 20:16:32,979] {taskinstance.py:1068} INFO - 
--------------------------------------------------------------------------------
[2021-04-27 20:16:32,979] {taskinstance.py:1069} INFO - Starting attempt 1 of 2
[2021-04-27 20:16:32,979] {taskinstance.py:1070} INFO - 
--------------------------------------------------------------------------------
[2021-04-27 20:16:33,408] {taskinstance.py:1089} INFO - Executing <Task(StageToRedshiftOperator): Stage_songs> on 2019-07-01T00:00:00+00:00
[2021-04-27 20:16:33,806] {standard_task_runner.py:76} INFO - Running: ['airflow', 'tasks', 'run', 'project_dag', 'Stage_songs', '2019-07-01T00:00:00+00:00', '--job-id', '39', '--pool', 'default_pool', '--raw', '--subdir', 'DAGS_FOLDER/udac_example_dag.py', '--cfg-path', '/tmp/tmp342v50rr', '--error-file', '/tmp/tmprqdcixeh']
[2021-04-27 20:16:33,605] {standard_task_runner.py:52} INFO - Started process 125 to run task
[2021-04-27 20:16:33,891] {standard_task_runner.py:77} INFO - Job 39: Subtask Stage_songs
[2021-04-27 20:16:36,506] {logging_mixin.py:104} INFO - Running <TaskInstance: project_dag.Stage_songs 2019-07-01T00:00:00+00:00 [running]> on host 88b3af0c26c0
[2021-04-27 20:16:39,347] {taskinstance.py:1283} INFO - Exporting the following env vars:
AIRFLOW_CTX_DAG_EMAIL=ernestoffor@gmail.com.com
AIRFLOW_CTX_DAG_OWNER=udacity
AIRFLOW_CTX_DAG_ID=project_dag
AIRFLOW_CTX_TASK_ID=Stage_songs
AIRFLOW_CTX_EXECUTION_DATE=2019-07-01T00:00:00+00:00
AIRFLOW_CTX_DAG_RUN_ID=scheduled__2019-07-01T00:00:00+00:00
[2021-04-27 20:16:39,350] {stage_redshift.py:65} INFO - Start implementation of StageToRedshiftOperator
[2021-04-27 20:16:39,353] {taskinstance.py:1482} ERROR - Task failed with exception
Traceback (most recent call last):
  File "/home/airflow/.local/lib/python3.6/site-packages/airflow/models/taskinstance.py", line 1138, in _run_raw_task
    self._prepare_and_execute_task_with_callbacks(context, task)
  File "/home/airflow/.local/lib/python3.6/site-packages/airflow/models/taskinstance.py", line 1311, in _prepare_and_execute_task_with_callbacks
    result = self._execute_task(context, task_copy)
  File "/home/airflow/.local/lib/python3.6/site-packages/airflow/models/taskinstance.py", line 1341, in _execute_task
    result = task_copy.execute(context=context)
  File "/opt/airflow/plugins/operators/stage_redshift.py", line 66, in execute
    s3 = S3Hook(aws_conn_id=self.aws_credentials_id)
AttributeError: 'StageToRedshiftOperator' object has no attribute 'aws_credentials_id'
[2021-04-27 20:16:39,393] {taskinstance.py:1532} INFO - Marking task as UP_FOR_RETRY. dag_id=project_dag, task_id=Stage_songs, execution_date=20190701T000000, start_date=20210427T201632, end_date=20210427T201639
[2021-04-27 20:16:40,255] {local_task_job.py:146} INFO - Task exited with return code 1
[2021-04-27 20:33:00,468] {taskinstance.py:877} INFO - Dependencies all met for <TaskInstance: project_dag.Stage_songs 2019-07-01T00:00:00+00:00 [queued]>
[2021-04-27 20:33:01,584] {taskinstance.py:877} INFO - Dependencies all met for <TaskInstance: project_dag.Stage_songs 2019-07-01T00:00:00+00:00 [queued]>
[2021-04-27 20:33:01,585] {taskinstance.py:1068} INFO - 
--------------------------------------------------------------------------------
[2021-04-27 20:33:01,585] {taskinstance.py:1069} INFO - Starting attempt 1 of 2
[2021-04-27 20:33:01,585] {taskinstance.py:1070} INFO - 
--------------------------------------------------------------------------------
[2021-04-27 20:33:02,370] {taskinstance.py:1089} INFO - Executing <Task(StageToRedshiftOperator): Stage_songs> on 2019-07-01T00:00:00+00:00
[2021-04-27 20:33:02,615] {standard_task_runner.py:76} INFO - Running: ['airflow', 'tasks', 'run', 'project_dag', 'Stage_songs', '2019-07-01T00:00:00+00:00', '--job-id', '18', '--pool', 'default_pool', '--raw', '--subdir', 'DAGS_FOLDER/udac_example_dag.py', '--cfg-path', '/tmp/tmp9_9k0jsc', '--error-file', '/tmp/tmpwdlx7qwx']
[2021-04-27 20:33:02,628] {standard_task_runner.py:77} INFO - Job 18: Subtask Stage_songs
[2021-04-27 20:33:02,500] {standard_task_runner.py:52} INFO - Started process 79 to run task
[2021-04-27 20:33:05,517] {logging_mixin.py:104} INFO - Running <TaskInstance: project_dag.Stage_songs 2019-07-01T00:00:00+00:00 [running]> on host 478c7ec349b0
[2021-04-27 20:33:08,595] {taskinstance.py:1283} INFO - Exporting the following env vars:
AIRFLOW_CTX_DAG_EMAIL=ernestoffor@gmail.com.com
AIRFLOW_CTX_DAG_OWNER=udacity
AIRFLOW_CTX_DAG_ID=project_dag
AIRFLOW_CTX_TASK_ID=Stage_songs
AIRFLOW_CTX_EXECUTION_DATE=2019-07-01T00:00:00+00:00
AIRFLOW_CTX_DAG_RUN_ID=scheduled__2019-07-01T00:00:00+00:00
[2021-04-27 20:33:08,608] {stage_redshift.py:67} INFO - Start implementation of StageToRedshiftOperator
[2021-04-27 20:33:08,616] {stage_redshift.py:74} INFO - Preparing destination Redshift table
[2021-04-27 20:33:08,951] {base.py:78} INFO - Using connection to: id: redshift. Host: redshift.cxvwoeu3kuea.us-west-2.redshift.amazonaws.com, Port: 5439, Schema: dev, Login: awsuser, Password: XXXXXXXX, extra: None
[2021-04-27 20:33:10,567] {dbapi.py:180} INFO - Running statement: DELETE FROM staging_songs, parameters: None
[2021-04-27 20:33:11,016] {dbapi.py:186} INFO - Rows affected: 0
[2021-04-27 20:33:11,335] {stage_redshift.py:77} INFO - Getting data from S3 to Redshift
[2021-04-27 20:33:15,214] {taskinstance.py:1482} ERROR - Task failed with exception
Traceback (most recent call last):
  File "/home/airflow/.local/lib/python3.6/site-packages/airflow/models/taskinstance.py", line 1138, in _run_raw_task
    self._prepare_and_execute_task_with_callbacks(context, task)
  File "/home/airflow/.local/lib/python3.6/site-packages/airflow/models/taskinstance.py", line 1311, in _prepare_and_execute_task_with_callbacks
    result = self._execute_task(context, task_copy)
  File "/home/airflow/.local/lib/python3.6/site-packages/airflow/models/taskinstance.py", line 1341, in _execute_task
    result = task_copy.execute(context=context)
  File "/opt/airflow/plugins/operators/stage_redshift.py", line 83, in execute
    s3.get_credentials().access_key,
  File "/home/airflow/.local/lib/python3.6/site-packages/airflow/providers/amazon/aws/hooks/base_aws.py", line 478, in get_credentials
    return session.get_credentials().get_frozen_credentials()
AttributeError: 'NoneType' object has no attribute 'get_frozen_credentials'
[2021-04-27 20:33:15,229] {taskinstance.py:1532} INFO - Marking task as UP_FOR_RETRY. dag_id=project_dag, task_id=Stage_songs, execution_date=20190701T000000, start_date=20210427T203300, end_date=20210427T203315
[2021-04-27 20:33:16,972] {local_task_job.py:146} INFO - Task exited with return code 1
